#
# There is insufficient memory for the Java Runtime Environment to continue.
# Native memory allocation (malloc) failed to allocate 1464016 bytes for Chunk::new
# Possible reasons:
#   The system is out of physical RAM or swap space
#   The process is running with CompressedOops enabled, and the Java Heap may be blocking the growth of the native heap
# Possible solutions:
#   Reduce memory load on the system
#   Increase physical memory or swap space
#   Check if swap backing store is full
#   Decrease Java heap size (-Xmx/-Xms)
#   Decrease number of Java threads
#   Decrease Java thread stack sizes (-Xss)
#   Set larger code cache with -XX:ReservedCodeCacheSize=
#   JVM is running with Unscaled Compressed Oops mode in which the Java heap is
#     placed in the first 4GB address space. The Java Heap base address is the
#     maximum limit for the native heap growth. Please use -XX:HeapBaseMinAddress
#     to set the Java Heap base and to place the Java Heap above 4GB virtual address.
# This output file may be truncated or incomplete.
#
#  Out of Memory Error (./src/hotspot/share/memory/arena.cpp:197), pid=6796, tid=10016
#
# JRE version: OpenJDK Runtime Environment (11.0.8+10) (build 11.0.8+10-b944.6842174)
# Java VM: OpenJDK 64-Bit Server VM (11.0.8+10-b944.6842174, mixed mode, tiered, compressed oops, g1 gc, windows-amd64)
# No core dump will be written. Minidumps are not enabled by default on client versions of Windows
#

---------------  S U M M A R Y ------------

Command Line: --add-opens=java.base/java.util=ALL-UNNAMED --add-opens=java.base/java.lang=ALL-UNNAMED --add-opens=java.base/java.lang.invoke=ALL-UNNAMED --add-opens=java.prefs/java.util.prefs=ALL-UNNAMED -Xmx2048m -Dfile.encoding=UTF-8 -Duser.country=KR -Duser.language=ko -Duser.variant org.gradle.launcher.daemon.bootstrap.GradleDaemon 6.7.1

Host: AMD Ryzen 5 1600X Six-Core Processor           , 12 cores, 15G,  Windows 10 , 64 bit Build 19041 (10.0.19041.1023)
Time: Mon Jun 21 21:07:46 2021 대한민국 표준시 elapsed time: 1753 seconds (0d 0h 29m 13s)

---------------  T H R E A D  ---------------

Current thread (0x000001aac0c59000):  JavaThread "C2 CompilerThread2" daemon [_thread_in_native, id=10016, stack(0x0000003b34200000,0x0000003b34300000)]


Current CompileTask:
C2:1753457 18143       4       com.android.utils.XmlUtils::append (647 bytes)

Stack: [0x0000003b34200000,0x0000003b34300000]
Native frames: (J=compiled Java code, j=interpreted, Vv=VM code, C=native code)
V  [jvm.dll+0x5de50a]
V  [jvm.dll+0x7122f5]
V  [jvm.dll+0x71384d]
V  [jvm.dll+0x713f03]
V  [jvm.dll+0x23e728]
V  [jvm.dll+0xb899c]
V  [jvm.dll+0xb8e9c]
V  [jvm.dll+0x35020b]
V  [jvm.dll+0x193ebc]
V  [jvm.dll+0x1f780e]
V  [jvm.dll+0x1f68d4]
V  [jvm.dll+0x17f32c]
V  [jvm.dll+0x205047]
V  [jvm.dll+0x203891]
V  [jvm.dll+0x6dad3f]
V  [jvm.dll+0x6d3895]
V  [jvm.dll+0x5dd4a6]
C  [ucrtbase.dll+0x21bb2]
C  [KERNEL32.DLL+0x17034]
C  [ntdll.dll+0x52651]


---------------  P R O C E S S  ---------------

Threads class SMR info:
_java_thread_list=0x000001aabd80f4c0, length=163, elements={
0x000001aaa022a800, 0x000001aabb9d5800, 0x000001aabb9e0000, 0x000001aabba0b000,
0x000001aabba0c000, 0x000001aabba0f800, 0x000001aabba12800, 0x000001aabba1f800,
0x000001aabbb8b000, 0x000001aabbbec000, 0x000001aabd595800, 0x000001aabf131800,
0x000001aabd45f000, 0x000001aabe5a7800, 0x000001aabe5a7000, 0x000001aabe5a8800,
0x000001aabe5ab000, 0x000001aac1199000, 0x000001aac0c54000, 0x000001aabd53d000,
0x000001aabee43000, 0x000001aac0c4c800, 0x000001aac0c51800, 0x000001aac0c4d800,
0x000001aac0c4c000, 0x000001aac0c4f000, 0x000001aac0c50800, 0x000001aac0c4e800,
0x000001aac0c55000, 0x000001aac0c52800, 0x000001aac0c56800, 0x000001aac0c57800,
0x000001aac5cd0000, 0x000001aac0c58000, 0x000001aac0c59000, 0x000001aac0c55800,
0x000001aac0c53000, 0x000001aac0c5a800, 0x000001aac0c59800, 0x000001aac1196000,
0x000001aac1196800, 0x000001aac1198000, 0x000001aac1193800, 0x000001aac119a000,
0x000001aac1197800, 0x000001aac119a800, 0x000001aac1195000, 0x000001aac119f800,
0x000001aac11a0800, 0x000001aac119c800, 0x000001aac119e000, 0x000001aac11a1000,
0x000001aac119f000, 0x000001aac119b800, 0x000001aac11a2000, 0x000001aac119d000,
0x000001aabee3a000, 0x000001aabee39000, 0x000001aabee40800, 0x000001aabee3c800,
0x000001aabee3e000, 0x000001aabee3d000, 0x000001aabee3f000, 0x000001aabee3f800,
0x000001aabee3a800, 0x000001aabee43800, 0x000001aabee44800, 0x000001aabee46000,
0x000001aabee45800, 0x000001aabee47000, 0x000001aabee42000, 0x000001aabee41000,
0x000001aabee48000, 0x000001aabd534800, 0x000001aabd535800, 0x000001aabd536800,
0x000001aabd537000, 0x000001aabd538000, 0x000001aabd532000, 0x000001aabd538800,
0x000001aabd533000, 0x000001aabd539800, 0x000001aabd534000, 0x000001aabd53b000,
0x000001aabd53d800, 0x000001aabd53a800, 0x000001aabd53e800, 0x000001aabd53f000,
0x000001aabd53c000, 0x000001aabe5aa000, 0x000001aabe5a5000, 0x000001aabe5ab800,
0x000001aabe5a9000, 0x000001aabe5a6000, 0x000001aac0cc9000, 0x000001aac0ccd000,
0x000001aac0ccc000, 0x000001aac0cc7800, 0x000001aac0cc9800, 0x000001aac0cca800,
0x000001aac0ccb800, 0x000001aac0cce000, 0x000001aac0cc8000, 0x000001aac0cd3800,
0x000001aac0cd1000, 0x000001aac0cd0800, 0x000001aac0cd4800, 0x000001aac0cce800,
0x000001aac0ccf800, 0x000001aac0cd5000, 0x000001aac0cd6000, 0x000001aac0cd2000,
0x000001aac0cd2800, 0x000001aac1087800, 0x000001aac1083800, 0x000001aac1082800,
0x000001aac1085000, 0x000001aac1085800, 0x000001aac1086800, 0x000001aac1084000,
0x000001aac1081800, 0x000001aac1089000, 0x000001aac108a000, 0x000001aac108c000,
0x000001aac108a800, 0x000001aac108b800, 0x000001aac108e000, 0x000001aac108d000,
0x000001aac1088000, 0x000001aac108e800, 0x000001aac108f800, 0x000001aac1090800,
0x000001aac0e84800, 0x000001aac0e88800, 0x000001aac0e84000, 0x000001aac0e85800,
0x000001aac0e83000, 0x000001aac0e86800, 0x000001aac0e87000, 0x000001aac0e88000,
0x000001aac0e89800, 0x000001aac31a7000, 0x000001aac31a8800, 0x000001aac31ac000,
0x000001aac31a8000, 0x000001aac31a6000, 0x000001aac31af000, 0x000001aac31ab000,
0x000001aac31a9800, 0x000001aac31ac800, 0x000001aac31ad800, 0x000001aac31ae800,
0x000001aac31b0000, 0x000001aac31aa000, 0x000001aac31b1000, 0x000001aac31b3000,
0x000001aac31b1800, 0x000001aac31b2800, 0x000001aac31b5000, 0x000001aac0ca2000,
0x000001aac0ca2800, 0x000001aac0ca1000, 0x000001aac0ca3800
}

Java Threads: ( => current thread )
  0x000001aaa022a800 JavaThread "main" [_thread_blocked, id=15456, stack(0x0000003b31f00000,0x0000003b32000000)]
  0x000001aabb9d5800 JavaThread "Reference Handler" daemon [_thread_blocked, id=8444, stack(0x0000003b32600000,0x0000003b32700000)]
  0x000001aabb9e0000 JavaThread "Finalizer" daemon [_thread_blocked, id=12840, stack(0x0000003b32700000,0x0000003b32800000)]
  0x000001aabba0b000 JavaThread "Signal Dispatcher" daemon [_thread_blocked, id=3044, stack(0x0000003b32800000,0x0000003b32900000)]
  0x000001aabba0c000 JavaThread "Attach Listener" daemon [_thread_blocked, id=14744, stack(0x0000003b32900000,0x0000003b32a00000)]
  0x000001aabba0f800 JavaThread "C2 CompilerThread0" daemon [_thread_in_native, id=14608, stack(0x0000003b32a00000,0x0000003b32b00000)]
  0x000001aabba12800 JavaThread "C1 CompilerThread0" daemon [_thread_blocked, id=9612, stack(0x0000003b32b00000,0x0000003b32c00000)]
  0x000001aabba1f800 JavaThread "Sweeper thread" daemon [_thread_blocked, id=8200, stack(0x0000003b32c00000,0x0000003b32d00000)]
  0x000001aabbb8b000 JavaThread "Common-Cleaner" daemon [_thread_blocked, id=7072, stack(0x0000003b32d00000,0x0000003b32e00000)]
  0x000001aabbbec000 JavaThread "Service Thread" daemon [_thread_blocked, id=3092, stack(0x0000003b32e00000,0x0000003b32f00000)]
  0x000001aabd595800 JavaThread "Daemon health stats" [_thread_blocked, id=1276, stack(0x0000003b33700000,0x0000003b33800000)]
  0x000001aabf131800 JavaThread "Incoming local TCP Connector on port 3445" [_thread_in_native, id=852, stack(0x0000003b33a00000,0x0000003b33b00000)]
  0x000001aabd45f000 JavaThread "Daemon periodic checks" [_thread_blocked, id=5640, stack(0x0000003b33b00000,0x0000003b33c00000)]
  0x000001aabe5a7800 JavaThread "Cache worker for file hash cache (C:\Users\khang\.gradle\caches\6.7.1\fileHashes)" [_thread_blocked, id=1424, stack(0x0000003b34300000,0x0000003b34400000)]
  0x000001aabe5a7000 JavaThread "File lock request listener" [_thread_in_native, id=8344, stack(0x0000003b34400000,0x0000003b34500000)]
  0x000001aabe5a8800 JavaThread "Cache worker for journal cache (C:\Users\khang\.gradle\caches\journal-1)" [_thread_blocked, id=2748, stack(0x0000003b34b00000,0x0000003b34c00000)]
  0x000001aabe5ab000 JavaThread "Cache worker for execution history cache (C:\Users\khang\.gradle\caches\6.7.1\executionHistory)" [_thread_blocked, id=13604, stack(0x0000003b35000000,0x0000003b35100000)]
  0x000001aac1199000 JavaThread "Cache worker for file content cache (C:\Users\khang\.gradle\caches\6.7.1\fileContent)" [_thread_blocked, id=15848, stack(0x0000003b35200000,0x0000003b35300000)]
  0x000001aac0c54000 JavaThread "Memory manager" [_thread_blocked, id=6776, stack(0x0000003b3c000000,0x0000003b3c100000)]
  0x000001aabd53d000 JavaThread "Cache worker for Java compile cache (C:\Users\khang\.gradle\caches\6.7.1\javaCompile)" [_thread_blocked, id=5680, stack(0x0000003b3dc00000,0x0000003b3dd00000)]
  0x000001aabee43000 JavaThread "ForkJoinPool.commonPool-worker-31" daemon [_thread_blocked, id=11748, stack(0x0000003b3ed00000,0x0000003b3ee00000)]
  0x000001aac0c4c800 JavaThread "Daemon Thread 2" [_thread_blocked, id=15228, stack(0x0000003b31c00000,0x0000003b31d00000)]
  0x000001aac0c51800 JavaThread "Handler for socket connection from /127.0.0.1:3445 to /127.0.0.1:9981" [_thread_in_native, id=4392, stack(0x0000003b31d00000,0x0000003b31e00000)]
  0x000001aac0c4d800 JavaThread "Cancel handler" [_thread_blocked, id=11172, stack(0x0000003b31e00000,0x0000003b31f00000)]
  0x000001aac0c4c000 JavaThread "Daemon worker Thread 2" [_thread_blocked, id=13808, stack(0x0000003b33000000,0x0000003b33100000)]
  0x000001aac0c4f000 JavaThread "Asynchronous log dispatcher for DefaultDaemonConnection: socket connection from /127.0.0.1:3445 to /127.0.0.1:9981" [_thread_blocked, id=11224, stack(0x0000003b33100000,0x0000003b33200000)]
  0x000001aac0c50800 JavaThread "Stdin handler" [_thread_blocked, id=11952, stack(0x0000003b33800000,0x0000003b33900000)]
  0x000001aac0c4e800 JavaThread "Thread-165" [_thread_blocked, id=1692, stack(0x0000003b33900000,0x0000003b33a00000)]
  0x000001aac0c55000 JavaThread "Cache worker for file hash cache (D:\hg\SportsCalendar_android_0620_5_save\SportsCalendar_android_0620_5_save\.gradle\6.7.1\fileHashes)" [_thread_blocked, id=11312, stack(0x0000003b33c00000,0x0000003b33d00000)]
  0x000001aac0c52800 JavaThread "Cache worker for checksums cache (D:\hg\SportsCalendar_android_0620_5_save\SportsCalendar_android_0620_5_save\.gradle\checksums)" [_thread_blocked, id=13464, stack(0x0000003b33d00000,0x0000003b33e00000)]
  0x000001aac0c56800 JavaThread "Cache worker for cache directory md-supplier (C:\Users\khang\.gradle\caches\6.7.1\md-supplier)" [_thread_blocked, id=9884, stack(0x0000003b33e00000,0x0000003b33f00000)]
  0x000001aac0c57800 JavaThread "Cache worker for cache directory md-rule (C:\Users\khang\.gradle\caches\6.7.1\md-rule)" [_thread_blocked, id=9636, stack(0x0000003b33f00000,0x0000003b34000000)]
  0x000001aac5cd0000 JavaThread "C2 CompilerThread1" daemon [_thread_in_native, id=8684, stack(0x0000003b34000000,0x0000003b34100000)]
  0x000001aac0c58000 JavaThread "Cache worker for Build Output Cleanup Cache (D:\hg\SportsCalendar_android_0620_5_save\SportsCalendar_android_0620_5_save\.gradle\buildOutputCleanup)" [_thread_blocked, id=15088, stack(0x0000003b34100000,0x0000003b34200000)]
=>0x000001aac0c59000 JavaThread "C2 CompilerThread2" daemon [_thread_in_native, id=10016, stack(0x0000003b34200000,0x0000003b34300000)]
  0x000001aac0c55800 JavaThread "Build operations" [_thread_blocked, id=6272, stack(0x0000003b34c00000,0x0000003b34d00000)]
  0x000001aac0c53000 JavaThread "Build operations Thread 2" [_thread_in_native, id=12504, stack(0x0000003b34d00000,0x0000003b34e00000)]
  0x000001aac0c5a800 JavaThread "Build operations Thread 3" [_thread_blocked, id=3852, stack(0x0000003b34e00000,0x0000003b34f00000)]
  0x000001aac0c59800 JavaThread "Build operations Thread 4" [_thread_in_native, id=5868, stack(0x0000003b34f00000,0x0000003b35000000)]
  0x000001aac1196000 JavaThread "Build operations Thread 5" [_thread_blocked, id=268, stack(0x0000003b35100000,0x0000003b35200000)]
  0x000001aac1196800 JavaThread "Build operations Thread 6" [_thread_blocked, id=6916, stack(0x0000003b35300000,0x0000003b35400000)]
  0x000001aac1198000 JavaThread "Build operations Thread 7" [_thread_in_vm, id=4400, stack(0x0000003b35400000,0x0000003b35500000)]
  0x000001aac1193800 JavaThread "Build operations Thread 8" [_thread_in_native, id=14912, stack(0x0000003b35500000,0x0000003b35600000)]
  0x000001aac119a000 JavaThread "Build operations Thread 9" [_thread_in_Java, id=12600, stack(0x0000003b35600000,0x0000003b35700000)]
  0x000001aac1197800 JavaThread "Build operations Thread 10" [_thread_in_Java, id=5828, stack(0x0000003b35700000,0x0000003b35800000)]
  0x000001aac119a800 JavaThread "Build operations Thread 11" [_thread_in_native, id=6888, stack(0x0000003b35800000,0x0000003b35900000)]
  0x000001aac1195000 JavaThread "Build operations Thread 12" [_thread_in_Java, id=15680, stack(0x0000003b35900000,0x0000003b35a00000)]
  0x000001aac119f800 JavaThread "jar transforms Thread 98" [_thread_blocked, id=8900, stack(0x0000003b35a00000,0x0000003b35b00000)]
  0x000001aac11a0800 JavaThread "jar transforms Thread 99" [_thread_blocked, id=12156, stack(0x0000003b35b00000,0x0000003b35c00000)]
  0x000001aac119c800 JavaThread "jar transforms Thread 100" [_thread_blocked, id=14300, stack(0x0000003b35c00000,0x0000003b35d00000)]
  0x000001aac119e000 JavaThread "jar transforms Thread 101" [_thread_blocked, id=8876, stack(0x0000003b35d00000,0x0000003b35e00000)]
  0x000001aac11a1000 JavaThread "jar transforms Thread 102" [_thread_blocked, id=13364, stack(0x0000003b35e00000,0x0000003b35f00000)]
  0x000001aac119f000 JavaThread "jar transforms Thread 103" [_thread_blocked, id=8588, stack(0x0000003b35f00000,0x0000003b36000000)]
  0x000001aac119b800 JavaThread "jar transforms Thread 104" [_thread_blocked, id=14840, stack(0x0000003b36000000,0x0000003b36100000)]
  0x000001aac11a2000 JavaThread "jar transforms Thread 105" [_thread_blocked, id=9480, stack(0x0000003b36100000,0x0000003b36200000)]
  0x000001aac119d000 JavaThread "jar transforms Thread 106" [_thread_blocked, id=2356, stack(0x0000003b36200000,0x0000003b36300000)]
  0x000001aabee3a000 JavaThread "jar transforms Thread 107" [_thread_blocked, id=7324, stack(0x0000003b36300000,0x0000003b36400000)]
  0x000001aabee39000 JavaThread "jar transforms Thread 108" [_thread_blocked, id=1188, stack(0x0000003b36400000,0x0000003b36500000)]
  0x000001aabee40800 JavaThread "jar transforms Thread 109" [_thread_blocked, id=1456, stack(0x0000003b36500000,0x0000003b36600000)]
  0x000001aabee3c800 JavaThread "jar transforms Thread 110" [_thread_blocked, id=4456, stack(0x0000003b36600000,0x0000003b36700000)]
  0x000001aabee3e000 JavaThread "jar transforms Thread 111" [_thread_blocked, id=1704, stack(0x0000003b36700000,0x0000003b36800000)]
  0x000001aabee3d000 JavaThread "jar transforms Thread 112" [_thread_blocked, id=8360, stack(0x0000003b36800000,0x0000003b36900000)]
  0x000001aabee3f000 JavaThread "jar transforms Thread 113" [_thread_blocked, id=3700, stack(0x0000003b36900000,0x0000003b36a00000)]
  0x000001aabee3f800 JavaThread "jar transforms Thread 114" [_thread_blocked, id=16208, stack(0x0000003b36a00000,0x0000003b36b00000)]
  0x000001aabee3a800 JavaThread "jar transforms Thread 115" [_thread_blocked, id=7068, stack(0x0000003b36b00000,0x0000003b36c00000)]
  0x000001aabee43800 JavaThread "jar transforms Thread 116" [_thread_blocked, id=8276, stack(0x0000003b36c00000,0x0000003b36d00000)]
  0x000001aabee44800 JavaThread "jar transforms Thread 117" [_thread_blocked, id=13624, stack(0x0000003b36d00000,0x0000003b36e00000)]
  0x000001aabee46000 JavaThread "jar transforms Thread 118" [_thread_blocked, id=1440, stack(0x0000003b36e00000,0x0000003b36f00000)]
  0x000001aabee45800 JavaThread "jar transforms Thread 119" [_thread_blocked, id=8664, stack(0x0000003b36f00000,0x0000003b37000000)]
  0x000001aabee47000 JavaThread "jar transforms Thread 120" [_thread_blocked, id=16220, stack(0x0000003b37000000,0x0000003b37100000)]
  0x000001aabee42000 JavaThread "jar transforms Thread 121" [_thread_blocked, id=10752, stack(0x0000003b37100000,0x0000003b37200000)]
  0x000001aabee41000 JavaThread "jar transforms Thread 122" [_thread_blocked, id=5184, stack(0x0000003b37200000,0x0000003b37300000)]
  0x000001aabee48000 JavaThread "jar transforms Thread 123" [_thread_blocked, id=1044, stack(0x0000003b37300000,0x0000003b37400000)]
  0x000001aabd534800 JavaThread "jar transforms Thread 124" [_thread_blocked, id=3176, stack(0x0000003b37400000,0x0000003b37500000)]
  0x000001aabd535800 JavaThread "jar transforms Thread 125" [_thread_blocked, id=15448, stack(0x0000003b37500000,0x0000003b37600000)]
  0x000001aabd536800 JavaThread "jar transforms Thread 126" [_thread_blocked, id=13348, stack(0x0000003b37600000,0x0000003b37700000)]
  0x000001aabd537000 JavaThread "jar transforms Thread 127" [_thread_blocked, id=14736, stack(0x0000003b37700000,0x0000003b37800000)]
  0x000001aabd538000 JavaThread "jar transforms Thread 128" [_thread_blocked, id=5552, stack(0x0000003b37800000,0x0000003b37900000)]
  0x000001aabd532000 JavaThread "jar transforms Thread 129" [_thread_blocked, id=11068, stack(0x0000003b37900000,0x0000003b37a00000)]
  0x000001aabd538800 JavaThread "jar transforms Thread 130" [_thread_blocked, id=9788, stack(0x0000003b37a00000,0x0000003b37b00000)]
  0x000001aabd533000 JavaThread "jar transforms Thread 131" [_thread_blocked, id=8064, stack(0x0000003b37b00000,0x0000003b37c00000)]
  0x000001aabd539800 JavaThread "jar transforms Thread 132" [_thread_blocked, id=9420, stack(0x0000003b37c00000,0x0000003b37d00000)]
  0x000001aabd534000 JavaThread "jar transforms Thread 133" [_thread_blocked, id=10980, stack(0x0000003b37d00000,0x0000003b37e00000)]
  0x000001aabd53b000 JavaThread "jar transforms Thread 134" [_thread_blocked, id=14088, stack(0x0000003b37e00000,0x0000003b37f00000)]
  0x000001aabd53d800 JavaThread "jar transforms Thread 135" [_thread_blocked, id=9896, stack(0x0000003b37f00000,0x0000003b38000000)]
  0x000001aabd53a800 JavaThread "jar transforms Thread 136" [_thread_blocked, id=3624, stack(0x0000003b38000000,0x0000003b38100000)]
  0x000001aabd53e800 JavaThread "jar transforms Thread 137" [_thread_blocked, id=10860, stack(0x0000003b38100000,0x0000003b38200000)]
  0x000001aabd53f000 JavaThread "jar transforms Thread 138" [_thread_blocked, id=5152, stack(0x0000003b38200000,0x0000003b38300000)]
  0x000001aabd53c000 JavaThread "jar transforms Thread 139" [_thread_blocked, id=4876, stack(0x0000003b38300000,0x0000003b38400000)]
  0x000001aabe5aa000 JavaThread "jar transforms Thread 140" [_thread_blocked, id=3316, stack(0x0000003b38400000,0x0000003b38500000)]
  0x000001aabe5a5000 JavaThread "jar transforms Thread 141" [_thread_blocked, id=16264, stack(0x0000003b38500000,0x0000003b38600000)]
  0x000001aabe5ab800 JavaThread "jar transforms Thread 142" [_thread_blocked, id=3508, stack(0x0000003b38600000,0x0000003b38700000)]
  0x000001aabe5a9000 JavaThread "jar transforms Thread 143" [_thread_blocked, id=16300, stack(0x0000003b38700000,0x0000003b38800000)]
  0x000001aabe5a6000 JavaThread "jar transforms Thread 144" [_thread_blocked, id=13628, stack(0x0000003b38800000,0x0000003b38900000)]
  0x000001aac0cc9000 JavaThread "jar transforms Thread 145" [_thread_blocked, id=1888, stack(0x0000003b38900000,0x0000003b38a00000)]
  0x000001aac0ccd000 JavaThread "jar transforms Thread 146" [_thread_blocked, id=12332, stack(0x0000003b38a00000,0x0000003b38b00000)]
  0x000001aac0ccc000 JavaThread "jar transforms Thread 147" [_thread_blocked, id=15104, stack(0x0000003b38b00000,0x0000003b38c00000)]
  0x000001aac0cc7800 JavaThread "jar transforms Thread 148" [_thread_blocked, id=8136, stack(0x0000003b38c00000,0x0000003b38d00000)]
  0x000001aac0cc9800 JavaThread "jar transforms Thread 149" [_thread_blocked, id=12820, stack(0x0000003b38d00000,0x0000003b38e00000)]
  0x000001aac0cca800 JavaThread "jar transforms Thread 150" [_thread_blocked, id=5656, stack(0x0000003b38e00000,0x0000003b38f00000)]
  0x000001aac0ccb800 JavaThread "jar transforms Thread 151" [_thread_blocked, id=12988, stack(0x0000003b38f00000,0x0000003b39000000)]
  0x000001aac0cce000 JavaThread "jar transforms Thread 152" [_thread_blocked, id=15280, stack(0x0000003b39000000,0x0000003b39100000)]
  0x000001aac0cc8000 JavaThread "jar transforms Thread 153" [_thread_blocked, id=2260, stack(0x0000003b39100000,0x0000003b39200000)]
  0x000001aac0cd3800 JavaThread "jar transforms Thread 154" [_thread_blocked, id=9624, stack(0x0000003b39200000,0x0000003b39300000)]
  0x000001aac0cd1000 JavaThread "jar transforms Thread 155" [_thread_blocked, id=13672, stack(0x0000003b39300000,0x0000003b39400000)]
  0x000001aac0cd0800 JavaThread "jar transforms Thread 156" [_thread_blocked, id=1120, stack(0x0000003b39400000,0x0000003b39500000)]
  0x000001aac0cd4800 JavaThread "jar transforms Thread 157" [_thread_blocked, id=16056, stack(0x0000003b39500000,0x0000003b39600000)]
  0x000001aac0cce800 JavaThread "jar transforms Thread 158" [_thread_blocked, id=15480, stack(0x0000003b39600000,0x0000003b39700000)]
  0x000001aac0ccf800 JavaThread "jar transforms Thread 159" [_thread_blocked, id=7160, stack(0x0000003b39700000,0x0000003b39800000)]
  0x000001aac0cd5000 JavaThread "jar transforms Thread 160" [_thread_blocked, id=15096, stack(0x0000003b39800000,0x0000003b39900000)]
  0x000001aac0cd6000 JavaThread "jar transforms Thread 161" [_thread_blocked, id=1300, stack(0x0000003b39900000,0x0000003b39a00000)]
  0x000001aac0cd2000 JavaThread "jar transforms Thread 162" [_thread_blocked, id=10484, stack(0x0000003b39a00000,0x0000003b39b00000)]
  0x000001aac0cd2800 JavaThread "jar transforms Thread 163" [_thread_blocked, id=3120, stack(0x0000003b39b00000,0x0000003b39c00000)]
  0x000001aac1087800 JavaThread "jar transforms Thread 164" [_thread_blocked, id=8356, stack(0x0000003b39c00000,0x0000003b39d00000)]
  0x000001aac1083800 JavaThread "jar transforms Thread 165" [_thread_blocked, id=10164, stack(0x0000003b39d00000,0x0000003b39e00000)]
  0x000001aac1082800 JavaThread "jar transforms Thread 166" [_thread_blocked, id=5784, stack(0x0000003b39e00000,0x0000003b39f00000)]
  0x000001aac1085000 JavaThread "jar transforms Thread 167" [_thread_blocked, id=11900, stack(0x0000003b39f00000,0x0000003b3a000000)]
  0x000001aac1085800 JavaThread "jar transforms Thread 168" [_thread_blocked, id=13476, stack(0x0000003b3a000000,0x0000003b3a100000)]
  0x000001aac1086800 JavaThread "jar transforms Thread 169" [_thread_blocked, id=1168, stack(0x0000003b3a100000,0x0000003b3a200000)]
  0x000001aac1084000 JavaThread "jar transforms Thread 170" [_thread_blocked, id=2788, stack(0x0000003b3a200000,0x0000003b3a300000)]
  0x000001aac1081800 JavaThread "jar transforms Thread 171" [_thread_blocked, id=11268, stack(0x0000003b3a300000,0x0000003b3a400000)]
  0x000001aac1089000 JavaThread "jar transforms Thread 172" [_thread_blocked, id=9932, stack(0x0000003b3a400000,0x0000003b3a500000)]
  0x000001aac108a000 JavaThread "jar transforms Thread 173" [_thread_blocked, id=12128, stack(0x0000003b3a500000,0x0000003b3a600000)]
  0x000001aac108c000 JavaThread "jar transforms Thread 174" [_thread_blocked, id=9028, stack(0x0000003b3a600000,0x0000003b3a700000)]
  0x000001aac108a800 JavaThread "jar transforms Thread 175" [_thread_blocked, id=9892, stack(0x0000003b3a700000,0x0000003b3a800000)]
  0x000001aac108b800 JavaThread "jar transforms Thread 176" [_thread_blocked, id=12668, stack(0x0000003b3a800000,0x0000003b3a900000)]
  0x000001aac108e000 JavaThread "jar transforms Thread 177" [_thread_blocked, id=1980, stack(0x0000003b3a900000,0x0000003b3aa00000)]
  0x000001aac108d000 JavaThread "jar transforms Thread 178" [_thread_blocked, id=5668, stack(0x0000003b3aa00000,0x0000003b3ab00000)]
  0x000001aac1088000 JavaThread "jar transforms Thread 179" [_thread_blocked, id=9672, stack(0x0000003b3ab00000,0x0000003b3ac00000)]
  0x000001aac108e800 JavaThread "jar transforms Thread 180" [_thread_blocked, id=9844, stack(0x0000003b3ac00000,0x0000003b3ad00000)]
  0x000001aac108f800 JavaThread "jar transforms Thread 181" [_thread_blocked, id=11512, stack(0x0000003b3ad00000,0x0000003b3ae00000)]
  0x000001aac1090800 JavaThread "jar transforms Thread 182" [_thread_blocked, id=8640, stack(0x0000003b3ae00000,0x0000003b3af00000)]
  0x000001aac0e84800 JavaThread "jar transforms Thread 183" [_thread_blocked, id=1668, stack(0x0000003b3af00000,0x0000003b3b000000)]
  0x000001aac0e88800 JavaThread "jar transforms Thread 184" [_thread_blocked, id=1464, stack(0x0000003b3b000000,0x0000003b3b100000)]
  0x000001aac0e84000 JavaThread "jar transforms Thread 185" [_thread_blocked, id=15276, stack(0x0000003b3b100000,0x0000003b3b200000)]
  0x000001aac0e85800 JavaThread "jar transforms Thread 186" [_thread_blocked, id=12800, stack(0x0000003b3b200000,0x0000003b3b300000)]
  0x000001aac0e83000 JavaThread "jar transforms Thread 187" [_thread_blocked, id=9168, stack(0x0000003b3b300000,0x0000003b3b400000)]
  0x000001aac0e86800 JavaThread "jar transforms Thread 188" [_thread_blocked, id=5232, stack(0x0000003b3b400000,0x0000003b3b500000)]
  0x000001aac0e87000 JavaThread "jar transforms Thread 189" [_thread_blocked, id=7432, stack(0x0000003b3b500000,0x0000003b3b600000)]
  0x000001aac0e88000 JavaThread "jar transforms Thread 190" [_thread_blocked, id=12884, stack(0x0000003b3b600000,0x0000003b3b700000)]
  0x000001aac0e89800 JavaThread "jar transforms Thread 191" [_thread_blocked, id=10844, stack(0x0000003b3b700000,0x0000003b3b800000)]
  0x000001aac31a7000 JavaThread "jar transforms Thread 192" [_thread_blocked, id=13252, stack(0x0000003b3b800000,0x0000003b3b900000)]
  0x000001aac31a8800 JavaThread "jar transforms Thread 193" [_thread_blocked, id=10892, stack(0x0000003b3b900000,0x0000003b3ba00000)]
  0x000001aac31ac000 JavaThread "jar transforms Thread 194" [_thread_blocked, id=4388, stack(0x0000003b3ba00000,0x0000003b3bb00000)]
  0x000001aac31a8000 JavaThread "build event listener" [_thread_blocked, id=4136, stack(0x0000003b3bb00000,0x0000003b3bc00000)]
  0x000001aac31a6000 JavaThread "build event listener" [_thread_blocked, id=9176, stack(0x0000003b3bc00000,0x0000003b3bd00000)]
  0x000001aac31af000 JavaThread "Execution worker for ':'" [_thread_blocked, id=10368, stack(0x0000003b3bd00000,0x0000003b3be00000)]
  0x000001aac31ab000 JavaThread "Execution worker for ':' Thread 2" [_thread_blocked, id=2828, stack(0x0000003b3be00000,0x0000003b3bf00000)]
  0x000001aac31a9800 JavaThread "Execution worker for ':' Thread 3" [_thread_blocked, id=10968, stack(0x0000003b3bf00000,0x0000003b3c000000)]
  0x000001aac31ac800 JavaThread "Execution worker for ':' Thread 4" [_thread_blocked, id=14528, stack(0x0000003b3c400000,0x0000003b3c500000)]
  0x000001aac31ad800 JavaThread "Execution worker for ':' Thread 5" [_thread_blocked, id=6340, stack(0x0000003b3c500000,0x0000003b3c600000)]
  0x000001aac31ae800 JavaThread "Execution worker for ':' Thread 6" [_thread_in_Java, id=8076, stack(0x0000003b3c600000,0x0000003b3c700000)]
  0x000001aac31b0000 JavaThread "Execution worker for ':' Thread 7" [_thread_blocked, id=424, stack(0x0000003b3c700000,0x0000003b3c800000)]
  0x000001aac31aa000 JavaThread "Execution worker for ':' Thread 8" [_thread_blocked, id=9764, stack(0x0000003b3c800000,0x0000003b3c900000)]
  0x000001aac31b1000 JavaThread "Execution worker for ':' Thread 9" [_thread_blocked, id=10328, stack(0x0000003b3c900000,0x0000003b3ca00000)]
  0x000001aac31b3000 JavaThread "Execution worker for ':' Thread 10" [_thread_blocked, id=7768, stack(0x0000003b3ca00000,0x0000003b3cb00000)]
  0x000001aac31b1800 JavaThread "Execution worker for ':' Thread 11" [_thread_blocked, id=168, stack(0x0000003b3cb00000,0x0000003b3cc00000)]
  0x000001aac31b2800 JavaThread "Cache worker for execution history cache (D:\hg\SportsCalendar_android_0620_5_save\SportsCalendar_android_0620_5_save\.gradle\6.7.1\executionHistory)" [_thread_blocked, id=4780, stack(0x0000003b3cc00000,0x0000003b3cd00000)]
  0x000001aac31b5000 JavaThread "WorkerExecutor Queue" [_thread_blocked, id=16028, stack(0x0000003b3cd00000,0x0000003b3ce00000)]
  0x000001aac0ca2000 JavaThread "WorkerExecutor Queue Thread 2" [_thread_blocked, id=1340, stack(0x0000003b3ce00000,0x0000003b3cf00000)]
  0x000001aac0ca2800 JavaThread "pool-9-thread-1" [_thread_blocked, id=6972, stack(0x0000003b3cf00000,0x0000003b3d000000)]
  0x000001aac0ca1000 JavaThread "stderr" [_thread_in_native, id=4116, stack(0x0000003b3d000000,0x0000003b3d100000)]
  0x000001aac0ca3800 JavaThread "stdout" [_thread_in_native, id=15492, stack(0x0000003b3d100000,0x0000003b3d200000)]

Other Threads:
  0x000001aabb98e800 VMThread "VM Thread" [stack: 0x0000003b32500000,0x0000003b32600000] [id=12508]
  0x000001aabbbef000 WatcherThread [stack: 0x0000003b32f00000,0x0000003b33000000] [id=12416]
  0x000001aaa0242000 GCTaskThread "GC Thread#0" [stack: 0x0000003b32000000,0x0000003b32100000] [id=12260]
  0x000001aabc7b2000 GCTaskThread "GC Thread#1" [stack: 0x0000003b33200000,0x0000003b33300000] [id=10264]
  0x000001aabc7cf800 GCTaskThread "GC Thread#2" [stack: 0x0000003b33300000,0x0000003b33400000] [id=15232]
  0x000001aabca37000 GCTaskThread "GC Thread#3" [stack: 0x0000003b33400000,0x0000003b33500000] [id=14624]
  0x000001aabc73e800 GCTaskThread "GC Thread#4" [stack: 0x0000003b33500000,0x0000003b33600000] [id=3760]
  0x000001aabc841800 GCTaskThread "GC Thread#5" [stack: 0x0000003b33600000,0x0000003b33700000] [id=1460]
  0x000001aabdb3e800 GCTaskThread "GC Thread#6" [stack: 0x0000003b34500000,0x0000003b34600000] [id=8340]
  0x000001aabdc3b800 GCTaskThread "GC Thread#7" [stack: 0x0000003b34600000,0x0000003b34700000] [id=928]
  0x000001aabcf90800 GCTaskThread "GC Thread#8" [stack: 0x0000003b34700000,0x0000003b34800000] [id=13232]
  0x000001aabcdbc800 GCTaskThread "GC Thread#9" [stack: 0x0000003b34800000,0x0000003b34900000] [id=15972]
  0x000001aaa0272800 ConcurrentGCThread "G1 Main Marker" [stack: 0x0000003b32100000,0x0000003b32200000] [id=10100]
  0x000001aaa0275000 ConcurrentGCThread "G1 Conc#0" [stack: 0x0000003b32200000,0x0000003b32300000] [id=13340]
  0x000001aabceea800 ConcurrentGCThread "G1 Conc#1" [stack: 0x0000003b34900000,0x0000003b34a00000] [id=14672]
  0x000001aabcc81800 ConcurrentGCThread "G1 Conc#2" [stack: 0x0000003b34a00000,0x0000003b34b00000] [id=6824]
  0x000001aabafed800 ConcurrentGCThread "G1 Refine#0" [stack: 0x0000003b32300000,0x0000003b32400000] [id=10496]
  0x000001aac1048800 ConcurrentGCThread "G1 Refine#1" [stack: 0x0000003b3c100000,0x0000003b3c200000] [id=1580]
  0x000001aac3ed1000 ConcurrentGCThread "G1 Refine#2" [stack: 0x0000003b3c200000,0x0000003b3c300000] [id=8932]
  0x000001aac3e79800 ConcurrentGCThread "G1 Refine#3" [stack: 0x0000003b3c300000,0x0000003b3c400000] [id=5624]
  0x000001aabd51f000 ConcurrentGCThread "G1 Refine#4" [stack: 0x0000003b3d200000,0x0000003b3d300000] [id=3456]
  0x000001aac27ea000 ConcurrentGCThread "G1 Refine#5" [stack: 0x0000003b3d300000,0x0000003b3d400000] [id=9292]
  0x000001aac4685000 ConcurrentGCThread "G1 Refine#6" [stack: 0x0000003b3d400000,0x0000003b3d500000] [id=11768]
  0x000001aac4686800 ConcurrentGCThread "G1 Refine#7" [stack: 0x0000003b3d500000,0x0000003b3d600000] [id=12244]
  0x000001aabafee000 ConcurrentGCThread "G1 Young RemSet Sampling" [stack: 0x0000003b32400000,0x0000003b32500000] [id=12904]

Threads with active compile tasks:
C2 CompilerThread01753487 18379   !   4       org.gradle.internal.action.InstantiatingAction::execute (154 bytes)
C2 CompilerThread11753487 18402       4       org.gradle.internal.snapshot.AbstractIncompleteSnapshotWithChildren::store (26 bytes)
C2 CompilerThread21753487 18143       4       com.android.utils.XmlUtils::append (647 bytes)

VM state:not at safepoint (normal execution)

VM Mutex/Monitor currently owned by a thread: None

Heap address: 0x0000000080000000, size: 2048 MB, Compressed Oops mode: 32-bit
Narrow klass base: 0x0000000000000000, Narrow klass shift: 3
Compressed class space size: 1073741824 Address: 0x0000000100000000

Heap:
 garbage-first heap   total 262144K, used 125861K [0x0000000080000000, 0x0000000100000000)
  region size 1024K, 10 young (10240K), 3 survivors (3072K)
 Metaspace       used 116558K, capacity 119313K, committed 122540K, reserved 1155072K
  class space    used 14508K, capacity 15478K, committed 16812K, reserved 1048576K
Heap Regions: E=young(eden), S=young(survivor), O=old, HS=humongous(starts), HC=humongous(continues), CS=collection set, F=free, A=archive, TAMS=top-at-mark-start (previous, next)
|   0|0x0000000080000000, 0x0000000080100000, 0x0000000080100000|100%| O|  |TAMS 0x0000000080100000, 0x0000000080000000| Untracked 
|   1|0x0000000080100000, 0x0000000080200000, 0x0000000080200000|100%| O|  |TAMS 0x0000000080200000, 0x0000000080100000| Untracked 
|   2|0x0000000080200000, 0x0000000080300000, 0x0000000080300000|100%| O|  |TAMS 0x0000000080300000, 0x0000000080200000| Untracked 
|   3|0x0000000080300000, 0x0000000080400000, 0x0000000080400000|100%|HS|  |TAMS 0x0000000080400000, 0x0000000080300000| Complete 
|   4|0x0000000080400000, 0x0000000080500000, 0x0000000080500000|100%|HC|  |TAMS 0x0000000080500000, 0x0000000080400000| Complete 
|   5|0x0000000080500000, 0x0000000080600000, 0x0000000080600000|100%|HC|  |TAMS 0x0000000080600000, 0x0000000080500000| Complete 
|   6|0x0000000080600000, 0x0000000080700000, 0x0000000080700000|100%| O|  |TAMS 0x0000000080700000, 0x0000000080600000| Untracked 
|   7|0x0000000080700000, 0x0000000080800000, 0x0000000080800000|100%| O|  |TAMS 0x0000000080800000, 0x0000000080700000| Untracked 
|   8|0x0000000080800000, 0x0000000080900000, 0x0000000080900000|100%| O|  |TAMS 0x0000000080900000, 0x0000000080800000| Untracked 
|   9|0x0000000080900000, 0x0000000080a00000, 0x0000000080a00000|100%| O|  |TAMS 0x0000000080a00000, 0x0000000080900000| Untracked 
|  10|0x0000000080a00000, 0x0000000080b00000, 0x0000000080b00000|100%| O|  |TAMS 0x0000000080b00000, 0x0000000080a00000| Untracked 
|  11|0x0000000080b00000, 0x0000000080c00000, 0x0000000080c00000|100%| O|  |TAMS 0x0000000080c00000, 0x0000000080b00000| Untracked 
|  12|0x0000000080c00000, 0x0000000080d00000, 0x0000000080d00000|100%| O|  |TAMS 0x0000000080d00000, 0x0000000080c00000| Untracked 
|  13|0x0000000080d00000, 0x0000000080e00000, 0x0000000080e00000|100%| O|  |TAMS 0x0000000080e00000, 0x0000000080d00000| Untracked 
|  14|0x0000000080e00000, 0x0000000080f00000, 0x0000000080f00000|100%| O|  |TAMS 0x0000000080f00000, 0x0000000080e00000| Untracked 
|  15|0x0000000080f00000, 0x0000000081000000, 0x0000000081000000|100%| O|  |TAMS 0x0000000081000000, 0x0000000080f00000| Untracked 
|  16|0x0000000081000000, 0x0000000081100000, 0x0000000081100000|100%|HS|  |TAMS 0x0000000081100000, 0x0000000081000000| Complete 
|  17|0x0000000081100000, 0x0000000081200000, 0x0000000081200000|100%|HS|  |TAMS 0x0000000081200000, 0x0000000081100000| Complete 
|  18|0x0000000081200000, 0x0000000081300000, 0x0000000081300000|100%|HC|  |TAMS 0x0000000081300000, 0x0000000081200000| Complete 
|  19|0x0000000081300000, 0x0000000081400000, 0x0000000081400000|100%| O|  |TAMS 0x0000000081400000, 0x0000000081300000| Untracked 
|  20|0x0000000081400000, 0x0000000081500000, 0x0000000081500000|100%| O|  |TAMS 0x0000000081500000, 0x0000000081400000| Untracked 
|  21|0x0000000081500000, 0x0000000081600000, 0x0000000081600000|100%| O|  |TAMS 0x0000000081600000, 0x0000000081500000| Complete 
|  22|0x0000000081600000, 0x0000000081700000, 0x0000000081700000|100%| O|  |TAMS 0x0000000081700000, 0x0000000081600000| Untracked 
|  23|0x0000000081700000, 0x0000000081800000, 0x0000000081800000|100%| O|  |TAMS 0x0000000081800000, 0x0000000081700000| Untracked 
|  24|0x0000000081800000, 0x0000000081900000, 0x0000000081900000|100%| O|  |TAMS 0x0000000081900000, 0x0000000081800000| Untracked 
|  25|0x0000000081900000, 0x0000000081a00000, 0x0000000081a00000|100%| O|  |TAMS 0x0000000081a00000, 0x0000000081900000| Untracked 
|  26|0x0000000081a00000, 0x0000000081b00000, 0x0000000081b00000|100%| O|  |TAMS 0x0000000081b00000, 0x0000000081a00000| Untracked 
|  27|0x0000000081b00000, 0x0000000081c00000, 0x0000000081c00000|100%| O|  |TAMS 0x0000000081c00000, 0x0000000081b00000| Untracked 
|  28|0x0000000081c00000, 0x0000000081d00000, 0x0000000081d00000|100%| O|  |TAMS 0x0000000081d00000, 0x0000000081c00000| Untracked 
|  29|0x0000000081d00000, 0x0000000081e00000, 0x0000000081e00000|100%| O|  |TAMS 0x0000000081e00000, 0x0000000081d00000| Untracked 
|  30|0x0000000081e00000, 0x0000000081f00000, 0x0000000081f00000|100%| O|  |TAMS 0x0000000081f00000, 0x0000000081e00000| Untracked 
|  31|0x0000000081f00000, 0x0000000082000000, 0x0000000082000000|100%| O|  |TAMS 0x0000000082000000, 0x0000000081f00000| Untracked 
|  32|0x0000000082000000, 0x0000000082100000, 0x0000000082100000|100%| O|  |TAMS 0x0000000082100000, 0x0000000082000000| Complete 
|  33|0x0000000082100000, 0x0000000082200000, 0x0000000082200000|100%| O|  |TAMS 0x0000000082200000, 0x0000000082100000| Complete 
|  34|0x0000000082200000, 0x0000000082300000, 0x0000000082300000|100%| O|  |TAMS 0x0000000082300000, 0x0000000082200000| Complete 
|  35|0x0000000082300000, 0x0000000082400000, 0x0000000082400000|100%| O|  |TAMS 0x0000000082400000, 0x0000000082300000| Untracked 
|  36|0x0000000082400000, 0x0000000082500000, 0x0000000082500000|100%| O|  |TAMS 0x0000000082500000, 0x0000000082400000| Untracked 
|  37|0x0000000082500000, 0x0000000082600000, 0x0000000082600000|100%| O|  |TAMS 0x0000000082600000, 0x0000000082500000| Untracked 
|  38|0x0000000082600000, 0x0000000082700000, 0x0000000082700000|100%| O|  |TAMS 0x0000000082700000, 0x0000000082600000| Untracked 
|  39|0x0000000082700000, 0x0000000082800000, 0x0000000082800000|100%| O|  |TAMS 0x0000000082800000, 0x0000000082700000| Complete 
|  40|0x0000000082800000, 0x0000000082900000, 0x0000000082900000|100%| O|  |TAMS 0x0000000082900000, 0x0000000082800000| Complete 
|  41|0x0000000082900000, 0x0000000082a00000, 0x0000000082a00000|100%| O|  |TAMS 0x0000000082a00000, 0x0000000082900000| Complete 
|  42|0x0000000082a00000, 0x0000000082b00000, 0x0000000082b00000|100%| O|  |TAMS 0x0000000082b00000, 0x0000000082a00000| Complete 
|  43|0x0000000082b00000, 0x0000000082c00000, 0x0000000082c00000|100%| O|  |TAMS 0x0000000082c00000, 0x0000000082b00000| Untracked 
|  44|0x0000000082c00000, 0x0000000082d00000, 0x0000000082d00000|100%| O|  |TAMS 0x0000000082d00000, 0x0000000082c00000| Untracked 
|  45|0x0000000082d00000, 0x0000000082e00000, 0x0000000082e00000|100%| O|  |TAMS 0x0000000082e00000, 0x0000000082d00000| Complete 
|  46|0x0000000082e00000, 0x0000000082f00000, 0x0000000082f00000|100%| O|  |TAMS 0x0000000082f00000, 0x0000000082e00000| Complete 
|  47|0x0000000082f00000, 0x0000000083000000, 0x0000000083000000|100%| O|  |TAMS 0x0000000083000000, 0x0000000082f00000| Complete 
|  48|0x0000000083000000, 0x0000000083100000, 0x0000000083100000|100%| O|  |TAMS 0x0000000083100000, 0x0000000083000000| Complete 
|  49|0x0000000083100000, 0x0000000083200000, 0x0000000083200000|100%| O|  |TAMS 0x0000000083100000, 0x0000000083100000| Untracked 
|  50|0x0000000083200000, 0x0000000083300000, 0x0000000083300000|100%| O|  |TAMS 0x0000000083200000, 0x0000000083200000| Untracked 
|  51|0x0000000083300000, 0x0000000083400000, 0x0000000083400000|100%| O|  |TAMS 0x0000000083300000, 0x0000000083300000| Untracked 
|  52|0x0000000083400000, 0x0000000083500000, 0x0000000083500000|100%| O|  |TAMS 0x0000000083500000, 0x0000000083400000| Complete 
|  53|0x0000000083500000, 0x0000000083600000, 0x0000000083600000|100%| O|  |TAMS 0x0000000083500000, 0x0000000083500000| Untracked 
|  54|0x0000000083600000, 0x0000000083700000, 0x0000000083700000|100%| O|  |TAMS 0x0000000083600000, 0x0000000083600000| Untracked 
|  55|0x0000000083700000, 0x0000000083800000, 0x0000000083800000|100%| O|  |TAMS 0x0000000083700000, 0x0000000083700000| Untracked 
|  56|0x0000000083800000, 0x0000000083900000, 0x0000000083900000|100%| O|  |TAMS 0x0000000083900000, 0x0000000083800000| Untracked 
|  57|0x0000000083900000, 0x0000000083a00000, 0x0000000083a00000|100%| O|  |TAMS 0x0000000083a00000, 0x0000000083900000| Complete 
|  58|0x0000000083a00000, 0x0000000083b00000, 0x0000000083b00000|100%| O|  |TAMS 0x0000000083b00000, 0x0000000083a00000| Untracked 
|  59|0x0000000083b00000, 0x0000000083c00000, 0x0000000083c00000|100%| O|  |TAMS 0x0000000083c00000, 0x0000000083b00000| Complete 
|  60|0x0000000083c00000, 0x0000000083d00000, 0x0000000083d00000|100%| O|  |TAMS 0x0000000083d00000, 0x0000000083c00000| Complete 
|  61|0x0000000083d00000, 0x0000000083e00000, 0x0000000083e00000|100%| O|  |TAMS 0x0000000083e00000, 0x0000000083d00000| Complete 
|  62|0x0000000083e00000, 0x0000000083f00000, 0x0000000083f00000|100%| O|  |TAMS 0x0000000083f00000, 0x0000000083e00000| Untracked 
|  63|0x0000000083f00000, 0x0000000084000000, 0x0000000084000000|100%| O|  |TAMS 0x0000000083f00000, 0x0000000083f00000| Untracked 
|  64|0x0000000084000000, 0x0000000084100000, 0x0000000084100000|100%| O|  |TAMS 0x0000000084000000, 0x0000000084000000| Untracked 
|  65|0x0000000084100000, 0x0000000084200000, 0x0000000084200000|100%| O|  |TAMS 0x0000000084200000, 0x0000000084100000| Complete 
|  66|0x0000000084200000, 0x0000000084300000, 0x0000000084300000|100%| O|  |TAMS 0x0000000084300000, 0x0000000084200000| Complete 
|  67|0x0000000084300000, 0x0000000084400000, 0x0000000084400000|100%| O|  |TAMS 0x0000000084400000, 0x0000000084300000| Complete 
|  68|0x0000000084400000, 0x0000000084500000, 0x0000000084500000|100%| O|  |TAMS 0x0000000084500000, 0x0000000084400000| Complete 
|  69|0x0000000084500000, 0x0000000084600000, 0x0000000084600000|100%| O|  |TAMS 0x0000000084600000, 0x0000000084500000| Complete 
|  70|0x0000000084600000, 0x0000000084700000, 0x0000000084700000|100%| O|  |TAMS 0x0000000084700000, 0x0000000084600000| Complete 
|  71|0x0000000084700000, 0x0000000084800000, 0x0000000084800000|100%| O|  |TAMS 0x0000000084800000, 0x0000000084700000| Complete 
|  72|0x0000000084800000, 0x0000000084900000, 0x0000000084900000|100%| O|  |TAMS 0x0000000084900000, 0x0000000084800000| Complete 
|  73|0x0000000084900000, 0x0000000084a00000, 0x0000000084a00000|100%| O|  |TAMS 0x0000000084a00000, 0x0000000084900000| Complete 
|  74|0x0000000084a00000, 0x0000000084b00000, 0x0000000084b00000|100%| O|  |TAMS 0x0000000084b00000, 0x0000000084a00000| Complete 
|  75|0x0000000084b00000, 0x0000000084c00000, 0x0000000084c00000|100%| O|  |TAMS 0x0000000084c00000, 0x0000000084b00000| Complete 
|  76|0x0000000084c00000, 0x0000000084d00000, 0x0000000084d00000|100%| O|  |TAMS 0x0000000084d00000, 0x0000000084c00000| Complete 
|  77|0x0000000084d00000, 0x0000000084e00000, 0x0000000084e00000|100%| O|  |TAMS 0x0000000084e00000, 0x0000000084d00000| Complete 
|  78|0x0000000084e00000, 0x0000000084f00000, 0x0000000084f00000|100%| O|  |TAMS 0x0000000084f00000, 0x0000000084e00000| Complete 
|  79|0x0000000084f00000, 0x0000000085000000, 0x0000000085000000|100%| O|  |TAMS 0x0000000085000000, 0x0000000084f00000| Complete 
|  80|0x0000000085000000, 0x0000000085100000, 0x0000000085100000|100%| O|  |TAMS 0x0000000085100000, 0x0000000085000000| Complete 
|  81|0x0000000085100000, 0x0000000085200000, 0x0000000085200000|100%| O|  |TAMS 0x0000000085200000, 0x0000000085100000| Complete 
|  82|0x0000000085200000, 0x0000000085300000, 0x0000000085300000|100%| O|  |TAMS 0x0000000085300000, 0x0000000085200000| Complete 
|  83|0x0000000085300000, 0x0000000085400000, 0x0000000085400000|100%| O|  |TAMS 0x0000000085400000, 0x0000000085300000| Complete 
|  84|0x0000000085400000, 0x0000000085500000, 0x0000000085500000|100%| O|  |TAMS 0x0000000085500000, 0x0000000085400000| Complete 
|  85|0x0000000085500000, 0x0000000085600000, 0x0000000085600000|100%| O|  |TAMS 0x0000000085600000, 0x0000000085500000| Complete 
|  86|0x0000000085600000, 0x0000000085700000, 0x0000000085700000|100%| O|  |TAMS 0x0000000085700000, 0x0000000085600000| Complete 
|  87|0x0000000085700000, 0x0000000085800000, 0x0000000085800000|100%| O|  |TAMS 0x0000000085800000, 0x0000000085700000| Complete 
|  88|0x0000000085800000, 0x0000000085900000, 0x0000000085900000|100%| O|  |TAMS 0x0000000085900000, 0x0000000085800000| Complete 
|  89|0x0000000085900000, 0x0000000085a00000, 0x0000000085a00000|100%| O|  |TAMS 0x0000000085a00000, 0x0000000085900000| Complete 
|  90|0x0000000085a00000, 0x0000000085b00000, 0x0000000085b00000|100%| O|  |TAMS 0x0000000085b00000, 0x0000000085a00000| Complete 
|  91|0x0000000085b00000, 0x0000000085c00000, 0x0000000085c00000|100%| O|  |TAMS 0x0000000085c00000, 0x0000000085b00000| Untracked 
|  92|0x0000000085c00000, 0x0000000085d00000, 0x0000000085d00000|100%| O|  |TAMS 0x0000000085d00000, 0x0000000085c00000| Untracked 
|  93|0x0000000085d00000, 0x0000000085e00000, 0x0000000085e00000|100%| O|  |TAMS 0x0000000085e00000, 0x0000000085d00000| Complete 
|  94|0x0000000085e00000, 0x0000000085f00000, 0x0000000085f00000|100%| O|  |TAMS 0x0000000085f00000, 0x0000000085e00000| Complete 
|  95|0x0000000085f00000, 0x0000000086000000, 0x0000000086000000|100%| O|  |TAMS 0x0000000086000000, 0x0000000085f00000| Complete 
|  96|0x0000000086000000, 0x0000000086100000, 0x0000000086100000|100%| O|  |TAMS 0x0000000086100000, 0x0000000086000000| Untracked 
|  97|0x0000000086100000, 0x0000000086200000, 0x0000000086200000|100%| O|  |TAMS 0x0000000086200000, 0x0000000086100000| Complete 
|  98|0x0000000086200000, 0x0000000086300000, 0x0000000086300000|100%| O|  |TAMS 0x0000000086300000, 0x0000000086200000| Complete 
|  99|0x0000000086300000, 0x0000000086400000, 0x0000000086400000|100%| O|  |TAMS 0x0000000086400000, 0x0000000086300000| Complete 
| 100|0x0000000086400000, 0x0000000086500000, 0x0000000086500000|100%| O|  |TAMS 0x0000000086500000, 0x0000000086400000| Complete 
| 101|0x0000000086500000, 0x0000000086600000, 0x0000000086600000|100%| O|  |TAMS 0x0000000086600000, 0x0000000086500000| Complete 
| 102|0x0000000086600000, 0x0000000086700000, 0x0000000086700000|100%| O|  |TAMS 0x0000000086700000, 0x0000000086600000| Complete 
| 103|0x0000000086700000, 0x0000000086800000, 0x0000000086800000|100%| O|  |TAMS 0x0000000086800000, 0x0000000086700000| Complete 
| 104|0x0000000086800000, 0x0000000086900000, 0x0000000086900000|100%| O|  |TAMS 0x0000000086900000, 0x0000000086800000| Complete 
| 105|0x0000000086900000, 0x0000000086a00000, 0x0000000086a00000|100%| O|  |TAMS 0x0000000086a00000, 0x0000000086900000| Untracked 
| 106|0x0000000086a00000, 0x0000000086b00000, 0x0000000086b00000|100%| O|  |TAMS 0x0000000086b00000, 0x0000000086a00000| Untracked 
| 107|0x0000000086b00000, 0x0000000086c00000, 0x0000000086c00000|100%| O|  |TAMS 0x0000000086c00000, 0x0000000086b00000| Untracked 
| 108|0x0000000086c00000, 0x0000000086d00000, 0x0000000086d00000|100%| O|  |TAMS 0x0000000086d00000, 0x0000000086c00000| Complete 
| 109|0x0000000086d00000, 0x0000000086e00000, 0x0000000086e00000|100%| O|  |TAMS 0x0000000086e00000, 0x0000000086d00000| Untracked 
| 110|0x0000000086e00000, 0x0000000086f00000, 0x0000000086f00000|100%| O|  |TAMS 0x0000000086e00000, 0x0000000086e00000| Untracked 
| 111|0x0000000086f00000, 0x0000000087000000, 0x0000000087000000|100%| O|  |TAMS 0x0000000086f00000, 0x0000000086f00000| Untracked 
| 112|0x0000000087000000, 0x0000000087000000, 0x0000000087100000|  0%| F|  |TAMS 0x0000000087000000, 0x0000000087000000| Untracked 
| 113|0x0000000087100000, 0x0000000087100000, 0x0000000087200000|  0%| F|  |TAMS 0x0000000087100000, 0x0000000087100000| Untracked 
| 114|0x0000000087200000, 0x0000000087200000, 0x0000000087300000|  0%| F|  |TAMS 0x0000000087200000, 0x0000000087200000| Untracked 
| 115|0x0000000087300000, 0x0000000087300000, 0x0000000087400000|  0%| F|  |TAMS 0x0000000087300000, 0x0000000087300000| Untracked 
| 116|0x0000000087400000, 0x0000000087500000, 0x0000000087500000|100%| O|  |TAMS 0x0000000087400000, 0x0000000087400000| Untracked 
| 117|0x0000000087500000, 0x0000000087600000, 0x0000000087600000|100%| O|  |TAMS 0x0000000087500000, 0x0000000087500000| Untracked 
| 118|0x0000000087600000, 0x0000000087700000, 0x0000000087700000|100%| O|  |TAMS 0x00000000876ee200, 0x0000000087600000| Untracked 
| 119|0x0000000087700000, 0x0000000087700000, 0x0000000087800000|  0%| F|  |TAMS 0x0000000087700000, 0x0000000087700000| Untracked 
| 120|0x0000000087800000, 0x0000000087800000, 0x0000000087900000|  0%| F|  |TAMS 0x0000000087800000, 0x0000000087800000| Untracked 
| 121|0x0000000087900000, 0x0000000087900000, 0x0000000087a00000|  0%| F|  |TAMS 0x0000000087900000, 0x0000000087900000| Untracked 
| 122|0x0000000087a00000, 0x0000000087a00000, 0x0000000087b00000|  0%| F|  |TAMS 0x0000000087a00000, 0x0000000087a00000| Untracked 
| 123|0x0000000087b00000, 0x0000000087b00000, 0x0000000087c00000|  0%| F|  |TAMS 0x0000000087b00000, 0x0000000087b00000| Untracked 
| 124|0x0000000087c00000, 0x0000000087c00000, 0x0000000087d00000|  0%| F|  |TAMS 0x0000000087c00000, 0x0000000087c00000| Untracked 
| 125|0x0000000087d00000, 0x0000000087d5da00, 0x0000000087e00000| 36%| O|  |TAMS 0x0000000087d00000, 0x0000000087d00000| Untracked 
| 126|0x0000000087e00000, 0x0000000087e00000, 0x0000000087f00000|  0%| F|  |TAMS 0x0000000087e00000, 0x0000000087e00000| Untracked 
| 127|0x0000000087f00000, 0x0000000087f00000, 0x0000000088000000|  0%| F|  |TAMS 0x0000000087f00000, 0x0000000087f00000| Untracked 
| 128|0x0000000088000000, 0x0000000088000000, 0x0000000088100000|  0%| F|  |TAMS 0x0000000088000000, 0x0000000088000000| Untracked 
| 129|0x0000000088100000, 0x0000000088100000, 0x0000000088200000|  0%| F|  |TAMS 0x0000000088100000, 0x0000000088100000| Untracked 
| 130|0x0000000088200000, 0x0000000088200000, 0x0000000088300000|  0%| F|  |TAMS 0x0000000088200000, 0x0000000088200000| Untracked 
| 131|0x0000000088300000, 0x0000000088300000, 0x0000000088400000|  0%| F|  |TAMS 0x0000000088300000, 0x0000000088300000| Untracked 
| 132|0x0000000088400000, 0x0000000088400000, 0x0000000088500000|  0%| F|  |TAMS 0x0000000088400000, 0x0000000088400000| Untracked 
| 133|0x0000000088500000, 0x0000000088500000, 0x0000000088600000|  0%| F|  |TAMS 0x0000000088500000, 0x0000000088500000| Untracked 
| 134|0x0000000088600000, 0x0000000088600000, 0x0000000088700000|  0%| F|  |TAMS 0x0000000088600000, 0x0000000088600000| Untracked 
| 135|0x0000000088700000, 0x0000000088700000, 0x0000000088800000|  0%| F|  |TAMS 0x0000000088700000, 0x0000000088700000| Untracked 
| 136|0x0000000088800000, 0x0000000088800000, 0x0000000088900000|  0%| F|  |TAMS 0x0000000088800000, 0x0000000088800000| Untracked 
| 137|0x0000000088900000, 0x0000000088900000, 0x0000000088a00000|  0%| F|  |TAMS 0x0000000088900000, 0x0000000088900000| Untracked 
| 138|0x0000000088a00000, 0x0000000088a00000, 0x0000000088b00000|  0%| F|  |TAMS 0x0000000088a00000, 0x0000000088a00000| Untracked 
| 139|0x0000000088b00000, 0x0000000088b00000, 0x0000000088c00000|  0%| F|  |TAMS 0x0000000088b00000, 0x0000000088b00000| Untracked 
| 140|0x0000000088c00000, 0x0000000088c00000, 0x0000000088d00000|  0%| F|  |TAMS 0x0000000088c00000, 0x0000000088c00000| Untracked 
| 141|0x0000000088d00000, 0x0000000088d00000, 0x0000000088e00000|  0%| F|  |TAMS 0x0000000088d00000, 0x0000000088d00000| Untracked 
| 142|0x0000000088e00000, 0x0000000088e00000, 0x0000000088f00000|  0%| F|  |TAMS 0x0000000088e00000, 0x0000000088e00000| Untracked 
| 143|0x0000000088f00000, 0x0000000088f00000, 0x0000000089000000|  0%| F|  |TAMS 0x0000000088f00000, 0x0000000088f00000| Untracked 
| 144|0x0000000089000000, 0x0000000089000000, 0x0000000089100000|  0%| F|  |TAMS 0x0000000089000000, 0x0000000089000000| Untracked 
| 145|0x0000000089100000, 0x0000000089100000, 0x0000000089200000|  0%| F|  |TAMS 0x0000000089100000, 0x0000000089100000| Untracked 
| 146|0x0000000089200000, 0x0000000089200000, 0x0000000089300000|  0%| F|  |TAMS 0x0000000089200000, 0x0000000089200000| Untracked 
| 147|0x0000000089300000, 0x0000000089300000, 0x0000000089400000|  0%| F|  |TAMS 0x0000000089300000, 0x0000000089300000| Untracked 
| 148|0x0000000089400000, 0x0000000089400000, 0x0000000089500000|  0%| F|  |TAMS 0x0000000089400000, 0x0000000089400000| Untracked 
| 149|0x0000000089500000, 0x0000000089500000, 0x0000000089600000|  0%| F|  |TAMS 0x0000000089500000, 0x0000000089500000| Untracked 
| 150|0x0000000089600000, 0x0000000089600000, 0x0000000089700000|  0%| F|  |TAMS 0x0000000089600000, 0x0000000089600000| Untracked 
| 151|0x0000000089700000, 0x0000000089700000, 0x0000000089800000|  0%| F|  |TAMS 0x0000000089700000, 0x0000000089700000| Untracked 
| 152|0x0000000089800000, 0x0000000089800000, 0x0000000089900000|  0%| F|  |TAMS 0x0000000089800000, 0x0000000089800000| Untracked 
| 153|0x0000000089900000, 0x0000000089900000, 0x0000000089a00000|  0%| F|  |TAMS 0x0000000089900000, 0x0000000089900000| Untracked 
| 154|0x0000000089a00000, 0x0000000089a00000, 0x0000000089b00000|  0%| F|  |TAMS 0x0000000089a00000, 0x0000000089a00000| Untracked 
| 155|0x0000000089b00000, 0x0000000089b00000, 0x0000000089c00000|  0%| F|  |TAMS 0x0000000089b00000, 0x0000000089b00000| Untracked 
| 156|0x0000000089c00000, 0x0000000089c00000, 0x0000000089d00000|  0%| F|  |TAMS 0x0000000089c00000, 0x0000000089c00000| Untracked 
| 157|0x0000000089d00000, 0x0000000089d00000, 0x0000000089e00000|  0%| F|  |TAMS 0x0000000089d00000, 0x0000000089d00000| Untracked 
| 158|0x0000000089e00000, 0x0000000089e00000, 0x0000000089f00000|  0%| F|  |TAMS 0x0000000089e00000, 0x0000000089e00000| Untracked 
| 159|0x0000000089f00000, 0x0000000089f00000, 0x000000008a000000|  0%| F|  |TAMS 0x0000000089f00000, 0x0000000089f00000| Untracked 
| 160|0x000000008a000000, 0x000000008a000000, 0x000000008a100000|  0%| F|  |TAMS 0x000000008a000000, 0x000000008a000000| Untracked 
| 161|0x000000008a100000, 0x000000008a100000, 0x000000008a200000|  0%| F|  |TAMS 0x000000008a100000, 0x000000008a100000| Untracked 
| 162|0x000000008a200000, 0x000000008a200000, 0x000000008a300000|  0%| F|  |TAMS 0x000000008a200000, 0x000000008a200000| Untracked 
| 163|0x000000008a300000, 0x000000008a300000, 0x000000008a400000|  0%| F|  |TAMS 0x000000008a300000, 0x000000008a300000| Untracked 
| 164|0x000000008a400000, 0x000000008a400000, 0x000000008a500000|  0%| F|  |TAMS 0x000000008a400000, 0x000000008a400000| Untracked 
| 165|0x000000008a500000, 0x000000008a58bd10, 0x000000008a600000| 54%| S|CS|TAMS 0x000000008a500000, 0x000000008a500000| Complete 
| 166|0x000000008a600000, 0x000000008a700000, 0x000000008a700000|100%| S|CS|TAMS 0x000000008a600000, 0x000000008a600000| Complete 
| 167|0x000000008a700000, 0x000000008a800000, 0x000000008a800000|100%| S|CS|TAMS 0x000000008a700000, 0x000000008a700000| Complete 
| 168|0x000000008a800000, 0x000000008a800000, 0x000000008a900000|  0%| F|  |TAMS 0x000000008a800000, 0x000000008a800000| Untracked 
| 169|0x000000008a900000, 0x000000008a900000, 0x000000008aa00000|  0%| F|  |TAMS 0x000000008a900000, 0x000000008a900000| Untracked 
| 170|0x000000008aa00000, 0x000000008aa00000, 0x000000008ab00000|  0%| F|  |TAMS 0x000000008aa00000, 0x000000008aa00000| Untracked 
| 171|0x000000008ab00000, 0x000000008ab00000, 0x000000008ac00000|  0%| F|  |TAMS 0x000000008ab00000, 0x000000008ab00000| Untracked 
| 172|0x000000008ac00000, 0x000000008ac00000, 0x000000008ad00000|  0%| F|  |TAMS 0x000000008ac00000, 0x000000008ac00000| Untracked 
| 173|0x000000008ad00000, 0x000000008ad00000, 0x000000008ae00000|  0%| F|  |TAMS 0x000000008ad00000, 0x000000008ad00000| Untracked 
| 174|0x000000008ae00000, 0x000000008ae00000, 0x000000008af00000|  0%| F|  |TAMS 0x000000008ae00000, 0x000000008ae00000| Untracked 
| 175|0x000000008af00000, 0x000000008af00000, 0x000000008b000000|  0%| F|  |TAMS 0x000000008af00000, 0x000000008af00000| Untracked 
| 176|0x000000008b000000, 0x000000008b000000, 0x000000008b100000|  0%| F|  |TAMS 0x000000008b000000, 0x000000008b000000| Untracked 
| 177|0x000000008b100000, 0x000000008b100000, 0x000000008b200000|  0%| F|  |TAMS 0x000000008b100000, 0x000000008b100000| Untracked 
| 178|0x000000008b200000, 0x000000008b200000, 0x000000008b300000|  0%| F|  |TAMS 0x000000008b200000, 0x000000008b200000| Untracked 
| 179|0x000000008b300000, 0x000000008b300000, 0x000000008b400000|  0%| F|  |TAMS 0x000000008b300000, 0x000000008b300000| Untracked 
| 180|0x000000008b400000, 0x000000008b400000, 0x000000008b500000|  0%| F|  |TAMS 0x000000008b400000, 0x000000008b400000| Untracked 
| 181|0x000000008b500000, 0x000000008b500000, 0x000000008b600000|  0%| F|  |TAMS 0x000000008b500000, 0x000000008b500000| Untracked 
| 182|0x000000008b600000, 0x000000008b600000, 0x000000008b700000|  0%| F|  |TAMS 0x000000008b600000, 0x000000008b600000| Untracked 
| 183|0x000000008b700000, 0x000000008b700000, 0x000000008b800000|  0%| F|  |TAMS 0x000000008b700000, 0x000000008b700000| Untracked 
| 184|0x000000008b800000, 0x000000008b800000, 0x000000008b900000|  0%| F|  |TAMS 0x000000008b800000, 0x000000008b800000| Untracked 
| 185|0x000000008b900000, 0x000000008b900000, 0x000000008ba00000|  0%| F|  |TAMS 0x000000008b900000, 0x000000008b900000| Untracked 
| 186|0x000000008ba00000, 0x000000008ba00000, 0x000000008bb00000|  0%| F|  |TAMS 0x000000008ba00000, 0x000000008ba00000| Untracked 
| 187|0x000000008bb00000, 0x000000008bb00000, 0x000000008bc00000|  0%| F|  |TAMS 0x000000008bb00000, 0x000000008bb00000| Untracked 
| 188|0x000000008bc00000, 0x000000008bc00000, 0x000000008bd00000|  0%| F|  |TAMS 0x000000008bc00000, 0x000000008bc00000| Untracked 
| 189|0x000000008bd00000, 0x000000008bd00000, 0x000000008be00000|  0%| F|  |TAMS 0x000000008bd00000, 0x000000008bd00000| Untracked 
| 190|0x000000008be00000, 0x000000008be00000, 0x000000008bf00000|  0%| F|  |TAMS 0x000000008be00000, 0x000000008be00000| Untracked 
| 191|0x000000008bf00000, 0x000000008bf00000, 0x000000008c000000|  0%| F|  |TAMS 0x000000008bf00000, 0x000000008bf00000| Untracked 
| 192|0x000000008c000000, 0x000000008c000000, 0x000000008c100000|  0%| F|  |TAMS 0x000000008c000000, 0x000000008c000000| Untracked 
| 193|0x000000008c100000, 0x000000008c100000, 0x000000008c200000|  0%| F|  |TAMS 0x000000008c100000, 0x000000008c100000| Untracked 
| 194|0x000000008c200000, 0x000000008c200000, 0x000000008c300000|  0%| F|  |TAMS 0x000000008c200000, 0x000000008c200000| Untracked 
| 195|0x000000008c300000, 0x000000008c300000, 0x000000008c400000|  0%| F|  |TAMS 0x000000008c300000, 0x000000008c300000| Untracked 
| 196|0x000000008c400000, 0x000000008c400000, 0x000000008c500000|  0%| F|  |TAMS 0x000000008c400000, 0x000000008c400000| Untracked 
| 197|0x000000008c500000, 0x000000008c500000, 0x000000008c600000|  0%| F|  |TAMS 0x000000008c500000, 0x000000008c500000| Untracked 
| 198|0x000000008c600000, 0x000000008c600000, 0x000000008c700000|  0%| F|  |TAMS 0x000000008c600000, 0x000000008c600000| Untracked 
| 199|0x000000008c700000, 0x000000008c700000, 0x000000008c800000|  0%| F|  |TAMS 0x000000008c700000, 0x000000008c700000| Untracked 
| 200|0x000000008c800000, 0x000000008c800000, 0x000000008c900000|  0%| F|  |TAMS 0x000000008c800000, 0x000000008c800000| Untracked 
| 201|0x000000008c900000, 0x000000008c900000, 0x000000008ca00000|  0%| F|  |TAMS 0x000000008c900000, 0x000000008c900000| Untracked 
| 202|0x000000008ca00000, 0x000000008ca00000, 0x000000008cb00000|  0%| F|  |TAMS 0x000000008ca00000, 0x000000008ca00000| Untracked 
| 203|0x000000008cb00000, 0x000000008cb00000, 0x000000008cc00000|  0%| F|  |TAMS 0x000000008cb00000, 0x000000008cb00000| Untracked 
| 204|0x000000008cc00000, 0x000000008cc00000, 0x000000008cd00000|  0%| F|  |TAMS 0x000000008cc00000, 0x000000008cc00000| Untracked 
| 205|0x000000008cd00000, 0x000000008cd00000, 0x000000008ce00000|  0%| F|  |TAMS 0x000000008cd00000, 0x000000008cd00000| Untracked 
| 206|0x000000008ce00000, 0x000000008ce00000, 0x000000008cf00000|  0%| F|  |TAMS 0x000000008ce00000, 0x000000008ce00000| Untracked 
| 207|0x000000008cf00000, 0x000000008cf00000, 0x000000008d000000|  0%| F|  |TAMS 0x000000008cf00000, 0x000000008cf00000| Untracked 
| 208|0x000000008d000000, 0x000000008d000000, 0x000000008d100000|  0%| F|  |TAMS 0x000000008d000000, 0x000000008d000000| Untracked 
| 209|0x000000008d100000, 0x000000008d100000, 0x000000008d200000|  0%| F|  |TAMS 0x000000008d100000, 0x000000008d100000| Untracked 
| 210|0x000000008d200000, 0x000000008d200000, 0x000000008d300000|  0%| F|  |TAMS 0x000000008d200000, 0x000000008d200000| Untracked 
| 211|0x000000008d300000, 0x000000008d300000, 0x000000008d400000|  0%| F|  |TAMS 0x000000008d300000, 0x000000008d300000| Untracked 
| 212|0x000000008d400000, 0x000000008d400000, 0x000000008d500000|  0%| F|  |TAMS 0x000000008d400000, 0x000000008d400000| Untracked 
| 213|0x000000008d500000, 0x000000008d500000, 0x000000008d600000|  0%| F|  |TAMS 0x000000008d500000, 0x000000008d500000| Untracked 
| 214|0x000000008d600000, 0x000000008d600000, 0x000000008d700000|  0%| F|  |TAMS 0x000000008d600000, 0x000000008d600000| Untracked 
| 215|0x000000008d700000, 0x000000008d700000, 0x000000008d800000|  0%| F|  |TAMS 0x000000008d700000, 0x000000008d700000| Untracked 
| 216|0x000000008d800000, 0x000000008d800000, 0x000000008d900000|  0%| F|  |TAMS 0x000000008d800000, 0x000000008d800000| Untracked 
| 217|0x000000008d900000, 0x000000008d900000, 0x000000008da00000|  0%| F|  |TAMS 0x000000008d900000, 0x000000008d900000| Untracked 
| 218|0x000000008da00000, 0x000000008da00000, 0x000000008db00000|  0%| F|  |TAMS 0x000000008da00000, 0x000000008da00000| Untracked 
| 219|0x000000008db00000, 0x000000008db00000, 0x000000008dc00000|  0%| F|  |TAMS 0x000000008db00000, 0x000000008db00000| Untracked 
| 220|0x000000008dc00000, 0x000000008dc00000, 0x000000008dd00000|  0%| F|  |TAMS 0x000000008dc00000, 0x000000008dc00000| Untracked 
| 221|0x000000008dd00000, 0x000000008dd00000, 0x000000008de00000|  0%| F|  |TAMS 0x000000008dd00000, 0x000000008dd00000| Untracked 
| 222|0x000000008de00000, 0x000000008de00000, 0x000000008df00000|  0%| F|  |TAMS 0x000000008de00000, 0x000000008de00000| Untracked 
| 223|0x000000008df00000, 0x000000008df00000, 0x000000008e000000|  0%| F|  |TAMS 0x000000008df00000, 0x000000008df00000| Untracked 
| 224|0x000000008e000000, 0x000000008e000000, 0x000000008e100000|  0%| F|  |TAMS 0x000000008e000000, 0x000000008e000000| Untracked 
| 225|0x000000008e100000, 0x000000008e100000, 0x000000008e200000|  0%| F|  |TAMS 0x000000008e100000, 0x000000008e100000| Untracked 
| 226|0x000000008e200000, 0x000000008e200000, 0x000000008e300000|  0%| F|  |TAMS 0x000000008e200000, 0x000000008e200000| Untracked 
| 227|0x000000008e300000, 0x000000008e300000, 0x000000008e400000|  0%| F|  |TAMS 0x000000008e300000, 0x000000008e300000| Untracked 
| 228|0x000000008e400000, 0x000000008e400000, 0x000000008e500000|  0%| F|  |TAMS 0x000000008e400000, 0x000000008e400000| Untracked 
| 229|0x000000008e500000, 0x000000008e500000, 0x000000008e600000|  0%| F|  |TAMS 0x000000008e500000, 0x000000008e500000| Untracked 
| 230|0x000000008e600000, 0x000000008e600000, 0x000000008e700000|  0%| F|  |TAMS 0x000000008e600000, 0x000000008e600000| Untracked 
| 231|0x000000008e700000, 0x000000008e700000, 0x000000008e800000|  0%| F|  |TAMS 0x000000008e700000, 0x000000008e700000| Untracked 
| 232|0x000000008e800000, 0x000000008e800000, 0x000000008e900000|  0%| F|  |TAMS 0x000000008e800000, 0x000000008e800000| Untracked 
| 233|0x000000008e900000, 0x000000008e900000, 0x000000008ea00000|  0%| F|  |TAMS 0x000000008e900000, 0x000000008e900000| Untracked 
| 234|0x000000008ea00000, 0x000000008ea00000, 0x000000008eb00000|  0%| F|  |TAMS 0x000000008ea00000, 0x000000008ea00000| Untracked 
| 235|0x000000008eb00000, 0x000000008eb00000, 0x000000008ec00000|  0%| F|  |TAMS 0x000000008eb00000, 0x000000008eb00000| Untracked 
| 236|0x000000008ec00000, 0x000000008ec00000, 0x000000008ed00000|  0%| F|  |TAMS 0x000000008ec00000, 0x000000008ec00000| Untracked 
| 237|0x000000008ed00000, 0x000000008ed00000, 0x000000008ee00000|  0%| F|  |TAMS 0x000000008ed00000, 0x000000008ed00000| Untracked 
| 238|0x000000008ee00000, 0x000000008ee00000, 0x000000008ef00000|  0%| F|  |TAMS 0x000000008ee00000, 0x000000008ee00000| Untracked 
| 239|0x000000008ef00000, 0x000000008ef00000, 0x000000008f000000|  0%| F|  |TAMS 0x000000008ef00000, 0x000000008ef00000| Untracked 
| 240|0x000000008f000000, 0x000000008f000000, 0x000000008f100000|  0%| F|  |TAMS 0x000000008f000000, 0x000000008f000000| Untracked 
| 241|0x000000008f100000, 0x000000008f100000, 0x000000008f200000|  0%| F|  |TAMS 0x000000008f100000, 0x000000008f100000| Untracked 
| 242|0x000000008f200000, 0x000000008f200000, 0x000000008f300000|  0%| F|  |TAMS 0x000000008f200000, 0x000000008f200000| Untracked 
| 243|0x000000008f300000, 0x000000008f300000, 0x000000008f400000|  0%| F|  |TAMS 0x000000008f300000, 0x000000008f300000| Untracked 
| 244|0x000000008f400000, 0x000000008f400000, 0x000000008f500000|  0%| F|  |TAMS 0x000000008f400000, 0x000000008f400000| Untracked 
| 245|0x000000008f500000, 0x000000008f500000, 0x000000008f600000|  0%| F|  |TAMS 0x000000008f500000, 0x000000008f500000| Untracked 
| 246|0x000000008f600000, 0x000000008f600000, 0x000000008f700000|  0%| F|  |TAMS 0x000000008f600000, 0x000000008f600000| Untracked 
| 247|0x000000008f700000, 0x000000008f700000, 0x000000008f800000|  0%| F|  |TAMS 0x000000008f700000, 0x000000008f700000| Untracked 
| 248|0x000000008f800000, 0x000000008f800000, 0x000000008f900000|  0%| F|  |TAMS 0x000000008f800000, 0x000000008f800000| Untracked 
| 249|0x000000008f900000, 0x000000008f9f0ad0, 0x000000008fa00000| 94%| E|  |TAMS 0x000000008f900000, 0x000000008f900000| Complete 
| 250|0x000000008fa00000, 0x000000008fb00000, 0x000000008fb00000|100%| E|  |TAMS 0x000000008fa00000, 0x000000008fa00000| Complete 
| 251|0x000000008fb00000, 0x000000008fc00000, 0x000000008fc00000|100%| E|CS|TAMS 0x000000008fb00000, 0x000000008fb00000| Complete 
| 252|0x000000008fc00000, 0x000000008fd00000, 0x000000008fd00000|100%| E|CS|TAMS 0x000000008fc00000, 0x000000008fc00000| Complete 
| 253|0x000000008fd00000, 0x000000008fe00000, 0x000000008fe00000|100%| E|CS|TAMS 0x000000008fd00000, 0x000000008fd00000| Complete 
| 254|0x000000008fe00000, 0x000000008ff00000, 0x000000008ff00000|100%| E|CS|TAMS 0x000000008fe00000, 0x000000008fe00000| Complete 
| 255|0x000000008ff00000, 0x0000000090000000, 0x0000000090000000|100%| E|CS|TAMS 0x000000008ff00000, 0x000000008ff00000| Complete 

Card table byte_map: [0x000001aab3c30000,0x000001aab4030000] _byte_map_base: 0x000001aab3830000

Marking Bits (Prev, Next): (CMBitMap*) 0x000001aaa0269d28, (CMBitMap*) 0x000001aaa0269d60
 Prev Bits: [0x000001aab4430000, 0x000001aab6430000)
 Next Bits: [0x000001aab6430000, 0x000001aab8430000)

Polling page: 0x000001aa9e9c0000

Metaspace:

Usage:
  Non-class:    101.40 MB capacity,    99.66 MB ( 98%) used,     1.42 MB (  1%) free+waste,   330.69 KB ( <1%) overhead. 
      Class:     15.12 MB capacity,    14.17 MB ( 94%) used,   824.87 KB (  5%) free+waste,   144.19 KB ( <1%) overhead. 
       Both:    116.52 MB capacity,   113.83 MB ( 98%) used,     2.22 MB (  2%) free+waste,   474.88 KB ( <1%) overhead. 

Virtual space:
  Non-class space:      104.00 MB reserved,     103.25 MB (>99%) committed 
      Class space:        1.00 GB reserved,      16.42 MB (  2%) committed 
             Both:        1.10 GB reserved,     119.67 MB ( 11%) committed 

Chunk freelists:
   Non-Class:  1.79 MB
       Class:  1.20 MB
        Both:  2.98 MB

MaxMetaspaceSize: 17179869184.00 GB
CompressedClassSpaceSize: 1.00 GB

CodeHeap 'non-profiled nmethods': size=120000Kb used=10376Kb max_used=10376Kb free=109623Kb
 bounds [0x000001aaab680000, 0x000001aaac0b0000, 0x000001aab2bb0000]
CodeHeap 'profiled nmethods': size=120000Kb used=37522Kb max_used=37522Kb free=82477Kb
 bounds [0x000001aaa4150000, 0x000001aaa6600000, 0x000001aaab680000]
CodeHeap 'non-nmethods': size=5760Kb used=2324Kb max_used=2386Kb free=3435Kb
 bounds [0x000001aaa3bb0000, 0x000001aaa3e20000, 0x000001aaa4150000]
 total_blobs=18470 nmethods=17526 adapters=854
 compilation: enabled
              stopped_count=0, restarted_count=0
 full_count=0

Compilation events (20 events):
Event: 1753.453 Thread 0x000001aabba0f800 nmethod 18315 0x000001aaac09d210 code [0x000001aaac09d3a0, 0x000001aaac09d438]
Event: 1753.453 Thread 0x000001aabba0f800 18349       4       com.google.common.cache.CacheBuilder$1::recordLoadSuccess (1 bytes)
Event: 1753.453 Thread 0x000001aabba0f800 nmethod 18349 0x000001aaac09d510 code [0x000001aaac09d6a0, 0x000001aaac09d6f8]
Event: 1753.453 Thread 0x000001aabba0f800 18258       4       java.nio.charset.CharsetDecoder::implReset (1 bytes)
Event: 1753.453 Thread 0x000001aabba0f800 nmethod 18258 0x000001aaac09d790 code [0x000001aaac09d920, 0x000001aaac09d978]
Event: 1753.453 Thread 0x000001aabba0f800 18252       4       org.gradle.internal.fingerprint.impl.AbsolutePathFingerprintingStrategy::getHashingStrategy (4 bytes)
Event: 1753.454 Thread 0x000001aabba0f800 nmethod 18252 0x000001aaac09da10 code [0x000001aaac09dba0, 0x000001aaac09dc18]
Event: 1753.454 Thread 0x000001aabba0f800 18332       4       org.gradle.internal.execution.UnitOfWork::ensureLegacySnapshottingInputsClosed (1 bytes)
Event: 1753.454 Thread 0x000001aabba0f800 nmethod 18332 0x000001aaac09dc90 code [0x000001aaac09de20, 0x000001aaac09de78]
Event: 1753.454 Thread 0x000001aabba0f800 18326       4       org.gradle.internal.execution.UnitOfWork::getOverlappingOutputHandling (4 bytes)
Event: 1753.454 Thread 0x000001aabba0f800 nmethod 18326 0x000001aaac09df10 code [0x000001aaac09e0a0, 0x000001aaac09e118]
Event: 1753.454 Thread 0x000001aabba0f800 18251       4       org.gradle.internal.classloader.ClassLoaderVisitor::visitClassPath (1 bytes)
Event: 1753.454 Thread 0x000001aabba0f800 nmethod 18251 0x000001aaac09e190 code [0x000001aaac09e320, 0x000001aaac09e378]
Event: 1753.454 Thread 0x000001aabba0f800 18231       4       org.gradle.api.internal.provider.AbstractProperty$NonFinalizedValue::disallowChanges (6 bytes)
Event: 1753.454 Thread 0x000001aabba0f800 nmethod 18231 0x000001aaac09e410 code [0x000001aaac09e5a0, 0x000001aaac09e5f8]
Event: 1753.454 Thread 0x000001aabba0f800 18333       4       com.google.common.cache.LocalCache$StrongValueReference::notifyNewValue (1 bytes)
Event: 1753.455 Thread 0x000001aabba0f800 nmethod 18333 0x000001aaac09e690 code [0x000001aaac09e820, 0x000001aaac09e878]
Event: 1753.455 Thread 0x000001aabba12800 18378       3       org.gradle.api.internal.tasks.properties.GetOutputFilesVisitor$$Lambda$580/0x000000010099a440::accept (14 bytes)
Event: 1753.455 Thread 0x000001aabba12800 nmethod 18378 0x000001aaa65ea610 code [0x000001aaa65ea7e0, 0x000001aaa65eaaa8]
Event: 1753.455 Thread 0x000001aabba0f800 18379   !   4       org.gradle.internal.action.InstantiatingAction::execute (154 bytes)

GC Heap History (20 events):
Event: 9.016 GC heap before
{Heap before GC invocations=14 (full 0):
 garbage-first heap   total 262144K, used 175044K [0x0000000080000000, 0x0000000100000000)
  region size 1024K, 101 young (103424K), 7 survivors (7168K)
 Metaspace       used 87652K, capacity 89943K, committed 90028K, reserved 1126400K
  class space    used 11325K, capacity 12151K, committed 12204K, reserved 1048576K
}
Event: 9.024 GC heap after
{Heap after GC invocations=15 (full 0):
 garbage-first heap   total 262144K, used 84215K [0x0000000080000000, 0x0000000100000000)
  region size 1024K, 11 young (11264K), 11 survivors (11264K)
 Metaspace       used 87652K, capacity 89943K, committed 90028K, reserved 1126400K
  class space    used 11325K, capacity 12151K, committed 12204K, reserved 1048576K
}
Event: 10.529 GC heap before
{Heap before GC invocations=15 (full 0):
 garbage-first heap   total 262144K, used 182519K [0x0000000080000000, 0x0000000100000000)
  region size 1024K, 108 young (110592K), 11 survivors (11264K)
 Metaspace       used 89548K, capacity 91866K, committed 92076K, reserved 1128448K
  class space    used 11511K, capacity 12341K, committed 12460K, reserved 1048576K
}
Event: 10.537 GC heap after
{Heap after GC invocations=16 (full 0):
 garbage-first heap   total 262144K, used 88521K [0x0000000080000000, 0x0000000100000000)
  region size 1024K, 10 young (10240K), 10 survivors (10240K)
 Metaspace       used 89548K, capacity 91866K, committed 92076K, reserved 1128448K
  class space    used 11511K, capacity 12341K, committed 12460K, reserved 1048576K
}
Event: 11.586 GC heap before
{Heap before GC invocations=16 (full 0):
 garbage-first heap   total 262144K, used 178633K [0x0000000080000000, 0x0000000100000000)
  region size 1024K, 98 young (100352K), 10 survivors (10240K)
 Metaspace       used 97638K, capacity 100108K, committed 100268K, reserved 1136640K
  class space    used 12494K, capacity 13385K, committed 13484K, reserved 1048576K
}
Event: 11.618 GC heap after
{Heap after GC invocations=17 (full 0):
 garbage-first heap   total 262144K, used 104180K [0x0000000080000000, 0x0000000100000000)
  region size 1024K, 14 young (14336K), 14 survivors (14336K)
 Metaspace       used 97638K, capacity 100108K, committed 100268K, reserved 1136640K
  class space    used 12494K, capacity 13385K, committed 13484K, reserved 1048576K
}
Event: 12.538 GC heap before
{Heap before GC invocations=18 (full 0):
 garbage-first heap   total 262144K, used 193268K [0x0000000080000000, 0x0000000100000000)
  region size 1024K, 104 young (106496K), 14 survivors (14336K)
 Metaspace       used 101127K, capacity 103402K, committed 103980K, reserved 1138688K
  class space    used 12751K, capacity 13600K, committed 13868K, reserved 1048576K
}
Event: 12.545 GC heap after
{Heap after GC invocations=19 (full 0):
 garbage-first heap   total 262144K, used 96709K [0x0000000080000000, 0x0000000100000000)
  region size 1024K, 4 young (4096K), 4 survivors (4096K)
 Metaspace       used 101127K, capacity 103402K, committed 103980K, reserved 1138688K
  class space    used 12751K, capacity 13600K, committed 13868K, reserved 1048576K
}
Event: 12.999 GC heap before
{Heap before GC invocations=19 (full 0):
 garbage-first heap   total 262144K, used 192965K [0x0000000080000000, 0x0000000100000000)
  region size 1024K, 99 young (101376K), 4 survivors (4096K)
 Metaspace       used 109883K, capacity 113429K, committed 113708K, reserved 1146880K
  class space    used 14394K, capacity 15836K, committed 15916K, reserved 1048576K
}
Event: 13.012 GC heap after
{Heap after GC invocations=20 (full 0):
 garbage-first heap   total 262144K, used 111030K [0x0000000080000000, 0x0000000100000000)
  region size 1024K, 13 young (13312K), 13 survivors (13312K)
 Metaspace       used 109883K, capacity 113429K, committed 113708K, reserved 1146880K
  class space    used 14394K, capacity 15836K, committed 15916K, reserved 1048576K
}
Event: 13.399 GC heap before
{Heap before GC invocations=20 (full 0):
 garbage-first heap   total 262144K, used 201142K [0x0000000080000000, 0x0000000100000000)
  region size 1024K, 101 young (103424K), 13 survivors (13312K)
 Metaspace       used 112136K, capacity 115959K, committed 116140K, reserved 1148928K
  class space    used 14665K, capacity 16184K, committed 16300K, reserved 1048576K
}
Event: 13.406 GC heap after
{Heap after GC invocations=21 (full 0):
 garbage-first heap   total 262144K, used 111015K [0x0000000080000000, 0x0000000100000000)
  region size 1024K, 5 young (5120K), 5 survivors (5120K)
 Metaspace       used 112136K, capacity 115959K, committed 116140K, reserved 1148928K
  class space    used 14665K, capacity 16184K, committed 16300K, reserved 1048576K
}
Event: 13.712 GC heap before
{Heap before GC invocations=21 (full 0):
 garbage-first heap   total 262144K, used 158119K [0x0000000080000000, 0x0000000100000000)
  region size 1024K, 41 young (41984K), 5 survivors (5120K)
 Metaspace       used 113948K, capacity 117783K, committed 117932K, reserved 1150976K
  class space    used 14919K, capacity 16468K, committed 16556K, reserved 1048576K
}
Event: 13.718 GC heap after
{Heap after GC invocations=22 (full 0):
 garbage-first heap   total 262144K, used 118448K [0x0000000080000000, 0x0000000100000000)
  region size 1024K, 4 young (4096K), 4 survivors (4096K)
 Metaspace       used 113948K, capacity 117783K, committed 117932K, reserved 1150976K
  class space    used 14919K, capacity 16468K, committed 16556K, reserved 1048576K
}
Event: 1752.612 GC heap before
{Heap before GC invocations=23 (full 0):
 garbage-first heap   total 262144K, used 210608K [0x0000000080000000, 0x0000000100000000)
  region size 1024K, 92 young (94208K), 4 survivors (4096K)
 Metaspace       used 115904K, capacity 118638K, committed 121644K, reserved 1155072K
  class space    used 14493K, capacity 15472K, committed 16684K, reserved 1048576K
}
Event: 1752.617 GC heap after
{Heap after GC invocations=24 (full 0):
 garbage-first heap   total 262144K, used 111633K [0x0000000080000000, 0x0000000100000000)
  region size 1024K, 6 young (6144K), 6 survivors (6144K)
 Metaspace       used 115904K, capacity 118638K, committed 121644K, reserved 1155072K
  class space    used 14493K, capacity 15472K, committed 16684K, reserved 1048576K
}
Event: 1752.642 GC heap before
{Heap before GC invocations=24 (full 0):
 garbage-first heap   total 262144K, used 116753K [0x0000000080000000, 0x0000000100000000)
  region size 1024K, 12 young (12288K), 6 survivors (6144K)
 Metaspace       used 115912K, capacity 118640K, committed 121644K, reserved 1155072K
  class space    used 14493K, capacity 15472K, committed 16684K, reserved 1048576K
}
Event: 1752.647 GC heap after
{Heap after GC invocations=25 (full 0):
 garbage-first heap   total 262144K, used 107693K [0x0000000080000000, 0x0000000100000000)
  region size 1024K, 1 young (1024K), 1 survivors (1024K)
 Metaspace       used 115912K, capacity 118640K, committed 121644K, reserved 1155072K
  class space    used 14493K, capacity 15472K, committed 16684K, reserved 1048576K
}
Event: 1753.076 GC heap before
{Heap before GC invocations=25 (full 0):
 garbage-first heap   total 262144K, used 184493K [0x0000000080000000, 0x0000000100000000)
  region size 1024K, 67 young (68608K), 1 survivors (1024K)
 Metaspace       used 116506K, capacity 119252K, committed 122540K, reserved 1155072K
  class space    used 14523K, capacity 15504K, committed 16812K, reserved 1048576K
}
Event: 1753.087 GC heap after
{Heap after GC invocations=26 (full 0):
 garbage-first heap   total 262144K, used 127928K [0x0000000080000000, 0x0000000100000000)
  region size 1024K, 13 young (13312K), 13 survivors (13312K)
 Metaspace       used 116506K, capacity 119252K, committed 122540K, reserved 1155072K
  class space    used 14523K, capacity 15504K, committed 16812K, reserved 1048576K
}

Deoptimization events (20 events):
Event: 1753.203 Thread 0x000001aac1198000 DEOPT PACKING pc=0x000001aaabc287f0 sp=0x0000003b354fc7e0
Event: 1753.203 Thread 0x000001aac1198000 DEOPT UNPACKING pc=0x000001aaa3bd74af sp=0x0000003b354fc6e0 mode 2
Event: 1753.204 Thread 0x000001aac1197800 Uncommon trap: trap_request=0xffffff4d fr.pc=0x000001aaabc04a84 relative=0x0000000000000304
Event: 1753.204 Thread 0x000001aac1197800 Uncommon trap: reason=unstable_if action=reinterpret pc=0x000001aaabc04a84 method=com.google.common.collect.MapMakerInternalMap$Segment.getEntry(Ljava/lang/Object;I)Lcom/google/common/collect/MapMakerInternalMap$InternalEntry; @ 40 c2
Event: 1753.204 Thread 0x000001aac1197800 DEOPT PACKING pc=0x000001aaabc04a84 sp=0x0000003b357fcaf0
Event: 1753.204 Thread 0x000001aac1197800 DEOPT UNPACKING pc=0x000001aaa3bd74af sp=0x0000003b357fca38 mode 2
Event: 1753.205 Thread 0x000001aac1193800 Uncommon trap: trap_request=0xffffff4d fr.pc=0x000001aaabad8da4 relative=0x0000000000000244
Event: 1753.205 Thread 0x000001aac1193800 Uncommon trap: reason=unstable_if action=reinterpret pc=0x000001aaabad8da4 method=com.google.common.collect.MapMakerInternalMap$Segment.getEntry(Ljava/lang/Object;I)Lcom/google/common/collect/MapMakerInternalMap$InternalEntry; @ 40 c2
Event: 1753.205 Thread 0x000001aac1193800 DEOPT PACKING pc=0x000001aaabad8da4 sp=0x0000003b355fc830
Event: 1753.205 Thread 0x000001aac1193800 DEOPT UNPACKING pc=0x000001aaa3bd74af sp=0x0000003b355fc800 mode 2
Event: 1753.206 Thread 0x000001aac31ad800 DEOPT PACKING pc=0x000001aaa65b768f sp=0x0000003b3c5facb0
Event: 1753.206 Thread 0x000001aac31ad800 DEOPT UNPACKING pc=0x000001aaa3bd72ce sp=0x0000003b3c5fa1d8 mode 0
Event: 1753.261 Thread 0x000001aac1196000 Uncommon trap: trap_request=0xffffff4d fr.pc=0x000001aaabd0a5e4 relative=0x00000000000003a4
Event: 1753.261 Thread 0x000001aac1196000 Uncommon trap: reason=unstable_if action=reinterpret pc=0x000001aaabd0a5e4 method=java.util.concurrent.ConcurrentLinkedQueue.offer(Ljava/lang/Object;)Z @ 77 c2
Event: 1753.261 Thread 0x000001aac1196000 DEOPT PACKING pc=0x000001aaabd0a5e4 sp=0x0000003b351fd990
Event: 1753.261 Thread 0x000001aac1196000 DEOPT UNPACKING pc=0x000001aaa3bd74af sp=0x0000003b351fd928 mode 2
Event: 1753.426 Thread 0x000001aac0ca1000 Uncommon trap: trap_request=0xffffffde fr.pc=0x000001aaabcdd4c8 relative=0x00000000000000e8
Event: 1753.426 Thread 0x000001aac0ca1000 Uncommon trap: reason=class_check action=maybe_recompile pc=0x000001aaabcdd4c8 method=java.lang.ThreadLocal.setInitialValue()Ljava/lang/Object; @ 31 c2
Event: 1753.426 Thread 0x000001aac0ca1000 DEOPT PACKING pc=0x000001aaabcdd4c8 sp=0x0000003b3d0ff100
Event: 1753.426 Thread 0x000001aac0ca1000 DEOPT UNPACKING pc=0x000001aaa3bd74af sp=0x0000003b3d0ff080 mode 2

Classes redefined (0 events):
No events

Internal exceptions (20 events):
Event: 13.338 Thread 0x000001aabe269800 Exception <a 'java/lang/NoSuchMethodError'{0x000000008b22e6e8}: <clinit>> (0x000000008b22e6e8) thrown at [./src/hotspot/share/prims/jni.cpp, line 1362]
Event: 13.379 Thread 0x000001aabd53c000 Exception <a 'sun/nio/fs/WindowsException'{0x000000008adc1380}> (0x000000008adc1380) thrown at [./src/hotspot/share/prims/jni.cpp, line 615]
Event: 13.380 Thread 0x000001aabd53e800 Exception <a 'sun/nio/fs/WindowsException'{0x000000008adc88e8}> (0x000000008adc88e8) thrown at [./src/hotspot/share/prims/jni.cpp, line 615]
Event: 13.382 Thread 0x000001aabd539800 Exception <a 'sun/nio/fs/WindowsException'{0x000000008ac3b678}> (0x000000008ac3b678) thrown at [./src/hotspot/share/prims/jni.cpp, line 615]
Event: 13.438 Thread 0x000001aabd53e800 Exception <a 'sun/nio/fs/WindowsException'{0x000000008f7403d8}> (0x000000008f7403d8) thrown at [./src/hotspot/share/prims/jni.cpp, line 615]
Event: 13.460 Thread 0x000001aabd539800 Exception <a 'sun/nio/fs/WindowsException'{0x000000008f161d38}> (0x000000008f161d38) thrown at [./src/hotspot/share/prims/jni.cpp, line 615]
Event: 13.587 Thread 0x000001aabd53c000 Exception <a 'sun/nio/fs/WindowsException'{0x000000008e6b4768}> (0x000000008e6b4768) thrown at [./src/hotspot/share/prims/jni.cpp, line 615]
Event: 13.863 Thread 0x000001aabe269800 Exception <a 'java/lang/NoSuchMethodError'{0x000000008fcc87e8}: 'java.lang.Object java.lang.invoke.DirectMethodHandle$Holder.invokeSpecial(java.lang.Object, java.lang.Object, java.lang.Object, int, int, java.lang.Object, java.lang.Object)'> (0x000000008fcc87e8) thrown at [./src/hotspot/share/interpreter/linkResolver.cpp, line 773]
Event: 13.864 Thread 0x000001aabe269800 Exception <a 'java/lang/NoSuchMethodError'{0x000000008fcd1958}: 'java.lang.Object java.lang.invoke.DirectMethodHandle$Holder.invokeStatic(java.lang.Object, java.lang.Object, java.lang.Object, int, int, java.lang.Object)'> (0x000000008fcd1958) thrown at [./src/hotspot/share/interpreter/linkResolver.cpp, line 773]
Event: 13.864 Thread 0x000001aabe269800 Exception <a 'java/lang/NoSuchMethodError'{0x000000008fcd5678}: 'java.lang.Object java.lang.invoke.DirectMethodHandle$Holder.invokeSpecial(java.lang.Object, java.lang.Object, java.lang.Object, java.lang.Object, int, int, java.lang.Object)'> (0x000000008fcd5678) thrown at [./src/hotspot/share/interpreter/linkResolver.cpp, line 773]
Event: 13.864 Thread 0x000001aabe269800 Exception <a 'java/lang/NoSuchMethodError'{0x000000008fcd8b98}: 'java.lang.Object java.lang.invoke.Invokers$Holder.linkToTargetMethod(java.lang.Object, java.lang.Object, int, int, java.lang.Object, java.lang.Object)'> (0x000000008fcd8b98) thrown at [./src/hotspot/share/interpreter/linkResolver.cpp, line 773]
Event: 13.907 Thread 0x000001aabe269800 Implicit null exception at 0x000001aaabcb3867 to 0x000001aaabcb3c1c
Event: 1752.112 Thread 0x000001aac0c4c000 Implicit null exception at 0x000001aaabcaffd6 to 0x000001aaabcb02c4
Event: 1752.112 Thread 0x000001aac0c4c000 Implicit null exception at 0x000001aaabc1a4bf to 0x000001aaabc1afe0
Event: 1752.112 Thread 0x000001aac0c4c000 Implicit null exception at 0x000001aaabfbce97 to 0x000001aaabfc36bc
Event: 1752.376 Thread 0x000001aac0c4c000 Exception <a 'sun/nio/fs/WindowsException'{0x000000008b0fcd30}> (0x000000008b0fcd30) thrown at [./src/hotspot/share/prims/jni.cpp, line 615]
Event: 1752.991 Thread 0x000001aac31ae800 Implicit null exception at 0x000001aaabb985ac to 0x000001aaabb988cc
Event: 1752.991 Thread 0x000001aac31ae800 Implicit null exception at 0x000001aaabbaee9f to 0x000001aaabbb29f4
Event: 1753.360 Thread 0x000001aac31ae800 Exception <a 'sun/nio/fs/WindowsException'{0x000000008da7ad78}> (0x000000008da7ad78) thrown at [./src/hotspot/share/prims/jni.cpp, line 615]
Event: 1753.360 Thread 0x000001aac31ae800 Exception <a 'sun/nio/fs/WindowsException'{0x000000008da7ba28}> (0x000000008da7ba28) thrown at [./src/hotspot/share/prims/jni.cpp, line 615]

Events (20 events):
Event: 1753.286 Executing VM operation: RevokeBias
Event: 1753.287 Executing VM operation: RevokeBias done
Event: 1753.287 Executing VM operation: RevokeBias
Event: 1753.287 Executing VM operation: RevokeBias done
Event: 1753.287 Executing VM operation: RevokeBias
Event: 1753.287 Executing VM operation: RevokeBias done
Event: 1753.289 Thread 0x000001aac0ca2000 Thread added: 0x000001aac0ca2000
Event: 1753.290 Executing VM operation: RevokeBias
Event: 1753.290 Executing VM operation: RevokeBias done
Event: 1753.297 Executing VM operation: RevokeBias
Event: 1753.297 Executing VM operation: RevokeBias done
Event: 1753.297 Executing VM operation: RevokeBias
Event: 1753.297 Executing VM operation: RevokeBias done
Event: 1753.297 Thread 0x000001aac0ca2800 Thread added: 0x000001aac0ca2800
Event: 1753.302 Thread 0x000001aac0ca1000 Thread added: 0x000001aac0ca1000
Event: 1753.302 Thread 0x000001aac0ca3800 Thread added: 0x000001aac0ca3800
Event: 1753.335 loading class org/gradle/internal/Try$1
Event: 1753.335 loading class org/gradle/internal/Try$1 done
Event: 1753.443 Executing VM operation: RevokeBias
Event: 1753.444 Executing VM operation: RevokeBias done


Dynamic libraries:
0x00007ff664fb0000 - 0x00007ff664fba000 	C:\Program Files\Android\Android Studio\jre\bin\java.exe
0x00007ffa2a370000 - 0x00007ffa2a565000 	C:\WINDOWS\SYSTEM32\ntdll.dll
0x00007ffa28910000 - 0x00007ffa289cd000 	C:\WINDOWS\System32\KERNEL32.DLL
0x00007ffa27ab0000 - 0x00007ffa27d78000 	C:\WINDOWS\System32\KERNELBASE.dll
0x00007ffa28080000 - 0x00007ffa28180000 	C:\WINDOWS\System32\ucrtbase.dll
0x00007ffa0d2b0000 - 0x00007ffa0d2c9000 	C:\Program Files\Android\Android Studio\jre\bin\jli.dll
0x00007ff9fa680000 - 0x00007ff9fa697000 	C:\Program Files\Android\Android Studio\jre\bin\VCRUNTIME140.dll
0x00007ffa2a0e0000 - 0x00007ffa2a280000 	C:\WINDOWS\System32\USER32.dll
0x00007ffa18060000 - 0x00007ffa182fa000 	C:\WINDOWS\WinSxS\amd64_microsoft.windows.common-controls_6595b64144ccf1df_6.0.19041.1052_none_60b8f8fd71f5e8cb\COMCTL32.dll
0x00007ffa283b0000 - 0x00007ffa283d2000 	C:\WINDOWS\System32\win32u.dll
0x00007ffa28b80000 - 0x00007ffa28baa000 	C:\WINDOWS\System32\GDI32.dll
0x00007ffa297f0000 - 0x00007ffa2988e000 	C:\WINDOWS\System32\msvcrt.dll
0x00007ffa27f70000 - 0x00007ffa2807b000 	C:\WINDOWS\System32\gdi32full.dll
0x00007ffa28180000 - 0x00007ffa2821d000 	C:\WINDOWS\System32\msvcp_win.dll
0x00007ffa2a0b0000 - 0x00007ffa2a0e0000 	C:\WINDOWS\System32\IMM32.DLL
0x00007ff9f1810000 - 0x00007ff9f18ad000 	C:\Program Files\Android\Android Studio\jre\bin\msvcp140.dll
0x00007ff9e3560000 - 0x00007ff9e401c000 	C:\Program Files\Android\Android Studio\jre\bin\server\jvm.dll
0x00007ffa29660000 - 0x00007ffa2970c000 	C:\WINDOWS\System32\ADVAPI32.dll
0x00007ffa28870000 - 0x00007ffa2890b000 	C:\WINDOWS\System32\sechost.dll
0x00007ffa299d0000 - 0x00007ffa29afb000 	C:\WINDOWS\System32\RPCRT4.dll
0x00007ffa28440000 - 0x00007ffa28448000 	C:\WINDOWS\System32\PSAPI.DLL
0x00007ffa184b0000 - 0x00007ffa184d7000 	C:\WINDOWS\SYSTEM32\WINMM.dll
0x00007ffa03200000 - 0x00007ffa03209000 	C:\WINDOWS\SYSTEM32\WSOCK32.dll
0x00007ffa215d0000 - 0x00007ffa215da000 	C:\WINDOWS\SYSTEM32\VERSION.dll
0x00007ffa2a040000 - 0x00007ffa2a0ab000 	C:\WINDOWS\System32\WS2_32.dll
0x00007ffa25a20000 - 0x00007ffa25a32000 	C:\WINDOWS\SYSTEM32\kernel.appcore.dll
0x00007ffa1ea00000 - 0x00007ffa1ea11000 	C:\Program Files\Android\Android Studio\jre\bin\verify.dll
0x00007ffa131f0000 - 0x00007ffa133d4000 	C:\WINDOWS\SYSTEM32\DBGHELP.DLL
0x00007ffa12e40000 - 0x00007ffa12e6c000 	C:\WINDOWS\SYSTEM32\dbgcore.DLL
0x00007ffa27d80000 - 0x00007ffa27e03000 	C:\WINDOWS\System32\bcryptPrimitives.dll
0x00007ffa0bc20000 - 0x00007ffa0bc49000 	C:\Program Files\Android\Android Studio\jre\bin\java.dll
0x00007ffa1f860000 - 0x00007ffa1f86b000 	C:\Program Files\Android\Android Studio\jre\bin\jimage.dll
0x00007ffa15ac0000 - 0x00007ffa15ad8000 	C:\Program Files\Android\Android Studio\jre\bin\zip.dll
0x00007ffa28d80000 - 0x00007ffa294bf000 	C:\WINDOWS\System32\SHELL32.dll
0x00007ffa25c20000 - 0x00007ffa263b0000 	C:\WINDOWS\SYSTEM32\windows.storage.dll
0x00007ffa28510000 - 0x00007ffa28865000 	C:\WINDOWS\System32\combase.dll
0x00007ffa27450000 - 0x00007ffa2747c000 	C:\WINDOWS\SYSTEM32\Wldp.dll
0x00007ffa295b0000 - 0x00007ffa2965e000 	C:\WINDOWS\System32\SHCORE.dll
0x00007ffa284b0000 - 0x00007ffa28505000 	C:\WINDOWS\System32\shlwapi.dll
0x00007ffa279f0000 - 0x00007ffa27a0f000 	C:\WINDOWS\SYSTEM32\profapi.dll
0x00007ffa15a20000 - 0x00007ffa15a3a000 	C:\Program Files\Android\Android Studio\jre\bin\net.dll
0x00007ffa1f1a0000 - 0x00007ffa1f2ab000 	C:\WINDOWS\SYSTEM32\WINHTTP.dll
0x00007ffa271c0000 - 0x00007ffa2722a000 	C:\WINDOWS\system32\mswsock.dll
0x00007ffa15620000 - 0x00007ffa15634000 	C:\Program Files\Android\Android Studio\jre\bin\nio.dll
0x00007ffa0ae20000 - 0x00007ffa0ae46000 	C:\Users\khang\.gradle\native\fdc75f09e3144964f2cf3f50f0aa648679c211496f362492102eb8c894070792\windows-amd64\native-platform.dll
0x00007ff9e7e80000 - 0x00007ff9e8011000 	C:\Users\khang\.gradle\native\12488b8bf47d2d4c9fbf2f6322a914ad602e24e48041cd04a747c6da556b65c4\windows-amd64\native-platform-file-events.dll
0x00007ffa1ed60000 - 0x00007ffa1ed6a000 	C:\Program Files\Android\Android Studio\jre\bin\management.dll
0x00007ffa1ea30000 - 0x00007ffa1ea3c000 	C:\Program Files\Android\Android Studio\jre\bin\management_ext.dll
0x00007ffa27390000 - 0x00007ffa273a8000 	C:\WINDOWS\SYSTEM32\CRYPTSP.dll
0x00007ffa26b60000 - 0x00007ffa26b94000 	C:\WINDOWS\system32\rsaenh.dll
0x00007ffa28220000 - 0x00007ffa28247000 	C:\WINDOWS\System32\bcrypt.dll
0x00007ffa27970000 - 0x00007ffa2799e000 	C:\WINDOWS\SYSTEM32\USERENV.dll
0x00007ffa273b0000 - 0x00007ffa273bc000 	C:\WINDOWS\SYSTEM32\CRYPTBASE.dll
0x00007ffa26eb0000 - 0x00007ffa26eeb000 	C:\WINDOWS\SYSTEM32\IPHLPAPI.DLL
0x00007ffa28bb0000 - 0x00007ffa28bb8000 	C:\WINDOWS\System32\NSI.dll
0x00007ffa21b30000 - 0x00007ffa21b47000 	C:\WINDOWS\SYSTEM32\dhcpcsvc6.DLL
0x00007ffa21ab0000 - 0x00007ffa21acd000 	C:\WINDOWS\SYSTEM32\dhcpcsvc.DLL
0x00007ffa26ef0000 - 0x00007ffa26fbc000 	C:\WINDOWS\SYSTEM32\DNSAPI.dll
0x00007ffa21950000 - 0x00007ffa2195b000 	C:\WINDOWS\SYSTEM32\WINNSI.DLL

dbghelp: loaded successfully - version: 4.0.5 - missing functions: none
symbol engine: initialized successfully - sym options: 0x614 - pdb path: .;C:\Program Files\Android\Android Studio\jre\bin;C:\WINDOWS\SYSTEM32;C:\WINDOWS\WinSxS\amd64_microsoft.windows.common-controls_6595b64144ccf1df_6.0.19041.1052_none_60b8f8fd71f5e8cb;C:\Program Files\Android\Android Studio\jre\bin\server;C:\Users\khang\.gradle\native\fdc75f09e3144964f2cf3f50f0aa648679c211496f362492102eb8c894070792\windows-amd64;C:\Users\khang\.gradle\native\12488b8bf47d2d4c9fbf2f6322a914ad602e24e48041cd04a747c6da556b65c4\windows-amd64

VM Arguments:
jvm_args: --add-opens=java.base/java.util=ALL-UNNAMED --add-opens=java.base/java.lang=ALL-UNNAMED --add-opens=java.base/java.lang.invoke=ALL-UNNAMED --add-opens=java.prefs/java.util.prefs=ALL-UNNAMED -Xmx2048m -Dfile.encoding=UTF-8 -Duser.country=KR -Duser.language=ko -Duser.variant 
java_command: org.gradle.launcher.daemon.bootstrap.GradleDaemon 6.7.1
java_class_path (initial): C:\Users\khang\.gradle\wrapper\dists\gradle-6.7.1-bin\bwlcbys1h7rz3272sye1xwiv6\gradle-6.7.1\lib\gradle-launcher-6.7.1.jar
Launcher Type: SUN_STANDARD

[Global flags]
     intx CICompilerCount                          = 4                                         {product} {ergonomic}
     uint ConcGCThreads                            = 3                                         {product} {ergonomic}
     uint G1ConcRefinementThreads                  = 10                                        {product} {ergonomic}
   size_t G1HeapRegionSize                         = 1048576                                   {product} {ergonomic}
    uintx GCDrainStackTargetSize                   = 64                                        {product} {ergonomic}
   size_t InitialHeapSize                          = 268435456                                 {product} {ergonomic}
   size_t MarkStackSize                            = 4194304                                   {product} {ergonomic}
   size_t MaxHeapSize                              = 2147483648                                {product} {command line}
   size_t MaxNewSize                               = 1287651328                                {product} {ergonomic}
   size_t MinHeapDeltaBytes                        = 1048576                                   {product} {ergonomic}
    uintx NonNMethodCodeHeapSize                   = 5836300                                {pd product} {ergonomic}
    uintx NonProfiledCodeHeapSize                  = 122910970                              {pd product} {ergonomic}
    uintx ProfiledCodeHeapSize                     = 122910970                              {pd product} {ergonomic}
    uintx ReservedCodeCacheSize                    = 251658240                              {pd product} {ergonomic}
     bool SegmentedCodeCache                       = true                                      {product} {ergonomic}
     bool UseCompressedClassPointers               = true                                 {lp64_product} {ergonomic}
     bool UseCompressedOops                        = true                                 {lp64_product} {ergonomic}
     bool UseG1GC                                  = true                                      {product} {ergonomic}
     bool UseLargePagesIndividualAllocation        = false                                  {pd product} {ergonomic}

Logging:
Log output configuration:
 #0: stdout all=warning uptime,level,tags
 #1: stderr all=off uptime,level,tags

Environment Variables:
PATH=C:\Python39\Scripts\;C:\Python39\;D:\app\khangyul\product\12.1.0\dbhome_2\bin;D:\app\khangyul\yul\product\12.1.0\dbhome_1\bin;D:\app\khangyul\product\12.1.0\dbhome_1\bin;D:\app\khangyul\product\12.2.0\dbhome_1\bin;C:\oraclexe\app\oracle\product\11.2.0\server\bin;;C:\WINDOWS\system32;C:\WINDOWS;C:\WINDOWS\System32\Wbem;C:\WINDOWS\System32\WindowsPowerShell\v1.0\;C:\WINDOWS\System32\OpenSSH\;C:\Program Files\NVIDIA Corporation\NVIDIA NvDLISR;D:\Git\cmd;D:\nodejs\;C:\ProgramData\chocolatey\bin;D:\Brackets\command;C:\Users\khang\anaconda3;C:\Users\khang\anaconda3\Library\mingw-w64\bin;C:\Users\khang\anaconda3\Library\usr\bin;C:\Users\khang\anaconda3\Library\bin;C:\Users\khang\anaconda3\Scripts;C:\Users\khang\AppData\Local\Programs\Python\Python39\Scripts\;C:\Users\khang\AppData\Local\Programs\Python\Python39\;C:\Users\khang\AppData\Local\Microsoft\WindowsApps;D:\Bandizip\;C:\Users\khang\AppData\Roaming\npm;C:\Program Files\JetBrains\PyCharm Community Edition 2020.3.4\bin;
USERNAME=khang
OS=Windows_NT
PROCESSOR_IDENTIFIER=AMD64 Family 23 Model 1 Stepping 1, AuthenticAMD



---------------  S Y S T E M  ---------------

OS: Windows 10 , 64 bit Build 19041 (10.0.19041.1023)
OS uptime: 8 days 6:44 hours

CPU:total 12 (initial active 12) (12 cores per cpu, 2 threads per core) family 23 model 1 stepping 1, cmov, cx8, fxsr, mmx, sse, sse2, sse3, ssse3, sse4.1, sse4.2, popcnt, avx, avx2, aes, clmul, mmxext, 3dnowpref, lzcnt, sse4a, ht, tsc, tscinvbit, tscinv, bmi1, bmi2, adx, sha, fma

Memory: 4k page, system-wide physical 16335M (5339M free)
TotalPageFile size 65487M (AvailPageFile size 3M)
current process WorkingSet (physical memory assigned to process): 599M, peak: 605M
current process commit charge ("private bytes"): 639M, peak: 645M

vm_info: OpenJDK 64-Bit Server VM (11.0.8+10-b944.6842174) for windows-amd64 JRE (11.0.8+10-b944.6842174), built on Sep 19 2020 01:11:42 by "builder" with MS VC++ 14.0 (VS2015)

END.
