#
# There is insufficient memory for the Java Runtime Environment to continue.
# Native memory allocation (malloc) failed to allocate 1395376 bytes for Chunk::new
# Possible reasons:
#   The system is out of physical RAM or swap space
#   The process is running with CompressedOops enabled, and the Java Heap may be blocking the growth of the native heap
# Possible solutions:
#   Reduce memory load on the system
#   Increase physical memory or swap space
#   Check if swap backing store is full
#   Decrease Java heap size (-Xmx/-Xms)
#   Decrease number of Java threads
#   Decrease Java thread stack sizes (-Xss)
#   Set larger code cache with -XX:ReservedCodeCacheSize=
#   JVM is running with Unscaled Compressed Oops mode in which the Java heap is
#     placed in the first 4GB address space. The Java Heap base address is the
#     maximum limit for the native heap growth. Please use -XX:HeapBaseMinAddress
#     to set the Java Heap base and to place the Java Heap above 4GB virtual address.
# This output file may be truncated or incomplete.
#
#  Out of Memory Error (./src/hotspot/share/memory/arena.cpp:197), pid=11280, tid=16228
#
# JRE version: OpenJDK Runtime Environment (11.0.8+10) (build 11.0.8+10-b944.6842174)
# Java VM: OpenJDK 64-Bit Server VM (11.0.8+10-b944.6842174, mixed mode, tiered, compressed oops, g1 gc, windows-amd64)
# No core dump will be written. Minidumps are not enabled by default on client versions of Windows
#

---------------  S U M M A R Y ------------

Command Line: --add-opens=java.base/java.util=ALL-UNNAMED --add-opens=java.base/java.lang=ALL-UNNAMED --add-opens=java.base/java.lang.invoke=ALL-UNNAMED --add-opens=java.prefs/java.util.prefs=ALL-UNNAMED -Xmx2048m -Dfile.encoding=UTF-8 -Duser.country=KR -Duser.language=ko -Duser.variant org.gradle.launcher.daemon.bootstrap.GradleDaemon 6.7.1

Host: AMD Ryzen 5 1600X Six-Core Processor           , 12 cores, 15G,  Windows 10 , 64 bit Build 19041 (10.0.19041.1023)
Time: Mon Jun 21 21:09:39 2021 대한민국 표준시 elapsed time: 2 seconds (0d 0h 0m 2s)

---------------  T H R E A D  ---------------

Current thread (0x000002ab08cd5800):  JavaThread "C2 CompilerThread1" daemon [_thread_in_native, id=16228, stack(0x000000b537e00000,0x000000b537f00000)]


Current CompileTask:
C2:   2206 2149       4       java.net.URLClassLoader$1::run (5 bytes)

Stack: [0x000000b537e00000,0x000000b537f00000]
Native frames: (J=compiled Java code, j=interpreted, Vv=VM code, C=native code)
V  [jvm.dll+0x5de50a]
V  [jvm.dll+0x7122f5]
V  [jvm.dll+0x71384d]
V  [jvm.dll+0x713f03]
V  [jvm.dll+0x23e728]
V  [jvm.dll+0xb899c]
V  [jvm.dll+0xb8e9c]
V  [jvm.dll+0x35020b]
V  [jvm.dll+0x193cbc]
V  [jvm.dll+0x1f780e]
V  [jvm.dll+0x1f68d4]
V  [jvm.dll+0x17f32c]
V  [jvm.dll+0x205047]
V  [jvm.dll+0x203891]
V  [jvm.dll+0x6dad3f]
V  [jvm.dll+0x6d3895]
V  [jvm.dll+0x5dd4a6]
C  [ucrtbase.dll+0x21bb2]
C  [KERNEL32.DLL+0x17034]
C  [ntdll.dll+0x52651]


---------------  P R O C E S S  ---------------

Threads class SMR info:
_java_thread_list=0x000002ab0cc42770, length=28, elements={
0x000002ab6ba1b800, 0x000002ab089f3800, 0x000002ab089f5800, 0x000002ab08a6a800,
0x000002ab08a6b800, 0x000002ab08a6e000, 0x000002ab08a72000, 0x000002ab08a77800,
0x000002ab08bdd800, 0x000002ab08be3800, 0x000002ab08cd5800, 0x000002ab09806800,
0x000002ab0b11e000, 0x000002ab0a399800, 0x000002ab0a39a000, 0x000002ab09ab3800,
0x000002ab0ab88000, 0x000002ab0af58800, 0x000002ab0a43f000, 0x000002ab0af57800,
0x000002ab0a198000, 0x000002ab0a4c6800, 0x000002ab0a892800, 0x000002ab0a895800,
0x000002ab0a897000, 0x000002ab0a896800, 0x000002ab0a898000, 0x000002ab0a893000
}

Java Threads: ( => current thread )
  0x000002ab6ba1b800 JavaThread "main" [_thread_blocked, id=6980, stack(0x000000b536d00000,0x000000b536e00000)]
  0x000002ab089f3800 JavaThread "Reference Handler" daemon [_thread_blocked, id=2460, stack(0x000000b537400000,0x000000b537500000)]
  0x000002ab089f5800 JavaThread "Finalizer" daemon [_thread_blocked, id=15580, stack(0x000000b537500000,0x000000b537600000)]
  0x000002ab08a6a800 JavaThread "Signal Dispatcher" daemon [_thread_blocked, id=9196, stack(0x000000b537600000,0x000000b537700000)]
  0x000002ab08a6b800 JavaThread "Attach Listener" daemon [_thread_blocked, id=7512, stack(0x000000b537700000,0x000000b537800000)]
  0x000002ab08a6e000 JavaThread "C2 CompilerThread0" daemon [_thread_in_native, id=1444, stack(0x000000b537800000,0x000000b537900000)]
  0x000002ab08a72000 JavaThread "C1 CompilerThread0" daemon [_thread_blocked, id=10604, stack(0x000000b537900000,0x000000b537a00000)]
  0x000002ab08a77800 JavaThread "Sweeper thread" daemon [_thread_blocked, id=15548, stack(0x000000b537a00000,0x000000b537b00000)]
  0x000002ab08bdd800 JavaThread "Common-Cleaner" daemon [_thread_blocked, id=7372, stack(0x000000b537b00000,0x000000b537c00000)]
  0x000002ab08be3800 JavaThread "Service Thread" daemon [_thread_blocked, id=12272, stack(0x000000b537c00000,0x000000b537d00000)]
=>0x000002ab08cd5800 JavaThread "C2 CompilerThread1" daemon [_thread_in_native, id=16228, stack(0x000000b537e00000,0x000000b537f00000)]
  0x000002ab09806800 JavaThread "C2 CompilerThread2" daemon [_thread_in_native, id=14024, stack(0x000000b537f00000,0x000000b538000000)]
  0x000002ab0b11e000 JavaThread "Daemon health stats" [_thread_blocked, id=1532, stack(0x000000b538500000,0x000000b538600000)]
  0x000002ab0a399800 JavaThread "Incoming local TCP Connector on port 2484" [_thread_in_native, id=8600, stack(0x000000b538800000,0x000000b538900000)]
  0x000002ab0a39a000 JavaThread "Daemon periodic checks" [_thread_blocked, id=11284, stack(0x000000b538900000,0x000000b538a00000)]
  0x000002ab09ab3800 JavaThread "Daemon" [_thread_blocked, id=11248, stack(0x000000b538a00000,0x000000b538b00000)]
  0x000002ab0ab88000 JavaThread "Handler for socket connection from /127.0.0.1:2484 to /127.0.0.1:2485" [_thread_in_native, id=15152, stack(0x000000b538b00000,0x000000b538c00000)]
  0x000002ab0af58800 JavaThread "Cancel handler" [_thread_blocked, id=16316, stack(0x000000b538c00000,0x000000b538d00000)]
  0x000002ab0a43f000 JavaThread "Daemon worker" [_thread_in_native, id=7256, stack(0x000000b538d00000,0x000000b538e00000)]
  0x000002ab0af57800 JavaThread "Asynchronous log dispatcher for DefaultDaemonConnection: socket connection from /127.0.0.1:2484 to /127.0.0.1:2485" [_thread_blocked, id=12548, stack(0x000000b538e00000,0x000000b538f00000)]
  0x000002ab0a198000 JavaThread "Stdin handler" [_thread_blocked, id=14560, stack(0x000000b538f00000,0x000000b539000000)]
  0x000002ab0a4c6800 JavaThread "Thread-8" [_thread_blocked, id=5980, stack(0x000000b539000000,0x000000b539100000)]
  0x000002ab0a892800 JavaThread "Cache worker for file hash cache (C:\Users\khang\.gradle\caches\6.7.1\fileHashes)" [_thread_blocked, id=1164, stack(0x000000b539100000,0x000000b539200000)]
  0x000002ab0a895800 JavaThread "File lock request listener" [_thread_in_native, id=13540, stack(0x000000b539200000,0x000000b539300000)]
  0x000002ab0a897000 JavaThread "Cache worker for journal cache (C:\Users\khang\.gradle\caches\journal-1)" [_thread_blocked, id=14624, stack(0x000000b539900000,0x000000b539a00000)]
  0x000002ab0a896800 JavaThread "Cache worker for file hash cache (D:\hg\SportsCalendar_android_0620_5_save\SportsCalendar_android_0620_5_save\.gradle\6.7.1\fileHashes)" [_thread_blocked, id=11488, stack(0x000000b539a00000,0x000000b539b00000)]
  0x000002ab0a898000 JavaThread "Cache worker for checksums cache (D:\hg\SportsCalendar_android_0620_5_save\SportsCalendar_android_0620_5_save\.gradle\checksums)" [_thread_blocked, id=12820, stack(0x000000b539b00000,0x000000b539c00000)]
  0x000002ab0a893000 JavaThread "Cache worker for cache directory md-supplier (C:\Users\khang\.gradle\caches\6.7.1\md-supplier)" [_thread_blocked, id=3760, stack(0x000000b539c00000,0x000000b539d00000)]

Other Threads:
  0x000002ab089ef000 VMThread "VM Thread" [stack: 0x000000b537300000,0x000000b537400000] [id=12688]
  0x000002ab08c00800 WatcherThread [stack: 0x000000b537d00000,0x000000b537e00000] [id=908]
  0x000002ab6ba33000 GCTaskThread "GC Thread#0" [stack: 0x000000b536e00000,0x000000b536f00000] [id=680]
  0x000002ab097e3800 GCTaskThread "GC Thread#1" [stack: 0x000000b538000000,0x000000b538100000] [id=14032]
  0x000002ab09a3a000 GCTaskThread "GC Thread#2" [stack: 0x000000b538100000,0x000000b538200000] [id=3696]
  0x000002ab096e4000 GCTaskThread "GC Thread#3" [stack: 0x000000b538200000,0x000000b538300000] [id=4084]
  0x000002ab09a53000 GCTaskThread "GC Thread#4" [stack: 0x000000b538300000,0x000000b538400000] [id=416]
  0x000002ab09701800 GCTaskThread "GC Thread#5" [stack: 0x000000b538400000,0x000000b538500000] [id=7924]
  0x000002ab0b119000 GCTaskThread "GC Thread#6" [stack: 0x000000b539300000,0x000000b539400000] [id=8288]
  0x000002ab0a07d800 GCTaskThread "GC Thread#7" [stack: 0x000000b539400000,0x000000b539500000] [id=10460]
  0x000002ab0a049800 GCTaskThread "GC Thread#8" [stack: 0x000000b539500000,0x000000b539600000] [id=11720]
  0x000002ab0a059000 GCTaskThread "GC Thread#9" [stack: 0x000000b539600000,0x000000b539700000] [id=14280]
  0x000002ab6ba63800 ConcurrentGCThread "G1 Main Marker" [stack: 0x000000b536f00000,0x000000b537000000] [id=11908]
  0x000002ab6ba66000 ConcurrentGCThread "G1 Conc#0" [stack: 0x000000b537000000,0x000000b537100000] [id=10896]
  0x000002ab0a8ac000 ConcurrentGCThread "G1 Conc#1" [stack: 0x000000b539700000,0x000000b539800000] [id=8944]
  0x000002ab09762800 ConcurrentGCThread "G1 Conc#2" [stack: 0x000000b539800000,0x000000b539900000] [id=13656]
  0x000002ab0803a800 ConcurrentGCThread "G1 Refine#0" [stack: 0x000000b537100000,0x000000b537200000] [id=10872]
  0x000002ab0803d800 ConcurrentGCThread "G1 Young RemSet Sampling" [stack: 0x000000b537200000,0x000000b537300000] [id=15484]

Threads with active compile tasks:
C2 CompilerThread0   2221 2259       4       java.lang.reflect.ProxyGenerator$ConstantPool::getIndirect (63 bytes)
C2 CompilerThread1   2221 2149       4       java.net.URLClassLoader$1::run (5 bytes)
C2 CompilerThread2   2221 2150   !   4       java.net.URLClassLoader$1::run (63 bytes)

VM state:not at safepoint (normal execution)

VM Mutex/Monitor currently owned by a thread: None

Heap address: 0x0000000080000000, size: 2048 MB, Compressed Oops mode: 32-bit
Narrow klass base: 0x0000000000000000, Narrow klass shift: 3
Compressed class space size: 1073741824 Address: 0x0000000100000000

Heap:
 garbage-first heap   total 262144K, used 43525K [0x0000000080000000, 0x0000000100000000)
  region size 1024K, 28 young (28672K), 2 survivors (2048K)
 Metaspace       used 27152K, capacity 27865K, committed 27904K, reserved 1073152K
  class space    used 3578K, capacity 3822K, committed 3840K, reserved 1048576K
Heap Regions: E=young(eden), S=young(survivor), O=old, HS=humongous(starts), HC=humongous(continues), CS=collection set, F=free, A=archive, TAMS=top-at-mark-start (previous, next)
|   0|0x0000000080000000, 0x0000000080100000, 0x0000000080100000|100%| O|  |TAMS 0x0000000080000000, 0x0000000080000000| Untracked 
|   1|0x0000000080100000, 0x0000000080200000, 0x0000000080200000|100%| O|  |TAMS 0x0000000080100000, 0x0000000080100000| Untracked 
|   2|0x0000000080200000, 0x0000000080300000, 0x0000000080300000|100%| O|  |TAMS 0x0000000080200000, 0x0000000080200000| Untracked 
|   3|0x0000000080300000, 0x0000000080400000, 0x0000000080400000|100%|HS|  |TAMS 0x0000000080400000, 0x0000000080300000| Complete 
|   4|0x0000000080400000, 0x0000000080500000, 0x0000000080500000|100%|HC|  |TAMS 0x0000000080500000, 0x0000000080400000| Complete 
|   5|0x0000000080500000, 0x0000000080600000, 0x0000000080600000|100%|HC|  |TAMS 0x0000000080600000, 0x0000000080500000| Complete 
|   6|0x0000000080600000, 0x0000000080700000, 0x0000000080700000|100%| O|  |TAMS 0x0000000080700000, 0x0000000080600000| Untracked 
|   7|0x0000000080700000, 0x0000000080800000, 0x0000000080800000|100%| O|  |TAMS 0x0000000080800000, 0x0000000080700000| Untracked 
|   8|0x0000000080800000, 0x0000000080900000, 0x0000000080900000|100%| O|  |TAMS 0x0000000080866400, 0x0000000080800000| Untracked 
|   9|0x0000000080900000, 0x0000000080a00000, 0x0000000080a00000|100%| O|  |TAMS 0x0000000080900000, 0x0000000080900000| Untracked 
|  10|0x0000000080a00000, 0x0000000080b00000, 0x0000000080b00000|100%| O|  |TAMS 0x0000000080a00000, 0x0000000080a00000| Untracked 
|  11|0x0000000080b00000, 0x0000000080c00000, 0x0000000080c00000|100%| O|  |TAMS 0x0000000080b00000, 0x0000000080b00000| Untracked 
|  12|0x0000000080c00000, 0x0000000080d00000, 0x0000000080d00000|100%| O|  |TAMS 0x0000000080c00000, 0x0000000080c00000| Untracked 
|  13|0x0000000080d00000, 0x0000000080e00000, 0x0000000080e00000|100%| O|  |TAMS 0x0000000080d00000, 0x0000000080d00000| Untracked 
|  14|0x0000000080e00000, 0x0000000080f00000, 0x0000000080f00000|100%| O|  |TAMS 0x0000000080e00000, 0x0000000080e00000| Untracked 
|  15|0x0000000080f00000, 0x0000000080f97600, 0x0000000081000000| 59%| O|  |TAMS 0x0000000080f00000, 0x0000000080f00000| Untracked 
|  16|0x0000000081000000, 0x0000000081000000, 0x0000000081100000|  0%| F|  |TAMS 0x0000000081000000, 0x0000000081000000| Untracked 
|  17|0x0000000081100000, 0x0000000081100000, 0x0000000081200000|  0%| F|  |TAMS 0x0000000081100000, 0x0000000081100000| Untracked 
|  18|0x0000000081200000, 0x0000000081200000, 0x0000000081300000|  0%| F|  |TAMS 0x0000000081200000, 0x0000000081200000| Untracked 
|  19|0x0000000081300000, 0x0000000081300000, 0x0000000081400000|  0%| F|  |TAMS 0x0000000081300000, 0x0000000081300000| Untracked 
|  20|0x0000000081400000, 0x0000000081400000, 0x0000000081500000|  0%| F|  |TAMS 0x0000000081400000, 0x0000000081400000| Untracked 
|  21|0x0000000081500000, 0x0000000081500000, 0x0000000081600000|  0%| F|  |TAMS 0x0000000081500000, 0x0000000081500000| Untracked 
|  22|0x0000000081600000, 0x0000000081600000, 0x0000000081700000|  0%| F|  |TAMS 0x0000000081600000, 0x0000000081600000| Untracked 
|  23|0x0000000081700000, 0x0000000081700000, 0x0000000081800000|  0%| F|  |TAMS 0x0000000081700000, 0x0000000081700000| Untracked 
|  24|0x0000000081800000, 0x0000000081800000, 0x0000000081900000|  0%| F|  |TAMS 0x0000000081800000, 0x0000000081800000| Untracked 
|  25|0x0000000081900000, 0x0000000081900000, 0x0000000081a00000|  0%| F|  |TAMS 0x0000000081900000, 0x0000000081900000| Untracked 
|  26|0x0000000081a00000, 0x0000000081a00000, 0x0000000081b00000|  0%| F|  |TAMS 0x0000000081a00000, 0x0000000081a00000| Untracked 
|  27|0x0000000081b00000, 0x0000000081b00000, 0x0000000081c00000|  0%| F|  |TAMS 0x0000000081b00000, 0x0000000081b00000| Untracked 
|  28|0x0000000081c00000, 0x0000000081c00000, 0x0000000081d00000|  0%| F|  |TAMS 0x0000000081c00000, 0x0000000081c00000| Untracked 
|  29|0x0000000081d00000, 0x0000000081d00000, 0x0000000081e00000|  0%| F|  |TAMS 0x0000000081d00000, 0x0000000081d00000| Untracked 
|  30|0x0000000081e00000, 0x0000000081e00000, 0x0000000081f00000|  0%| F|  |TAMS 0x0000000081e00000, 0x0000000081e00000| Untracked 
|  31|0x0000000081f00000, 0x0000000081f00000, 0x0000000082000000|  0%| F|  |TAMS 0x0000000081f00000, 0x0000000081f00000| Untracked 
|  32|0x0000000082000000, 0x0000000082000000, 0x0000000082100000|  0%| F|  |TAMS 0x0000000082000000, 0x0000000082000000| Untracked 
|  33|0x0000000082100000, 0x0000000082100000, 0x0000000082200000|  0%| F|  |TAMS 0x0000000082100000, 0x0000000082100000| Untracked 
|  34|0x0000000082200000, 0x0000000082200000, 0x0000000082300000|  0%| F|  |TAMS 0x0000000082200000, 0x0000000082200000| Untracked 
|  35|0x0000000082300000, 0x0000000082300000, 0x0000000082400000|  0%| F|  |TAMS 0x0000000082300000, 0x0000000082300000| Untracked 
|  36|0x0000000082400000, 0x0000000082400000, 0x0000000082500000|  0%| F|  |TAMS 0x0000000082400000, 0x0000000082400000| Untracked 
|  37|0x0000000082500000, 0x0000000082500000, 0x0000000082600000|  0%| F|  |TAMS 0x0000000082500000, 0x0000000082500000| Untracked 
|  38|0x0000000082600000, 0x0000000082600000, 0x0000000082700000|  0%| F|  |TAMS 0x0000000082600000, 0x0000000082600000| Untracked 
|  39|0x0000000082700000, 0x0000000082700000, 0x0000000082800000|  0%| F|  |TAMS 0x0000000082700000, 0x0000000082700000| Untracked 
|  40|0x0000000082800000, 0x0000000082800000, 0x0000000082900000|  0%| F|  |TAMS 0x0000000082800000, 0x0000000082800000| Untracked 
|  41|0x0000000082900000, 0x0000000082900000, 0x0000000082a00000|  0%| F|  |TAMS 0x0000000082900000, 0x0000000082900000| Untracked 
|  42|0x0000000082a00000, 0x0000000082a00000, 0x0000000082b00000|  0%| F|  |TAMS 0x0000000082a00000, 0x0000000082a00000| Untracked 
|  43|0x0000000082b00000, 0x0000000082b00000, 0x0000000082c00000|  0%| F|  |TAMS 0x0000000082b00000, 0x0000000082b00000| Untracked 
|  44|0x0000000082c00000, 0x0000000082c00000, 0x0000000082d00000|  0%| F|  |TAMS 0x0000000082c00000, 0x0000000082c00000| Untracked 
|  45|0x0000000082d00000, 0x0000000082d00000, 0x0000000082e00000|  0%| F|  |TAMS 0x0000000082d00000, 0x0000000082d00000| Untracked 
|  46|0x0000000082e00000, 0x0000000082e00000, 0x0000000082f00000|  0%| F|  |TAMS 0x0000000082e00000, 0x0000000082e00000| Untracked 
|  47|0x0000000082f00000, 0x0000000082f00000, 0x0000000083000000|  0%| F|  |TAMS 0x0000000082f00000, 0x0000000082f00000| Untracked 
|  48|0x0000000083000000, 0x0000000083000000, 0x0000000083100000|  0%| F|  |TAMS 0x0000000083000000, 0x0000000083000000| Untracked 
|  49|0x0000000083100000, 0x0000000083100000, 0x0000000083200000|  0%| F|  |TAMS 0x0000000083100000, 0x0000000083100000| Untracked 
|  50|0x0000000083200000, 0x0000000083200000, 0x0000000083300000|  0%| F|  |TAMS 0x0000000083200000, 0x0000000083200000| Untracked 
|  51|0x0000000083300000, 0x0000000083300000, 0x0000000083400000|  0%| F|  |TAMS 0x0000000083300000, 0x0000000083300000| Untracked 
|  52|0x0000000083400000, 0x0000000083400000, 0x0000000083500000|  0%| F|  |TAMS 0x0000000083400000, 0x0000000083400000| Untracked 
|  53|0x0000000083500000, 0x0000000083500000, 0x0000000083600000|  0%| F|  |TAMS 0x0000000083500000, 0x0000000083500000| Untracked 
|  54|0x0000000083600000, 0x0000000083600000, 0x0000000083700000|  0%| F|  |TAMS 0x0000000083600000, 0x0000000083600000| Untracked 
|  55|0x0000000083700000, 0x0000000083700000, 0x0000000083800000|  0%| F|  |TAMS 0x0000000083700000, 0x0000000083700000| Untracked 
|  56|0x0000000083800000, 0x0000000083800000, 0x0000000083900000|  0%| F|  |TAMS 0x0000000083800000, 0x0000000083800000| Untracked 
|  57|0x0000000083900000, 0x0000000083900000, 0x0000000083a00000|  0%| F|  |TAMS 0x0000000083900000, 0x0000000083900000| Untracked 
|  58|0x0000000083a00000, 0x0000000083a00000, 0x0000000083b00000|  0%| F|  |TAMS 0x0000000083a00000, 0x0000000083a00000| Untracked 
|  59|0x0000000083b00000, 0x0000000083b00000, 0x0000000083c00000|  0%| F|  |TAMS 0x0000000083b00000, 0x0000000083b00000| Untracked 
|  60|0x0000000083c00000, 0x0000000083c00000, 0x0000000083d00000|  0%| F|  |TAMS 0x0000000083c00000, 0x0000000083c00000| Untracked 
|  61|0x0000000083d00000, 0x0000000083d00000, 0x0000000083e00000|  0%| F|  |TAMS 0x0000000083d00000, 0x0000000083d00000| Untracked 
|  62|0x0000000083e00000, 0x0000000083e00000, 0x0000000083f00000|  0%| F|  |TAMS 0x0000000083e00000, 0x0000000083e00000| Untracked 
|  63|0x0000000083f00000, 0x0000000083f00000, 0x0000000084000000|  0%| F|  |TAMS 0x0000000083f00000, 0x0000000083f00000| Untracked 
|  64|0x0000000084000000, 0x0000000084000000, 0x0000000084100000|  0%| F|  |TAMS 0x0000000084000000, 0x0000000084000000| Untracked 
|  65|0x0000000084100000, 0x0000000084100000, 0x0000000084200000|  0%| F|  |TAMS 0x0000000084100000, 0x0000000084100000| Untracked 
|  66|0x0000000084200000, 0x0000000084200000, 0x0000000084300000|  0%| F|  |TAMS 0x0000000084200000, 0x0000000084200000| Untracked 
|  67|0x0000000084300000, 0x0000000084300000, 0x0000000084400000|  0%| F|  |TAMS 0x0000000084300000, 0x0000000084300000| Untracked 
|  68|0x0000000084400000, 0x0000000084400000, 0x0000000084500000|  0%| F|  |TAMS 0x0000000084400000, 0x0000000084400000| Untracked 
|  69|0x0000000084500000, 0x0000000084500000, 0x0000000084600000|  0%| F|  |TAMS 0x0000000084500000, 0x0000000084500000| Untracked 
|  70|0x0000000084600000, 0x0000000084600000, 0x0000000084700000|  0%| F|  |TAMS 0x0000000084600000, 0x0000000084600000| Untracked 
|  71|0x0000000084700000, 0x0000000084700000, 0x0000000084800000|  0%| F|  |TAMS 0x0000000084700000, 0x0000000084700000| Untracked 
|  72|0x0000000084800000, 0x0000000084800000, 0x0000000084900000|  0%| F|  |TAMS 0x0000000084800000, 0x0000000084800000| Untracked 
|  73|0x0000000084900000, 0x0000000084900000, 0x0000000084a00000|  0%| F|  |TAMS 0x0000000084900000, 0x0000000084900000| Untracked 
|  74|0x0000000084a00000, 0x0000000084a00000, 0x0000000084b00000|  0%| F|  |TAMS 0x0000000084a00000, 0x0000000084a00000| Untracked 
|  75|0x0000000084b00000, 0x0000000084b00000, 0x0000000084c00000|  0%| F|  |TAMS 0x0000000084b00000, 0x0000000084b00000| Untracked 
|  76|0x0000000084c00000, 0x0000000084c00000, 0x0000000084d00000|  0%| F|  |TAMS 0x0000000084c00000, 0x0000000084c00000| Untracked 
|  77|0x0000000084d00000, 0x0000000084d00000, 0x0000000084e00000|  0%| F|  |TAMS 0x0000000084d00000, 0x0000000084d00000| Untracked 
|  78|0x0000000084e00000, 0x0000000084e00000, 0x0000000084f00000|  0%| F|  |TAMS 0x0000000084e00000, 0x0000000084e00000| Untracked 
|  79|0x0000000084f00000, 0x0000000084f00000, 0x0000000085000000|  0%| F|  |TAMS 0x0000000084f00000, 0x0000000084f00000| Untracked 
|  80|0x0000000085000000, 0x0000000085000000, 0x0000000085100000|  0%| F|  |TAMS 0x0000000085000000, 0x0000000085000000| Untracked 
|  81|0x0000000085100000, 0x0000000085100000, 0x0000000085200000|  0%| F|  |TAMS 0x0000000085100000, 0x0000000085100000| Untracked 
|  82|0x0000000085200000, 0x0000000085200000, 0x0000000085300000|  0%| F|  |TAMS 0x0000000085200000, 0x0000000085200000| Untracked 
|  83|0x0000000085300000, 0x0000000085300000, 0x0000000085400000|  0%| F|  |TAMS 0x0000000085300000, 0x0000000085300000| Untracked 
|  84|0x0000000085400000, 0x0000000085400000, 0x0000000085500000|  0%| F|  |TAMS 0x0000000085400000, 0x0000000085400000| Untracked 
|  85|0x0000000085500000, 0x0000000085500000, 0x0000000085600000|  0%| F|  |TAMS 0x0000000085500000, 0x0000000085500000| Untracked 
|  86|0x0000000085600000, 0x0000000085600000, 0x0000000085700000|  0%| F|  |TAMS 0x0000000085600000, 0x0000000085600000| Untracked 
|  87|0x0000000085700000, 0x0000000085700000, 0x0000000085800000|  0%| F|  |TAMS 0x0000000085700000, 0x0000000085700000| Untracked 
|  88|0x0000000085800000, 0x0000000085800000, 0x0000000085900000|  0%| F|  |TAMS 0x0000000085800000, 0x0000000085800000| Untracked 
|  89|0x0000000085900000, 0x0000000085900000, 0x0000000085a00000|  0%| F|  |TAMS 0x0000000085900000, 0x0000000085900000| Untracked 
|  90|0x0000000085a00000, 0x0000000085a00000, 0x0000000085b00000|  0%| F|  |TAMS 0x0000000085a00000, 0x0000000085a00000| Untracked 
|  91|0x0000000085b00000, 0x0000000085b00000, 0x0000000085c00000|  0%| F|  |TAMS 0x0000000085b00000, 0x0000000085b00000| Untracked 
|  92|0x0000000085c00000, 0x0000000085c00000, 0x0000000085d00000|  0%| F|  |TAMS 0x0000000085c00000, 0x0000000085c00000| Untracked 
|  93|0x0000000085d00000, 0x0000000085d00000, 0x0000000085e00000|  0%| F|  |TAMS 0x0000000085d00000, 0x0000000085d00000| Untracked 
|  94|0x0000000085e00000, 0x0000000085e00000, 0x0000000085f00000|  0%| F|  |TAMS 0x0000000085e00000, 0x0000000085e00000| Untracked 
|  95|0x0000000085f00000, 0x0000000085f00000, 0x0000000086000000|  0%| F|  |TAMS 0x0000000085f00000, 0x0000000085f00000| Untracked 
|  96|0x0000000086000000, 0x0000000086000000, 0x0000000086100000|  0%| F|  |TAMS 0x0000000086000000, 0x0000000086000000| Untracked 
|  97|0x0000000086100000, 0x0000000086100000, 0x0000000086200000|  0%| F|  |TAMS 0x0000000086100000, 0x0000000086100000| Untracked 
|  98|0x0000000086200000, 0x0000000086200000, 0x0000000086300000|  0%| F|  |TAMS 0x0000000086200000, 0x0000000086200000| Untracked 
|  99|0x0000000086300000, 0x0000000086300000, 0x0000000086400000|  0%| F|  |TAMS 0x0000000086300000, 0x0000000086300000| Untracked 
| 100|0x0000000086400000, 0x0000000086400000, 0x0000000086500000|  0%| F|  |TAMS 0x0000000086400000, 0x0000000086400000| Untracked 
| 101|0x0000000086500000, 0x0000000086500000, 0x0000000086600000|  0%| F|  |TAMS 0x0000000086500000, 0x0000000086500000| Untracked 
| 102|0x0000000086600000, 0x0000000086600000, 0x0000000086700000|  0%| F|  |TAMS 0x0000000086600000, 0x0000000086600000| Untracked 
| 103|0x0000000086700000, 0x0000000086700000, 0x0000000086800000|  0%| F|  |TAMS 0x0000000086700000, 0x0000000086700000| Untracked 
| 104|0x0000000086800000, 0x0000000086800000, 0x0000000086900000|  0%| F|  |TAMS 0x0000000086800000, 0x0000000086800000| Untracked 
| 105|0x0000000086900000, 0x0000000086900000, 0x0000000086a00000|  0%| F|  |TAMS 0x0000000086900000, 0x0000000086900000| Untracked 
| 106|0x0000000086a00000, 0x0000000086a00000, 0x0000000086b00000|  0%| F|  |TAMS 0x0000000086a00000, 0x0000000086a00000| Untracked 
| 107|0x0000000086b00000, 0x0000000086b00000, 0x0000000086c00000|  0%| F|  |TAMS 0x0000000086b00000, 0x0000000086b00000| Untracked 
| 108|0x0000000086c00000, 0x0000000086c00000, 0x0000000086d00000|  0%| F|  |TAMS 0x0000000086c00000, 0x0000000086c00000| Untracked 
| 109|0x0000000086d00000, 0x0000000086d00000, 0x0000000086e00000|  0%| F|  |TAMS 0x0000000086d00000, 0x0000000086d00000| Untracked 
| 110|0x0000000086e00000, 0x0000000086e00000, 0x0000000086f00000|  0%| F|  |TAMS 0x0000000086e00000, 0x0000000086e00000| Untracked 
| 111|0x0000000086f00000, 0x0000000086f00000, 0x0000000087000000|  0%| F|  |TAMS 0x0000000086f00000, 0x0000000086f00000| Untracked 
| 112|0x0000000087000000, 0x0000000087000000, 0x0000000087100000|  0%| F|  |TAMS 0x0000000087000000, 0x0000000087000000| Untracked 
| 113|0x0000000087100000, 0x0000000087100000, 0x0000000087200000|  0%| F|  |TAMS 0x0000000087100000, 0x0000000087100000| Untracked 
| 114|0x0000000087200000, 0x0000000087200000, 0x0000000087300000|  0%| F|  |TAMS 0x0000000087200000, 0x0000000087200000| Untracked 
| 115|0x0000000087300000, 0x0000000087300000, 0x0000000087400000|  0%| F|  |TAMS 0x0000000087300000, 0x0000000087300000| Untracked 
| 116|0x0000000087400000, 0x0000000087400000, 0x0000000087500000|  0%| F|  |TAMS 0x0000000087400000, 0x0000000087400000| Untracked 
| 117|0x0000000087500000, 0x0000000087500000, 0x0000000087600000|  0%| F|  |TAMS 0x0000000087500000, 0x0000000087500000| Untracked 
| 118|0x0000000087600000, 0x0000000087600000, 0x0000000087700000|  0%| F|  |TAMS 0x0000000087600000, 0x0000000087600000| Untracked 
| 119|0x0000000087700000, 0x0000000087700000, 0x0000000087800000|  0%| F|  |TAMS 0x0000000087700000, 0x0000000087700000| Untracked 
| 120|0x0000000087800000, 0x0000000087800000, 0x0000000087900000|  0%| F|  |TAMS 0x0000000087800000, 0x0000000087800000| Untracked 
| 121|0x0000000087900000, 0x0000000087900000, 0x0000000087a00000|  0%| F|  |TAMS 0x0000000087900000, 0x0000000087900000| Untracked 
| 122|0x0000000087a00000, 0x0000000087a00000, 0x0000000087b00000|  0%| F|  |TAMS 0x0000000087a00000, 0x0000000087a00000| Untracked 
| 123|0x0000000087b00000, 0x0000000087b00000, 0x0000000087c00000|  0%| F|  |TAMS 0x0000000087b00000, 0x0000000087b00000| Untracked 
| 124|0x0000000087c00000, 0x0000000087c00000, 0x0000000087d00000|  0%| F|  |TAMS 0x0000000087c00000, 0x0000000087c00000| Untracked 
| 125|0x0000000087d00000, 0x0000000087d00000, 0x0000000087e00000|  0%| F|  |TAMS 0x0000000087d00000, 0x0000000087d00000| Untracked 
| 126|0x0000000087e00000, 0x0000000087e00000, 0x0000000087f00000|  0%| F|  |TAMS 0x0000000087e00000, 0x0000000087e00000| Untracked 
| 127|0x0000000087f00000, 0x0000000087f00000, 0x0000000088000000|  0%| F|  |TAMS 0x0000000087f00000, 0x0000000087f00000| Untracked 
| 128|0x0000000088000000, 0x0000000088000000, 0x0000000088100000|  0%| F|  |TAMS 0x0000000088000000, 0x0000000088000000| Untracked 
| 129|0x0000000088100000, 0x0000000088100000, 0x0000000088200000|  0%| F|  |TAMS 0x0000000088100000, 0x0000000088100000| Untracked 
| 130|0x0000000088200000, 0x0000000088200000, 0x0000000088300000|  0%| F|  |TAMS 0x0000000088200000, 0x0000000088200000| Untracked 
| 131|0x0000000088300000, 0x0000000088300000, 0x0000000088400000|  0%| F|  |TAMS 0x0000000088300000, 0x0000000088300000| Untracked 
| 132|0x0000000088400000, 0x0000000088400000, 0x0000000088500000|  0%| F|  |TAMS 0x0000000088400000, 0x0000000088400000| Untracked 
| 133|0x0000000088500000, 0x0000000088500000, 0x0000000088600000|  0%| F|  |TAMS 0x0000000088500000, 0x0000000088500000| Untracked 
| 134|0x0000000088600000, 0x0000000088600000, 0x0000000088700000|  0%| F|  |TAMS 0x0000000088600000, 0x0000000088600000| Untracked 
| 135|0x0000000088700000, 0x0000000088700000, 0x0000000088800000|  0%| F|  |TAMS 0x0000000088700000, 0x0000000088700000| Untracked 
| 136|0x0000000088800000, 0x0000000088800000, 0x0000000088900000|  0%| F|  |TAMS 0x0000000088800000, 0x0000000088800000| Untracked 
| 137|0x0000000088900000, 0x0000000088900000, 0x0000000088a00000|  0%| F|  |TAMS 0x0000000088900000, 0x0000000088900000| Untracked 
| 138|0x0000000088a00000, 0x0000000088a00000, 0x0000000088b00000|  0%| F|  |TAMS 0x0000000088a00000, 0x0000000088a00000| Untracked 
| 139|0x0000000088b00000, 0x0000000088b00000, 0x0000000088c00000|  0%| F|  |TAMS 0x0000000088b00000, 0x0000000088b00000| Untracked 
| 140|0x0000000088c00000, 0x0000000088c00000, 0x0000000088d00000|  0%| F|  |TAMS 0x0000000088c00000, 0x0000000088c00000| Untracked 
| 141|0x0000000088d00000, 0x0000000088d00000, 0x0000000088e00000|  0%| F|  |TAMS 0x0000000088d00000, 0x0000000088d00000| Untracked 
| 142|0x0000000088e00000, 0x0000000088e00000, 0x0000000088f00000|  0%| F|  |TAMS 0x0000000088e00000, 0x0000000088e00000| Untracked 
| 143|0x0000000088f00000, 0x0000000088f00000, 0x0000000089000000|  0%| F|  |TAMS 0x0000000088f00000, 0x0000000088f00000| Untracked 
| 144|0x0000000089000000, 0x0000000089000000, 0x0000000089100000|  0%| F|  |TAMS 0x0000000089000000, 0x0000000089000000| Untracked 
| 145|0x0000000089100000, 0x0000000089100000, 0x0000000089200000|  0%| F|  |TAMS 0x0000000089100000, 0x0000000089100000| Untracked 
| 146|0x0000000089200000, 0x0000000089200000, 0x0000000089300000|  0%| F|  |TAMS 0x0000000089200000, 0x0000000089200000| Untracked 
| 147|0x0000000089300000, 0x0000000089300000, 0x0000000089400000|  0%| F|  |TAMS 0x0000000089300000, 0x0000000089300000| Untracked 
| 148|0x0000000089400000, 0x0000000089400000, 0x0000000089500000|  0%| F|  |TAMS 0x0000000089400000, 0x0000000089400000| Untracked 
| 149|0x0000000089500000, 0x0000000089500000, 0x0000000089600000|  0%| F|  |TAMS 0x0000000089500000, 0x0000000089500000| Untracked 
| 150|0x0000000089600000, 0x0000000089600000, 0x0000000089700000|  0%| F|  |TAMS 0x0000000089600000, 0x0000000089600000| Untracked 
| 151|0x0000000089700000, 0x0000000089700000, 0x0000000089800000|  0%| F|  |TAMS 0x0000000089700000, 0x0000000089700000| Untracked 
| 152|0x0000000089800000, 0x0000000089800000, 0x0000000089900000|  0%| F|  |TAMS 0x0000000089800000, 0x0000000089800000| Untracked 
| 153|0x0000000089900000, 0x0000000089900000, 0x0000000089a00000|  0%| F|  |TAMS 0x0000000089900000, 0x0000000089900000| Untracked 
| 154|0x0000000089a00000, 0x0000000089a00000, 0x0000000089b00000|  0%| F|  |TAMS 0x0000000089a00000, 0x0000000089a00000| Untracked 
| 155|0x0000000089b00000, 0x0000000089b00000, 0x0000000089c00000|  0%| F|  |TAMS 0x0000000089b00000, 0x0000000089b00000| Untracked 
| 156|0x0000000089c00000, 0x0000000089c00000, 0x0000000089d00000|  0%| F|  |TAMS 0x0000000089c00000, 0x0000000089c00000| Untracked 
| 157|0x0000000089d00000, 0x0000000089d00000, 0x0000000089e00000|  0%| F|  |TAMS 0x0000000089d00000, 0x0000000089d00000| Untracked 
| 158|0x0000000089e00000, 0x0000000089e00000, 0x0000000089f00000|  0%| F|  |TAMS 0x0000000089e00000, 0x0000000089e00000| Untracked 
| 159|0x0000000089f00000, 0x0000000089f00000, 0x000000008a000000|  0%| F|  |TAMS 0x0000000089f00000, 0x0000000089f00000| Untracked 
| 160|0x000000008a000000, 0x000000008a000000, 0x000000008a100000|  0%| F|  |TAMS 0x000000008a000000, 0x000000008a000000| Untracked 
| 161|0x000000008a100000, 0x000000008a100000, 0x000000008a200000|  0%| F|  |TAMS 0x000000008a100000, 0x000000008a100000| Untracked 
| 162|0x000000008a200000, 0x000000008a200000, 0x000000008a300000|  0%| F|  |TAMS 0x000000008a200000, 0x000000008a200000| Untracked 
| 163|0x000000008a300000, 0x000000008a300000, 0x000000008a400000|  0%| F|  |TAMS 0x000000008a300000, 0x000000008a300000| Untracked 
| 164|0x000000008a400000, 0x000000008a400000, 0x000000008a500000|  0%| F|  |TAMS 0x000000008a400000, 0x000000008a400000| Untracked 
| 165|0x000000008a500000, 0x000000008a500000, 0x000000008a600000|  0%| F|  |TAMS 0x000000008a500000, 0x000000008a500000| Untracked 
| 166|0x000000008a600000, 0x000000008a600000, 0x000000008a700000|  0%| F|  |TAMS 0x000000008a600000, 0x000000008a600000| Untracked 
| 167|0x000000008a700000, 0x000000008a700000, 0x000000008a800000|  0%| F|  |TAMS 0x000000008a700000, 0x000000008a700000| Untracked 
| 168|0x000000008a800000, 0x000000008a800000, 0x000000008a900000|  0%| F|  |TAMS 0x000000008a800000, 0x000000008a800000| Untracked 
| 169|0x000000008a900000, 0x000000008a900000, 0x000000008aa00000|  0%| F|  |TAMS 0x000000008a900000, 0x000000008a900000| Untracked 
| 170|0x000000008aa00000, 0x000000008aa00000, 0x000000008ab00000|  0%| F|  |TAMS 0x000000008aa00000, 0x000000008aa00000| Untracked 
| 171|0x000000008ab00000, 0x000000008ab00000, 0x000000008ac00000|  0%| F|  |TAMS 0x000000008ab00000, 0x000000008ab00000| Untracked 
| 172|0x000000008ac00000, 0x000000008ac00000, 0x000000008ad00000|  0%| F|  |TAMS 0x000000008ac00000, 0x000000008ac00000| Untracked 
| 173|0x000000008ad00000, 0x000000008ad00000, 0x000000008ae00000|  0%| F|  |TAMS 0x000000008ad00000, 0x000000008ad00000| Untracked 
| 174|0x000000008ae00000, 0x000000008ae00000, 0x000000008af00000|  0%| F|  |TAMS 0x000000008ae00000, 0x000000008ae00000| Untracked 
| 175|0x000000008af00000, 0x000000008af00000, 0x000000008b000000|  0%| F|  |TAMS 0x000000008af00000, 0x000000008af00000| Untracked 
| 176|0x000000008b000000, 0x000000008b000000, 0x000000008b100000|  0%| F|  |TAMS 0x000000008b000000, 0x000000008b000000| Untracked 
| 177|0x000000008b100000, 0x000000008b100000, 0x000000008b200000|  0%| F|  |TAMS 0x000000008b100000, 0x000000008b100000| Untracked 
| 178|0x000000008b200000, 0x000000008b200000, 0x000000008b300000|  0%| F|  |TAMS 0x000000008b200000, 0x000000008b200000| Untracked 
| 179|0x000000008b300000, 0x000000008b300000, 0x000000008b400000|  0%| F|  |TAMS 0x000000008b300000, 0x000000008b300000| Untracked 
| 180|0x000000008b400000, 0x000000008b400000, 0x000000008b500000|  0%| F|  |TAMS 0x000000008b400000, 0x000000008b400000| Untracked 
| 181|0x000000008b500000, 0x000000008b500000, 0x000000008b600000|  0%| F|  |TAMS 0x000000008b500000, 0x000000008b500000| Untracked 
| 182|0x000000008b600000, 0x000000008b600000, 0x000000008b700000|  0%| F|  |TAMS 0x000000008b600000, 0x000000008b600000| Untracked 
| 183|0x000000008b700000, 0x000000008b700000, 0x000000008b800000|  0%| F|  |TAMS 0x000000008b700000, 0x000000008b700000| Untracked 
| 184|0x000000008b800000, 0x000000008b800000, 0x000000008b900000|  0%| F|  |TAMS 0x000000008b800000, 0x000000008b800000| Untracked 
| 185|0x000000008b900000, 0x000000008b900000, 0x000000008ba00000|  0%| F|  |TAMS 0x000000008b900000, 0x000000008b900000| Untracked 
| 186|0x000000008ba00000, 0x000000008ba00000, 0x000000008bb00000|  0%| F|  |TAMS 0x000000008ba00000, 0x000000008ba00000| Untracked 
| 187|0x000000008bb00000, 0x000000008bb00000, 0x000000008bc00000|  0%| F|  |TAMS 0x000000008bb00000, 0x000000008bb00000| Untracked 
| 188|0x000000008bc00000, 0x000000008bc00000, 0x000000008bd00000|  0%| F|  |TAMS 0x000000008bc00000, 0x000000008bc00000| Untracked 
| 189|0x000000008bd00000, 0x000000008bd00000, 0x000000008be00000|  0%| F|  |TAMS 0x000000008bd00000, 0x000000008bd00000| Untracked 
| 190|0x000000008be00000, 0x000000008be00000, 0x000000008bf00000|  0%| F|  |TAMS 0x000000008be00000, 0x000000008be00000| Untracked 
| 191|0x000000008bf00000, 0x000000008bf00000, 0x000000008c000000|  0%| F|  |TAMS 0x000000008bf00000, 0x000000008bf00000| Untracked 
| 192|0x000000008c000000, 0x000000008c000000, 0x000000008c100000|  0%| F|  |TAMS 0x000000008c000000, 0x000000008c000000| Untracked 
| 193|0x000000008c100000, 0x000000008c100000, 0x000000008c200000|  0%| F|  |TAMS 0x000000008c100000, 0x000000008c100000| Untracked 
| 194|0x000000008c200000, 0x000000008c200000, 0x000000008c300000|  0%| F|  |TAMS 0x000000008c200000, 0x000000008c200000| Untracked 
| 195|0x000000008c300000, 0x000000008c300000, 0x000000008c400000|  0%| F|  |TAMS 0x000000008c300000, 0x000000008c300000| Untracked 
| 196|0x000000008c400000, 0x000000008c400000, 0x000000008c500000|  0%| F|  |TAMS 0x000000008c400000, 0x000000008c400000| Untracked 
| 197|0x000000008c500000, 0x000000008c500000, 0x000000008c600000|  0%| F|  |TAMS 0x000000008c500000, 0x000000008c500000| Untracked 
| 198|0x000000008c600000, 0x000000008c600000, 0x000000008c700000|  0%| F|  |TAMS 0x000000008c600000, 0x000000008c600000| Untracked 
| 199|0x000000008c700000, 0x000000008c700000, 0x000000008c800000|  0%| F|  |TAMS 0x000000008c700000, 0x000000008c700000| Untracked 
| 200|0x000000008c800000, 0x000000008c800000, 0x000000008c900000|  0%| F|  |TAMS 0x000000008c800000, 0x000000008c800000| Untracked 
| 201|0x000000008c900000, 0x000000008c900000, 0x000000008ca00000|  0%| F|  |TAMS 0x000000008c900000, 0x000000008c900000| Untracked 
| 202|0x000000008ca00000, 0x000000008ca00000, 0x000000008cb00000|  0%| F|  |TAMS 0x000000008ca00000, 0x000000008ca00000| Untracked 
| 203|0x000000008cb00000, 0x000000008cb00000, 0x000000008cc00000|  0%| F|  |TAMS 0x000000008cb00000, 0x000000008cb00000| Untracked 
| 204|0x000000008cc00000, 0x000000008cc00000, 0x000000008cd00000|  0%| F|  |TAMS 0x000000008cc00000, 0x000000008cc00000| Untracked 
| 205|0x000000008cd00000, 0x000000008cd00000, 0x000000008ce00000|  0%| F|  |TAMS 0x000000008cd00000, 0x000000008cd00000| Untracked 
| 206|0x000000008ce00000, 0x000000008ce00000, 0x000000008cf00000|  0%| F|  |TAMS 0x000000008ce00000, 0x000000008ce00000| Untracked 
| 207|0x000000008cf00000, 0x000000008cf00000, 0x000000008d000000|  0%| F|  |TAMS 0x000000008cf00000, 0x000000008cf00000| Untracked 
| 208|0x000000008d000000, 0x000000008d000000, 0x000000008d100000|  0%| F|  |TAMS 0x000000008d000000, 0x000000008d000000| Untracked 
| 209|0x000000008d100000, 0x000000008d100000, 0x000000008d200000|  0%| F|  |TAMS 0x000000008d100000, 0x000000008d100000| Untracked 
| 210|0x000000008d200000, 0x000000008d200000, 0x000000008d300000|  0%| F|  |TAMS 0x000000008d200000, 0x000000008d200000| Untracked 
| 211|0x000000008d300000, 0x000000008d300000, 0x000000008d400000|  0%| F|  |TAMS 0x000000008d300000, 0x000000008d300000| Untracked 
| 212|0x000000008d400000, 0x000000008d400000, 0x000000008d500000|  0%| F|  |TAMS 0x000000008d400000, 0x000000008d400000| Untracked 
| 213|0x000000008d500000, 0x000000008d500000, 0x000000008d600000|  0%| F|  |TAMS 0x000000008d500000, 0x000000008d500000| Untracked 
| 214|0x000000008d600000, 0x000000008d600000, 0x000000008d700000|  0%| F|  |TAMS 0x000000008d600000, 0x000000008d600000| Untracked 
| 215|0x000000008d700000, 0x000000008d700000, 0x000000008d800000|  0%| F|  |TAMS 0x000000008d700000, 0x000000008d700000| Untracked 
| 216|0x000000008d800000, 0x000000008d800000, 0x000000008d900000|  0%| F|  |TAMS 0x000000008d800000, 0x000000008d800000| Untracked 
| 217|0x000000008d900000, 0x000000008d900000, 0x000000008da00000|  0%| F|  |TAMS 0x000000008d900000, 0x000000008d900000| Untracked 
| 218|0x000000008da00000, 0x000000008da00000, 0x000000008db00000|  0%| F|  |TAMS 0x000000008da00000, 0x000000008da00000| Untracked 
| 219|0x000000008db00000, 0x000000008dbea050, 0x000000008dc00000| 91%| S|CS|TAMS 0x000000008db00000, 0x000000008db00000| Complete 
| 220|0x000000008dc00000, 0x000000008dd00000, 0x000000008dd00000|100%| S|CS|TAMS 0x000000008dc00000, 0x000000008dc00000| Complete 
| 221|0x000000008dd00000, 0x000000008dd00000, 0x000000008de00000|  0%| F|  |TAMS 0x000000008dd00000, 0x000000008dd00000| Untracked 
| 222|0x000000008de00000, 0x000000008de00000, 0x000000008df00000|  0%| F|  |TAMS 0x000000008de00000, 0x000000008de00000| Untracked 
| 223|0x000000008df00000, 0x000000008df00000, 0x000000008e000000|  0%| F|  |TAMS 0x000000008df00000, 0x000000008df00000| Untracked 
| 224|0x000000008e000000, 0x000000008e000000, 0x000000008e100000|  0%| F|  |TAMS 0x000000008e000000, 0x000000008e000000| Untracked 
| 225|0x000000008e100000, 0x000000008e100000, 0x000000008e200000|  0%| F|  |TAMS 0x000000008e100000, 0x000000008e100000| Untracked 
| 226|0x000000008e200000, 0x000000008e200000, 0x000000008e300000|  0%| F|  |TAMS 0x000000008e200000, 0x000000008e200000| Untracked 
| 227|0x000000008e300000, 0x000000008e300000, 0x000000008e400000|  0%| F|  |TAMS 0x000000008e300000, 0x000000008e300000| Untracked 
| 228|0x000000008e400000, 0x000000008e400000, 0x000000008e500000|  0%| F|  |TAMS 0x000000008e400000, 0x000000008e400000| Untracked 
| 229|0x000000008e500000, 0x000000008e500000, 0x000000008e600000|  0%| F|  |TAMS 0x000000008e500000, 0x000000008e500000| Untracked 
| 230|0x000000008e600000, 0x000000008e700000, 0x000000008e700000|100%| E|  |TAMS 0x000000008e600000, 0x000000008e600000| Complete 
| 231|0x000000008e700000, 0x000000008e800000, 0x000000008e800000|100%| E|CS|TAMS 0x000000008e700000, 0x000000008e700000| Complete 
| 232|0x000000008e800000, 0x000000008e900000, 0x000000008e900000|100%| E|CS|TAMS 0x000000008e800000, 0x000000008e800000| Complete 
| 233|0x000000008e900000, 0x000000008ea00000, 0x000000008ea00000|100%| E|CS|TAMS 0x000000008e900000, 0x000000008e900000| Complete 
| 234|0x000000008ea00000, 0x000000008eb00000, 0x000000008eb00000|100%| E|CS|TAMS 0x000000008ea00000, 0x000000008ea00000| Complete 
| 235|0x000000008eb00000, 0x000000008ec00000, 0x000000008ec00000|100%| E|CS|TAMS 0x000000008eb00000, 0x000000008eb00000| Complete 
| 236|0x000000008ec00000, 0x000000008ed00000, 0x000000008ed00000|100%| E|CS|TAMS 0x000000008ec00000, 0x000000008ec00000| Complete 
| 237|0x000000008ed00000, 0x000000008ee00000, 0x000000008ee00000|100%| E|CS|TAMS 0x000000008ed00000, 0x000000008ed00000| Complete 
| 238|0x000000008ee00000, 0x000000008ef00000, 0x000000008ef00000|100%| E|CS|TAMS 0x000000008ee00000, 0x000000008ee00000| Complete 
| 239|0x000000008ef00000, 0x000000008f000000, 0x000000008f000000|100%| E|CS|TAMS 0x000000008ef00000, 0x000000008ef00000| Complete 
| 240|0x000000008f000000, 0x000000008f100000, 0x000000008f100000|100%| E|CS|TAMS 0x000000008f000000, 0x000000008f000000| Complete 
| 241|0x000000008f100000, 0x000000008f200000, 0x000000008f200000|100%| E|CS|TAMS 0x000000008f100000, 0x000000008f100000| Complete 
| 242|0x000000008f200000, 0x000000008f300000, 0x000000008f300000|100%| E|CS|TAMS 0x000000008f200000, 0x000000008f200000| Complete 
| 243|0x000000008f300000, 0x000000008f400000, 0x000000008f400000|100%| E|CS|TAMS 0x000000008f300000, 0x000000008f300000| Complete 
| 244|0x000000008f400000, 0x000000008f500000, 0x000000008f500000|100%| E|CS|TAMS 0x000000008f400000, 0x000000008f400000| Complete 
| 245|0x000000008f500000, 0x000000008f600000, 0x000000008f600000|100%| E|CS|TAMS 0x000000008f500000, 0x000000008f500000| Complete 
| 246|0x000000008f600000, 0x000000008f700000, 0x000000008f700000|100%| E|CS|TAMS 0x000000008f600000, 0x000000008f600000| Complete 
| 247|0x000000008f700000, 0x000000008f800000, 0x000000008f800000|100%| E|CS|TAMS 0x000000008f700000, 0x000000008f700000| Complete 
| 248|0x000000008f800000, 0x000000008f900000, 0x000000008f900000|100%| E|CS|TAMS 0x000000008f800000, 0x000000008f800000| Complete 
| 249|0x000000008f900000, 0x000000008fa00000, 0x000000008fa00000|100%| E|CS|TAMS 0x000000008f900000, 0x000000008f900000| Complete 
| 250|0x000000008fa00000, 0x000000008fb00000, 0x000000008fb00000|100%| E|CS|TAMS 0x000000008fa00000, 0x000000008fa00000| Complete 
| 251|0x000000008fb00000, 0x000000008fc00000, 0x000000008fc00000|100%| E|CS|TAMS 0x000000008fb00000, 0x000000008fb00000| Complete 
| 252|0x000000008fc00000, 0x000000008fd00000, 0x000000008fd00000|100%| E|CS|TAMS 0x000000008fc00000, 0x000000008fc00000| Complete 
| 253|0x000000008fd00000, 0x000000008fe00000, 0x000000008fe00000|100%| E|CS|TAMS 0x000000008fd00000, 0x000000008fd00000| Complete 
| 254|0x000000008fe00000, 0x000000008ff00000, 0x000000008ff00000|100%| E|CS|TAMS 0x000000008fe00000, 0x000000008fe00000| Complete 
| 255|0x000000008ff00000, 0x0000000090000000, 0x0000000090000000|100%| E|CS|TAMS 0x000000008ff00000, 0x000000008ff00000| Complete 

Card table byte_map: [0x000002ab00c80000,0x000002ab01080000] _byte_map_base: 0x000002ab00880000

Marking Bits (Prev, Next): (CMBitMap*) 0x000002ab6ba5adf0, (CMBitMap*) 0x000002ab6ba5adb8
 Prev Bits: [0x000002ab03480000, 0x000002ab05480000)
 Next Bits: [0x000002ab01480000, 0x000002ab03480000)

Polling page: 0x000002ab6d2b0000

Metaspace:

Usage:
  Non-class:     23.54 MB capacity,    23.08 MB ( 98%) used,   424.40 KB (  2%) free+waste,    51.13 KB ( <1%) overhead. 
      Class:      3.73 MB capacity,     3.51 MB ( 94%) used,   207.25 KB (  5%) free+waste,    25.63 KB ( <1%) overhead. 
       Both:     27.27 MB capacity,    26.58 MB ( 97%) used,   631.65 KB (  2%) free+waste,    76.75 KB ( <1%) overhead. 

Virtual space:
  Non-class space:       24.00 MB reserved,      23.75 MB ( 99%) committed 
      Class space:        1.00 GB reserved,       3.75 MB ( <1%) committed 
             Both:        1.02 GB reserved,      27.50 MB (  3%) committed 

Chunk freelists:
   Non-Class:  21.00 KB
       Class:  18.00 KB
        Both:  39.00 KB

MaxMetaspaceSize: 17179869184.00 GB
CompressedClassSpaceSize: 1.00 GB

CodeHeap 'non-profiled nmethods': size=120000Kb used=1009Kb max_used=1009Kb free=118990Kb
 bounds [0x000002ab78640000, 0x000002ab788b0000, 0x000002ab7fb70000]
CodeHeap 'profiled nmethods': size=120000Kb used=4351Kb max_used=4351Kb free=115648Kb
 bounds [0x000002ab71110000, 0x000002ab71560000, 0x000002ab78640000]
CodeHeap 'non-nmethods': size=5760Kb used=1150Kb max_used=1179Kb free=4610Kb
 bounds [0x000002ab70b70000, 0x000002ab70de0000, 0x000002ab71110000]
 total_blobs=2563 nmethods=2075 adapters=399
 compilation: enabled
              stopped_count=0, restarted_count=0
 full_count=0

Compilation events (20 events):
Event: 2.179 Thread 0x000002ab08a72000 2245       1       org.gradle.internal.event.DefaultListenerManager::access$100 (5 bytes)
Event: 2.179 Thread 0x000002ab08a72000 nmethod 2245 0x000002ab7873b390 code [0x000002ab7873b540, 0x000002ab7873b5d8]
Event: 2.188 Thread 0x000002ab08a72000 2246       3       java.lang.invoke.MemberName::<init> (131 bytes)
Event: 2.189 Thread 0x000002ab08a72000 nmethod 2246 0x000002ab71542310 code [0x000002ab71542660, 0x000002ab71543a58]
Event: 2.189 Thread 0x000002ab08a72000 2247       3       java.lang.invoke.MemberName::hashCode (43 bytes)
Event: 2.189 Thread 0x000002ab08a72000 nmethod 2247 0x000002ab71544010 code [0x000002ab71544280, 0x000002ab71544f28]
Event: 2.189 Thread 0x000002ab08a72000 2248       3       java.lang.Byte::hashCode (8 bytes)
Event: 2.189 Thread 0x000002ab08a72000 nmethod 2248 0x000002ab71545290 code [0x000002ab71545440, 0x000002ab71545598]
Event: 2.189 Thread 0x000002ab08a72000 2249       3       java.util.concurrent.locks.AbstractQueuedSynchronizer::acquire (27 bytes)
Event: 2.190 Thread 0x000002ab08a72000 nmethod 2249 0x000002ab71545690 code [0x000002ab71545880, 0x000002ab71545c58]
Event: 2.191 Thread 0x000002ab08a72000 2250       3       com.google.common.cache.LocalCache::usesAccessQueue (20 bytes)
Event: 2.191 Thread 0x000002ab08a72000 nmethod 2250 0x000002ab71545d90 code [0x000002ab71545f60, 0x000002ab71546298]
Event: 2.198 Thread 0x000002ab08a6e000 2252       4       jdk.internal.org.objectweb.asm.ByteVector::put12 (64 bytes)
Event: 2.200 Thread 0x000002ab08a6e000 nmethod 2252 0x000002ab7873b890 code [0x000002ab7873ba40, 0x000002ab7873bbe8]
Event: 2.201 Thread 0x000002ab08a72000 2253       3       sun.invoke.util.BytecodeDescriptor::unparseMethod (66 bytes)
Event: 2.202 Thread 0x000002ab08a72000 nmethod 2253 0x000002ab71546390 code [0x000002ab71546600, 0x000002ab71546ea8]
Event: 2.202 Thread 0x000002ab08a72000 2254       3       java.util.Optional::ofNullable (15 bytes)
Event: 2.202 Thread 0x000002ab08a72000 nmethod 2254 0x000002ab71547210 code [0x000002ab71547400, 0x000002ab715478c8]
Event: 2.204 Thread 0x000002ab08a72000 2255       3       com.google.common.collect.RegularImmutableList::get (16 bytes)
Event: 2.204 Thread 0x000002ab08a72000 nmethod 2255 0x000002ab71547a90 code [0x000002ab71547c80, 0x000002ab71547ff8]

GC Heap History (6 events):
Event: 0.599 GC heap before
{Heap before GC invocations=0 (full 0):
 garbage-first heap   total 262144K, used 29696K [0x0000000080000000, 0x0000000100000000)
  region size 1024K, 24 young (24576K), 0 survivors (0K)
 Metaspace       used 10422K, capacity 10695K, committed 11008K, reserved 1058816K
  class space    used 1092K, capacity 1161K, committed 1280K, reserved 1048576K
}
Event: 0.603 GC heap after
{Heap after GC invocations=1 (full 0):
 garbage-first heap   total 262144K, used 8601K [0x0000000080000000, 0x0000000100000000)
  region size 1024K, 3 young (3072K), 3 survivors (3072K)
 Metaspace       used 10422K, capacity 10695K, committed 11008K, reserved 1058816K
  class space    used 1092K, capacity 1161K, committed 1280K, reserved 1048576K
}
Event: 1.664 GC heap before
{Heap before GC invocations=1 (full 0):
 garbage-first heap   total 262144K, used 94617K [0x0000000080000000, 0x0000000100000000)
  region size 1024K, 88 young (90112K), 3 survivors (3072K)
 Metaspace       used 20580K, capacity 21103K, committed 21248K, reserved 1067008K
  class space    used 2523K, capacity 2712K, committed 2816K, reserved 1048576K
}
Event: 1.671 GC heap after
{Heap after GC invocations=2 (full 0):
 garbage-first heap   total 262144K, used 16102K [0x0000000080000000, 0x0000000100000000)
  region size 1024K, 11 young (11264K), 11 survivors (11264K)
 Metaspace       used 20580K, capacity 21103K, committed 21248K, reserved 1067008K
  class space    used 2523K, capacity 2712K, committed 2816K, reserved 1048576K
}
Event: 1.980 GC heap before
{Heap before GC invocations=3 (full 0):
 garbage-first heap   total 262144K, used 51942K [0x0000000080000000, 0x0000000100000000)
  region size 1024K, 46 young (47104K), 11 survivors (11264K)
 Metaspace       used 24686K, capacity 25282K, committed 25472K, reserved 1071104K
  class space    used 3176K, capacity 3363K, committed 3456K, reserved 1048576K
}
Event: 1.986 GC heap after
{Heap after GC invocations=4 (full 0):
 garbage-first heap   total 262144K, used 17925K [0x0000000080000000, 0x0000000100000000)
  region size 1024K, 2 young (2048K), 2 survivors (2048K)
 Metaspace       used 24686K, capacity 25282K, committed 25472K, reserved 1071104K
  class space    used 3176K, capacity 3363K, committed 3456K, reserved 1048576K
}

Deoptimization events (20 events):
Event: 2.044 Thread 0x000002ab0a43f000 Uncommon trap: trap_request=0xffffffde fr.pc=0x000002ab78696c60 relative=0x0000000000000320
Event: 2.044 Thread 0x000002ab0a43f000 Uncommon trap: reason=class_check action=maybe_recompile pc=0x000002ab78696c60 method=java.util.Collections$SetFromMap.remove(Ljava/lang/Object;)Z @ 5 c2
Event: 2.044 Thread 0x000002ab0a43f000 DEOPT PACKING pc=0x000002ab78696c60 sp=0x000000b538dfc530
Event: 2.044 Thread 0x000002ab0a43f000 DEOPT UNPACKING pc=0x000002ab70b974af sp=0x000000b538dfc518 mode 2
Event: 2.044 Thread 0x000002ab0a43f000 Uncommon trap: trap_request=0xffffffde fr.pc=0x000002ab78696c60 relative=0x0000000000000320
Event: 2.044 Thread 0x000002ab0a43f000 Uncommon trap: reason=class_check action=maybe_recompile pc=0x000002ab78696c60 method=java.util.Collections$SetFromMap.remove(Ljava/lang/Object;)Z @ 5 c2
Event: 2.044 Thread 0x000002ab0a43f000 DEOPT PACKING pc=0x000002ab78696c60 sp=0x000000b538dfc4b0
Event: 2.044 Thread 0x000002ab0a43f000 DEOPT UNPACKING pc=0x000002ab70b974af sp=0x000000b538dfc498 mode 2
Event: 2.115 Thread 0x000002ab0a43f000 Uncommon trap: trap_request=0xffffff4d fr.pc=0x000002ab7872be4c relative=0x000000000000020c
Event: 2.115 Thread 0x000002ab0a43f000 Uncommon trap: reason=unstable_if action=reinterpret pc=0x000002ab7872be4c method=java.util.HashMap.hash(Ljava/lang/Object;)I @ 1 c2
Event: 2.115 Thread 0x000002ab0a43f000 DEOPT PACKING pc=0x000002ab7872be4c sp=0x000000b538df83e0
Event: 2.115 Thread 0x000002ab0a43f000 DEOPT UNPACKING pc=0x000002ab70b974af sp=0x000000b538df8318 mode 2
Event: 2.123 Thread 0x000002ab0a43f000 Uncommon trap: trap_request=0xffffff4d fr.pc=0x000002ab78714a2c relative=0x000000000000008c
Event: 2.123 Thread 0x000002ab0a43f000 Uncommon trap: reason=unstable_if action=reinterpret pc=0x000002ab78714a2c method=java.util.HashMap.hash(Ljava/lang/Object;)I @ 1 c2
Event: 2.123 Thread 0x000002ab0a43f000 DEOPT PACKING pc=0x000002ab78714a2c sp=0x000000b538df7d10
Event: 2.123 Thread 0x000002ab0a43f000 DEOPT UNPACKING pc=0x000002ab70b974af sp=0x000000b538df7ca8 mode 2
Event: 2.204 Thread 0x000002ab0a43f000 Uncommon trap: trap_request=0xffffff4d fr.pc=0x000002ab7869adb8 relative=0x0000000000000a78
Event: 2.204 Thread 0x000002ab0a43f000 Uncommon trap: reason=unstable_if action=reinterpret pc=0x000002ab7869adb8 method=java.io.WinNTFileSystem.resolve(Ljava/lang/String;Ljava/lang/String;)Ljava/lang/String; @ 83 c2
Event: 2.204 Thread 0x000002ab0a43f000 DEOPT PACKING pc=0x000002ab7869adb8 sp=0x000000b538df9c00
Event: 2.204 Thread 0x000002ab0a43f000 DEOPT UNPACKING pc=0x000002ab70b974af sp=0x000000b538df9ba8 mode 2

Classes redefined (0 events):
No events

Internal exceptions (20 events):
Event: 1.709 Thread 0x000002ab0a43f000 Exception <a 'java/lang/NoSuchMethodError'{0x000000008fce3980}: 'void java.lang.invoke.DirectMethodHandle$Holder.invokeSpecial(java.lang.Object, java.lang.Object)'> (0x000000008fce3980) thrown at [./src/hotspot/share/interpreter/linkResolver.cpp, line 773]
Event: 1.779 Thread 0x000002ab0a43f000 Exception <a 'java/lang/NoSuchMethodError'{0x000000008f2ad588}: 'java.lang.Object java.lang.invoke.DirectMethodHandle$Holder.invokeVirtual(java.lang.Object, java.lang.Object, java.lang.Object, java.lang.Object)'> (0x000000008f2ad588) thrown at [./src/hotspot/share/interpreter/linkResolver.cpp, line 773]
Event: 1.900 Thread 0x000002ab0a43f000 Exception <a 'java/lang/NoSuchMethodError'{0x000000008e538108}: 'void java.lang.invoke.DirectMethodHandle$Holder.invokeSpecial(java.lang.Object, java.lang.Object, java.lang.Object, java.lang.Object, java.lang.Object, java.lang.Object)'> (0x000000008e538108) thrown at [./src/hotspot/share/interpreter/linkResolver.cpp, line 773]
Event: 1.920 Thread 0x000002ab0a43f000 Exception <a 'java/lang/NoSuchMethodError'{0x000000008e4e0b50}: 'java.lang.Object java.lang.invoke.Invokers$Holder.invoker(java.lang.Object, java.lang.Object, java.lang.Object)'> (0x000000008e4e0b50) thrown at [./src/hotspot/share/interpreter/linkResolver.cpp, line 773]
Event: 1.936 Thread 0x000002ab0a43f000 Exception <a 'java/lang/NoSuchMethodError'{0x000000008e3e0668}: 'void java.lang.invoke.DirectMethodHandle$Holder.invokeSpecial(java.lang.Object, java.lang.Object, java.lang.Object, java.lang.Object, java.lang.Object, java.lang.Object, java.lang.Object)'> (0x000000008e3e0668) thrown at [./src/hotspot/share/interpreter/linkResolver.cpp, line 773]
Event: 1.936 Thread 0x000002ab0a43f000 Exception <a 'java/lang/NoSuchMethodError'{0x000000008e3e88b0}: 'java.lang.Object java.lang.invoke.Invokers$Holder.linkToTargetMethod(java.lang.Object, java.lang.Object, java.lang.Object, java.lang.Object, java.lang.Object, java.lang.Object)'> (0x000000008e3e88b0) thrown at [./src/hotspot/share/interpreter/linkResolver.cpp, line 773]
Event: 1.947 Thread 0x000002ab0a43f000 Exception <a 'java/lang/NoSuchMethodError'{0x000000008e10b170}: 'java.lang.Object java.lang.invoke.DirectMethodHandle$Holder.invokeVirtual(java.lang.Object, java.lang.Object, java.lang.Object, java.lang.Object, java.lang.Object, java.lang.Object, java.lang.Object, java.lang.Object, java.lang.Object, java.lang.Object, java.lang.Object, java.lang.Object, java.lang.Object, java.lang.Object, java.lang.Object, java.lang.Object, java.lang.Object)'> (0x000000008e10b170) thrown at [./src/hotspot/share/interpreter/
Event: 1.949 Thread 0x000002ab0a43f000 Exception <a 'java/lang/NoSuchMethodError'{0x000000008e13b8b8}: 'java.lang.Object java.lang.invoke.DirectMethodHandle$Holder.invokeSpecial(java.lang.Object, java.lang.Object, java.lang.Object, java.lang.Object, java.lang.Object, java.lang.Object, java.lang.Object, java.lang.Object, java.lang.Object)'> (0x000000008e13b8b8) thrown at [./src/hotspot/share/interpreter/linkResolver.cpp, line 773]
Event: 2.041 Thread 0x000002ab0a43f000 Exception <a 'java/lang/NoSuchMethodError'{0x000000008fa46280}: 'java.lang.Object java.lang.invoke.DirectMethodHandle$Holder.invokeStatic(java.lang.Object, java.lang.Object, java.lang.Object, int, java.lang.Object, java.lang.Object)'> (0x000000008fa46280) thrown at [./src/hotspot/share/interpreter/linkResolver.cpp, line 773]
Event: 2.041 Thread 0x000002ab0a43f000 Exception <a 'java/lang/NoSuchMethodError'{0x000000008fa4d5e8}: 'java.lang.Object java.lang.invoke.Invokers$Holder.linkToTargetMethod(java.lang.Object, java.lang.Object, int, java.lang.Object, java.lang.Object, java.lang.Object)'> (0x000000008fa4d5e8) thrown at [./src/hotspot/share/interpreter/linkResolver.cpp, line 773]
Event: 2.057 Thread 0x000002ab0a43f000 Exception <a 'java/lang/NoSuchMethodError'{0x000000008f9d4fa8}: 'void java.lang.invoke.DirectMethodHandle$Holder.invokeSpecial(java.lang.Object, java.lang.Object, java.lang.Object, java.lang.Object)'> (0x000000008f9d4fa8) thrown at [./src/hotspot/share/interpreter/linkResolver.cpp, line 773]
Event: 2.115 Thread 0x000002ab0a43f000 Implicit null exception at 0x000002ab7872bc75 to 0x000002ab7872be3c
Event: 2.123 Thread 0x000002ab0a43f000 Implicit null exception at 0x000002ab787149af to 0x000002ab78714a1d
Event: 2.158 Thread 0x000002ab0a43f000 Exception <a 'java/lang/NoSuchMethodError'{0x000000008ee482b8}: 'java.lang.Object java.lang.invoke.DirectMethodHandle$Holder.invokeSpecialIFC(java.lang.Object, java.lang.Object, java.lang.Object, java.lang.Object)'> (0x000000008ee482b8) thrown at [./src/hotspot/share/interpreter/linkResolver.cpp, line 773]
Event: 2.164 Thread 0x000002ab0a43f000 Exception <a 'java/lang/NoSuchMethodError'{0x000000008ed0b870}: 'java.lang.Object java.lang.invoke.DirectMethodHandle$Holder.invokeSpecial(java.lang.Object, java.lang.Object, java.lang.Object, java.lang.Object, java.lang.Object, java.lang.Object, java.lang.Object, java.lang.Object, java.lang.Object, java.lang.Object, java.lang.Object, java.lang.Object, java.lang.Object)'> (0x000000008ed0b870) thrown at [./src/hotspot/share/interpreter/linkResolver.cpp, line 773]
Event: 2.165 Thread 0x000002ab0a43f000 Exception <a 'java/lang/NoSuchMethodError'{0x000000008ed1caf8}: 'java.lang.Object java.lang.invoke.DirectMethodHandle$Holder.invokeSpecial(java.lang.Object, java.lang.Object, java.lang.Object, java.lang.Object, java.lang.Object, java.lang.Object, java.lang.Object, java.lang.Object, java.lang.Object, java.lang.Object, java.lang.Object, java.lang.Object)'> (0x000000008ed1caf8) thrown at [./src/hotspot/share/interpreter/linkResolver.cpp, line 773]
Event: 2.165 Thread 0x000002ab0a43f000 Exception <a 'java/lang/NoSuchMethodError'{0x000000008ed21c20}: 'java.lang.Object java.lang.invoke.Invokers$Holder.linkToTargetMethod(java.lang.Object, java.lang.Object, java.lang.Object, java.lang.Object, java.lang.Object, java.lang.Object, java.lang.Object, java.lang.Object, java.lang.Object, java.lang.Object, java.lang.Object)'> (0x000000008ed21c20) thrown at [./src/hotspot/share/interpreter/linkResolver.cpp, line 773]
Event: 2.172 Thread 0x000002ab0a43f000 Exception <a 'java/lang/NoSuchMethodError'{0x000000008ec23e00}: 'java.lang.Object java.lang.invoke.DirectMethodHandle$Holder.invokeSpecial(java.lang.Object, java.lang.Object, java.lang.Object, java.lang.Object, java.lang.Object, java.lang.Object, java.lang.Object, java.lang.Object, java.lang.Object, java.lang.Object, java.lang.Object, java.lang.Object, java.lang.Object, java.lang.Object)'> (0x000000008ec23e00) thrown at [./src/hotspot/share/interpreter/linkResolver.cpp, line 773]
Event: 2.173 Thread 0x000002ab0a43f000 Exception <a 'java/lang/NoSuchMethodError'{0x000000008ec353f8}: 'java.lang.Object java.lang.invoke.Invokers$Holder.linkToTargetMethod(java.lang.Object, java.lang.Object, java.lang.Object, java.lang.Object, java.lang.Object, java.lang.Object, java.lang.Object, java.lang.Object, java.lang.Object, java.lang.Object, java.lang.Object, java.lang.Object)'> (0x000000008ec353f8) thrown at [./src/hotspot/share/interpreter/linkResolver.cpp, line 773]
Event: 2.177 Thread 0x000002ab0a43f000 Exception <a 'java/lang/NoSuchMethodError'{0x000000008ecb1890}: 'java.lang.Object java.lang.invoke.DirectMethodHandle$Holder.invokeStaticInit(java.lang.Object, java.lang.Object, java.lang.Object, java.lang.Object)'> (0x000000008ecb1890) thrown at [./src/hotspot/share/interpreter/linkResolver.cpp, line 773]

Events (20 events):
Event: 2.202 loading class org/gradle/internal/resource/local/LocallyAvailableResourceCandidates
Event: 2.202 loading class org/gradle/internal/resource/local/LocallyAvailableResourceCandidates done
Event: 2.202 loading class org/gradle/internal/component/external/model/ModuleComponentArtifactMetadata
Event: 2.202 loading class org/gradle/internal/component/external/model/ModuleComponentArtifactMetadata done
Event: 2.202 loading class org/gradle/internal/component/external/model/ModuleComponentArtifactMetadata
Event: 2.202 loading class org/gradle/internal/component/external/model/ModuleComponentArtifactMetadata done
Event: 2.202 loading class org/gradle/internal/resource/local/ivy/LocallyAvailableResourceFinderFactory
Event: 2.202 loading class org/gradle/internal/resource/local/ivy/LocallyAvailableResourceFinderFactory done
Event: 2.202 loading class org/gradle/internal/resource/local/FileStoreSearcher
Event: 2.202 loading class org/gradle/internal/resource/local/FileStoreSearcher done
Event: 2.202 loading class org/gradle/internal/Factory
Event: 2.202 loading class org/gradle/internal/Factory done
Event: 2.202 loading class org/gradle/internal/resource/local/FileStoreSearcher
Event: 2.202 loading class org/gradle/internal/resource/local/FileStoreSearcher done
Event: 2.202 loading class org/gradle/api/internal/artifacts/repositories/resolver/IvyResourcePattern
Event: 2.202 loading class org/gradle/api/internal/artifacts/repositories/resolver/IvyResourcePattern done
Event: 2.203 loading class org/gradle/api/internal/artifacts/repositories/resolver/AbstractResourcePattern
Event: 2.203 loading class org/gradle/api/internal/artifacts/repositories/resolver/AbstractResourcePattern done
Event: 2.204 loading class org/gradle/api/internal/artifacts/repositories/resolver/M2ResourcePattern
Event: 2.204 loading class org/gradle/api/internal/artifacts/repositories/resolver/M2ResourcePattern done


Dynamic libraries:
0x00007ff664fb0000 - 0x00007ff664fba000 	C:\Program Files\Android\Android Studio\jre\bin\java.exe
0x00007ffa2a370000 - 0x00007ffa2a565000 	C:\WINDOWS\SYSTEM32\ntdll.dll
0x00007ffa28910000 - 0x00007ffa289cd000 	C:\WINDOWS\System32\KERNEL32.DLL
0x00007ffa27ab0000 - 0x00007ffa27d78000 	C:\WINDOWS\System32\KERNELBASE.dll
0x00007ffa28080000 - 0x00007ffa28180000 	C:\WINDOWS\System32\ucrtbase.dll
0x00007ffa0cc30000 - 0x00007ffa0cc47000 	C:\Program Files\Android\Android Studio\jre\bin\VCRUNTIME140.dll
0x00007ffa0bc20000 - 0x00007ffa0bc39000 	C:\Program Files\Android\Android Studio\jre\bin\jli.dll
0x00007ffa2a0e0000 - 0x00007ffa2a280000 	C:\WINDOWS\System32\USER32.dll
0x00007ffa283b0000 - 0x00007ffa283d2000 	C:\WINDOWS\System32\win32u.dll
0x00007ffa18060000 - 0x00007ffa182fa000 	C:\WINDOWS\WinSxS\amd64_microsoft.windows.common-controls_6595b64144ccf1df_6.0.19041.1052_none_60b8f8fd71f5e8cb\COMCTL32.dll
0x00007ffa28b80000 - 0x00007ffa28baa000 	C:\WINDOWS\System32\GDI32.dll
0x00007ffa297f0000 - 0x00007ffa2988e000 	C:\WINDOWS\System32\msvcrt.dll
0x00007ffa27f70000 - 0x00007ffa2807b000 	C:\WINDOWS\System32\gdi32full.dll
0x00007ffa28180000 - 0x00007ffa2821d000 	C:\WINDOWS\System32\msvcp_win.dll
0x00007ffa2a0b0000 - 0x00007ffa2a0e0000 	C:\WINDOWS\System32\IMM32.DLL
0x00007ff9f5610000 - 0x00007ff9f56ad000 	C:\Program Files\Android\Android Studio\jre\bin\msvcp140.dll
0x00007ff9e8cf0000 - 0x00007ff9e97ac000 	C:\Program Files\Android\Android Studio\jre\bin\server\jvm.dll
0x00007ffa29660000 - 0x00007ffa2970c000 	C:\WINDOWS\System32\ADVAPI32.dll
0x00007ffa28870000 - 0x00007ffa2890b000 	C:\WINDOWS\System32\sechost.dll
0x00007ffa299d0000 - 0x00007ffa29afb000 	C:\WINDOWS\System32\RPCRT4.dll
0x00007ffa28440000 - 0x00007ffa28448000 	C:\WINDOWS\System32\PSAPI.DLL
0x00007ffa184b0000 - 0x00007ffa184d7000 	C:\WINDOWS\SYSTEM32\WINMM.dll
0x00007ffa215d0000 - 0x00007ffa215da000 	C:\WINDOWS\SYSTEM32\VERSION.dll
0x00007ffa03200000 - 0x00007ffa03209000 	C:\WINDOWS\SYSTEM32\WSOCK32.dll
0x00007ffa2a040000 - 0x00007ffa2a0ab000 	C:\WINDOWS\System32\WS2_32.dll
0x00007ffa25a20000 - 0x00007ffa25a32000 	C:\WINDOWS\SYSTEM32\kernel.appcore.dll
0x00007ffa1ea00000 - 0x00007ffa1ea11000 	C:\Program Files\Android\Android Studio\jre\bin\verify.dll
0x00007ffa131f0000 - 0x00007ffa133d4000 	C:\WINDOWS\SYSTEM32\DBGHELP.DLL
0x00007ffa12e40000 - 0x00007ffa12e6c000 	C:\WINDOWS\SYSTEM32\dbgcore.DLL
0x00007ffa27d80000 - 0x00007ffa27e03000 	C:\WINDOWS\System32\bcryptPrimitives.dll
0x00007ffa0b3a0000 - 0x00007ffa0b3c9000 	C:\Program Files\Android\Android Studio\jre\bin\java.dll
0x00007ffa204d0000 - 0x00007ffa204db000 	C:\Program Files\Android\Android Studio\jre\bin\jimage.dll
0x00007ffa15a20000 - 0x00007ffa15a38000 	C:\Program Files\Android\Android Studio\jre\bin\zip.dll
0x00007ffa28d80000 - 0x00007ffa294bf000 	C:\WINDOWS\System32\SHELL32.dll
0x00007ffa25c20000 - 0x00007ffa263b0000 	C:\WINDOWS\SYSTEM32\windows.storage.dll
0x00007ffa28510000 - 0x00007ffa28865000 	C:\WINDOWS\System32\combase.dll
0x00007ffa27450000 - 0x00007ffa2747c000 	C:\WINDOWS\SYSTEM32\Wldp.dll
0x00007ffa295b0000 - 0x00007ffa2965e000 	C:\WINDOWS\System32\SHCORE.dll
0x00007ffa284b0000 - 0x00007ffa28505000 	C:\WINDOWS\System32\shlwapi.dll
0x00007ffa279f0000 - 0x00007ffa27a0f000 	C:\WINDOWS\SYSTEM32\profapi.dll
0x00007ffa15620000 - 0x00007ffa1563a000 	C:\Program Files\Android\Android Studio\jre\bin\net.dll
0x00007ffa1f1a0000 - 0x00007ffa1f2ab000 	C:\WINDOWS\SYSTEM32\WINHTTP.dll
0x00007ffa271c0000 - 0x00007ffa2722a000 	C:\WINDOWS\system32\mswsock.dll
0x00007ffa0fce0000 - 0x00007ffa0fcf4000 	C:\Program Files\Android\Android Studio\jre\bin\nio.dll
0x00007ff9fa670000 - 0x00007ff9fa696000 	C:\Users\khang\.gradle\native\fdc75f09e3144964f2cf3f50f0aa648679c211496f362492102eb8c894070792\windows-amd64\native-platform.dll
0x00007ff9edcc0000 - 0x00007ff9ede51000 	C:\Users\khang\.gradle\native\12488b8bf47d2d4c9fbf2f6322a914ad602e24e48041cd04a747c6da556b65c4\windows-amd64\native-platform-file-events.dll
0x00007ffa1f860000 - 0x00007ffa1f86a000 	C:\Program Files\Android\Android Studio\jre\bin\management.dll
0x00007ffa1ed60000 - 0x00007ffa1ed6c000 	C:\Program Files\Android\Android Studio\jre\bin\management_ext.dll
0x00007ffa27390000 - 0x00007ffa273a8000 	C:\WINDOWS\SYSTEM32\CRYPTSP.dll
0x00007ffa26b60000 - 0x00007ffa26b94000 	C:\WINDOWS\system32\rsaenh.dll
0x00007ffa28220000 - 0x00007ffa28247000 	C:\WINDOWS\System32\bcrypt.dll
0x00007ffa27970000 - 0x00007ffa2799e000 	C:\WINDOWS\SYSTEM32\USERENV.dll
0x00007ffa273b0000 - 0x00007ffa273bc000 	C:\WINDOWS\SYSTEM32\CRYPTBASE.dll
0x00007ffa26eb0000 - 0x00007ffa26eeb000 	C:\WINDOWS\SYSTEM32\IPHLPAPI.DLL
0x00007ffa28bb0000 - 0x00007ffa28bb8000 	C:\WINDOWS\System32\NSI.dll
0x00007ffa21b30000 - 0x00007ffa21b47000 	C:\WINDOWS\SYSTEM32\dhcpcsvc6.DLL
0x00007ffa21ab0000 - 0x00007ffa21acd000 	C:\WINDOWS\SYSTEM32\dhcpcsvc.DLL
0x00007ffa26ef0000 - 0x00007ffa26fbc000 	C:\WINDOWS\SYSTEM32\DNSAPI.dll
0x00007ffa21950000 - 0x00007ffa2195b000 	C:\WINDOWS\SYSTEM32\WINNSI.DLL

dbghelp: loaded successfully - version: 4.0.5 - missing functions: none
symbol engine: initialized successfully - sym options: 0x614 - pdb path: .;C:\Program Files\Android\Android Studio\jre\bin;C:\WINDOWS\SYSTEM32;C:\WINDOWS\WinSxS\amd64_microsoft.windows.common-controls_6595b64144ccf1df_6.0.19041.1052_none_60b8f8fd71f5e8cb;C:\Program Files\Android\Android Studio\jre\bin\server;C:\Users\khang\.gradle\native\fdc75f09e3144964f2cf3f50f0aa648679c211496f362492102eb8c894070792\windows-amd64;C:\Users\khang\.gradle\native\12488b8bf47d2d4c9fbf2f6322a914ad602e24e48041cd04a747c6da556b65c4\windows-amd64

VM Arguments:
jvm_args: --add-opens=java.base/java.util=ALL-UNNAMED --add-opens=java.base/java.lang=ALL-UNNAMED --add-opens=java.base/java.lang.invoke=ALL-UNNAMED --add-opens=java.prefs/java.util.prefs=ALL-UNNAMED -Xmx2048m -Dfile.encoding=UTF-8 -Duser.country=KR -Duser.language=ko -Duser.variant 
java_command: org.gradle.launcher.daemon.bootstrap.GradleDaemon 6.7.1
java_class_path (initial): C:\Users\khang\.gradle\wrapper\dists\gradle-6.7.1-bin\bwlcbys1h7rz3272sye1xwiv6\gradle-6.7.1\lib\gradle-launcher-6.7.1.jar
Launcher Type: SUN_STANDARD

[Global flags]
     intx CICompilerCount                          = 4                                         {product} {ergonomic}
     uint ConcGCThreads                            = 3                                         {product} {ergonomic}
     uint G1ConcRefinementThreads                  = 10                                        {product} {ergonomic}
   size_t G1HeapRegionSize                         = 1048576                                   {product} {ergonomic}
    uintx GCDrainStackTargetSize                   = 64                                        {product} {ergonomic}
   size_t InitialHeapSize                          = 268435456                                 {product} {ergonomic}
   size_t MarkStackSize                            = 4194304                                   {product} {ergonomic}
   size_t MaxHeapSize                              = 2147483648                                {product} {command line}
   size_t MaxNewSize                               = 1287651328                                {product} {ergonomic}
   size_t MinHeapDeltaBytes                        = 1048576                                   {product} {ergonomic}
    uintx NonNMethodCodeHeapSize                   = 5836300                                {pd product} {ergonomic}
    uintx NonProfiledCodeHeapSize                  = 122910970                              {pd product} {ergonomic}
    uintx ProfiledCodeHeapSize                     = 122910970                              {pd product} {ergonomic}
    uintx ReservedCodeCacheSize                    = 251658240                              {pd product} {ergonomic}
     bool SegmentedCodeCache                       = true                                      {product} {ergonomic}
     bool UseCompressedClassPointers               = true                                 {lp64_product} {ergonomic}
     bool UseCompressedOops                        = true                                 {lp64_product} {ergonomic}
     bool UseG1GC                                  = true                                      {product} {ergonomic}
     bool UseLargePagesIndividualAllocation        = false                                  {pd product} {ergonomic}

Logging:
Log output configuration:
 #0: stdout all=warning uptime,level,tags
 #1: stderr all=off uptime,level,tags

Environment Variables:
PATH=C:\Python39\Scripts\;C:\Python39\;D:\app\khangyul\product\12.1.0\dbhome_2\bin;D:\app\khangyul\yul\product\12.1.0\dbhome_1\bin;D:\app\khangyul\product\12.1.0\dbhome_1\bin;D:\app\khangyul\product\12.2.0\dbhome_1\bin;C:\oraclexe\app\oracle\product\11.2.0\server\bin;;C:\WINDOWS\system32;C:\WINDOWS;C:\WINDOWS\System32\Wbem;C:\WINDOWS\System32\WindowsPowerShell\v1.0\;C:\WINDOWS\System32\OpenSSH\;C:\Program Files\NVIDIA Corporation\NVIDIA NvDLISR;D:\Git\cmd;D:\nodejs\;C:\ProgramData\chocolatey\bin;D:\Brackets\command;C:\Users\khang\anaconda3;C:\Users\khang\anaconda3\Library\mingw-w64\bin;C:\Users\khang\anaconda3\Library\usr\bin;C:\Users\khang\anaconda3\Library\bin;C:\Users\khang\anaconda3\Scripts;C:\Users\khang\AppData\Local\Programs\Python\Python39\Scripts\;C:\Users\khang\AppData\Local\Programs\Python\Python39\;C:\Users\khang\AppData\Local\Microsoft\WindowsApps;D:\Bandizip\;C:\Users\khang\AppData\Roaming\npm;C:\Program Files\JetBrains\PyCharm Community Edition 2020.3.4\bin;
USERNAME=khang
OS=Windows_NT
PROCESSOR_IDENTIFIER=AMD64 Family 23 Model 1 Stepping 1, AuthenticAMD



---------------  S Y S T E M  ---------------

OS: Windows 10 , 64 bit Build 19041 (10.0.19041.1023)
OS uptime: 8 days 6:46 hours

CPU:total 12 (initial active 12) (12 cores per cpu, 2 threads per core) family 23 model 1 stepping 1, cmov, cx8, fxsr, mmx, sse, sse2, sse3, ssse3, sse4.1, sse4.2, popcnt, avx, avx2, aes, clmul, mmxext, 3dnowpref, lzcnt, sse4a, ht, tsc, tscinvbit, tscinv, bmi1, bmi2, adx, sha, fma

Memory: 4k page, system-wide physical 16335M (5652M free)
TotalPageFile size 65487M (AvailPageFile size 6M)
current process WorkingSet (physical memory assigned to process): 243M, peak: 245M
current process commit charge ("private bytes"): 435M, peak: 437M

vm_info: OpenJDK 64-Bit Server VM (11.0.8+10-b944.6842174) for windows-amd64 JRE (11.0.8+10-b944.6842174), built on Sep 19 2020 01:11:42 by "builder" with MS VC++ 14.0 (VS2015)

END.
