#
# There is insufficient memory for the Java Runtime Environment to continue.
# Native memory allocation (malloc) failed to allocate 949376 bytes for Chunk::new
# Possible reasons:
#   The system is out of physical RAM or swap space
#   The process is running with CompressedOops enabled, and the Java Heap may be blocking the growth of the native heap
# Possible solutions:
#   Reduce memory load on the system
#   Increase physical memory or swap space
#   Check if swap backing store is full
#   Decrease Java heap size (-Xmx/-Xms)
#   Decrease number of Java threads
#   Decrease Java thread stack sizes (-Xss)
#   Set larger code cache with -XX:ReservedCodeCacheSize=
#   JVM is running with Unscaled Compressed Oops mode in which the Java heap is
#     placed in the first 4GB address space. The Java Heap base address is the
#     maximum limit for the native heap growth. Please use -XX:HeapBaseMinAddress
#     to set the Java Heap base and to place the Java Heap above 4GB virtual address.
# This output file may be truncated or incomplete.
#
#  Out of Memory Error (./src/hotspot/share/memory/arena.cpp:197), pid=1136, tid=12748
#
# JRE version: OpenJDK Runtime Environment (11.0.8+10) (build 11.0.8+10-b944.6842174)
# Java VM: OpenJDK 64-Bit Server VM (11.0.8+10-b944.6842174, mixed mode, tiered, compressed oops, g1 gc, windows-amd64)
# No core dump will be written. Minidumps are not enabled by default on client versions of Windows
#

---------------  S U M M A R Y ------------

Command Line: --add-opens=java.base/java.util=ALL-UNNAMED --add-opens=java.base/java.lang=ALL-UNNAMED --add-opens=java.base/java.lang.invoke=ALL-UNNAMED --add-opens=java.prefs/java.util.prefs=ALL-UNNAMED -Xmx2048m -Dfile.encoding=UTF-8 -Duser.country=KR -Duser.language=ko -Duser.variant org.gradle.launcher.daemon.bootstrap.GradleDaemon 6.7.1

Host: AMD Ryzen 5 1600X Six-Core Processor           , 12 cores, 15G,  Windows 10 , 64 bit Build 19041 (10.0.19041.1023)
Time: Mon Jun 21 21:11:45 2021 대한민국 표준시 elapsed time: 7 seconds (0d 0h 0m 7s)

---------------  T H R E A D  ---------------

Current thread (0x0000029cc615e000):  JavaThread "C2 CompilerThread2" daemon [_thread_in_native, id=12748, stack(0x000000bdaab00000,0x000000bdaac00000)]


Current CompileTask:
C2:   7499 9025       4       org.gradle.internal.snapshot.SnapshotUtil::getMetadataFromChildren (317 bytes)

Stack: [0x000000bdaab00000,0x000000bdaac00000]
Native frames: (J=compiled Java code, j=interpreted, Vv=VM code, C=native code)
V  [jvm.dll+0x5de50a]
V  [jvm.dll+0x7122f5]
V  [jvm.dll+0x71384d]
V  [jvm.dll+0x713f03]
V  [jvm.dll+0x23e728]
V  [jvm.dll+0xb899c]
V  [jvm.dll+0xb8e9c]
V  [jvm.dll+0x2b20e4]
V  [jvm.dll+0x502098]
V  [jvm.dll+0x1f8cde]
V  [jvm.dll+0x1f685f]
V  [jvm.dll+0x17f32c]
V  [jvm.dll+0x205047]
V  [jvm.dll+0x203891]
V  [jvm.dll+0x6dad3f]
V  [jvm.dll+0x6d3895]
V  [jvm.dll+0x5dd4a6]
C  [ucrtbase.dll+0x21bb2]
C  [KERNEL32.DLL+0x17034]
C  [ntdll.dll+0x52651]


---------------  P R O C E S S  ---------------

Threads class SMR info:
_java_thread_list=0x0000029cc6a31d30, length=157, elements={
0x0000029ca6e5b800, 0x0000029cc3dab000, 0x0000029cc3db6000, 0x0000029cc3dcb800,
0x0000029cc3dcc800, 0x0000029cc3dcf800, 0x0000029cc3e24800, 0x0000029cc3e25800,
0x0000029cc3f90000, 0x0000029cc3fbd000, 0x0000029cc6499800, 0x0000029cc7808800,
0x0000029cc5c7b800, 0x0000029cc4d2c800, 0x0000029cc51c5800, 0x0000029cc572e800,
0x0000029cc5733800, 0x0000029cc663f800, 0x0000029cc6ada800, 0x0000029cc6adb800,
0x0000029cc4af4000, 0x0000029cc4af8000, 0x0000029cc4af3800, 0x0000029cc4af7800,
0x0000029cc4af9000, 0x0000029cc4af5000, 0x0000029cc4af5800, 0x0000029cc4afa000,
0x0000029cc4af6800, 0x0000029cc82af000, 0x0000029cc82b1800, 0x0000029cc82b0800,
0x0000029cc82b3000, 0x0000029cc82b4000, 0x0000029cc82b5000, 0x0000029cc82b6800,
0x0000029cc82b5800, 0x0000029cc82b8000, 0x0000029cc82b7800, 0x0000029cc82b2800,
0x0000029cc82b9000, 0x0000029cc82b9800, 0x0000029cc82bd000, 0x0000029cc82ba800,
0x0000029cc82be000, 0x0000029cc82bb800, 0x0000029cc82bc000, 0x0000029cc9043800,
0x0000029cc9042000, 0x0000029cc9040800, 0x0000029cc9044800, 0x0000029cc9047000,
0x0000029cc9045000, 0x0000029cc9046000, 0x0000029cc9041000, 0x0000029cc9047800,
0x0000029cc9048800, 0x0000029cc9042800, 0x0000029cc904b000, 0x0000029cc9049800,
0x0000029cc904f000, 0x0000029cc904a000, 0x0000029cc904b800, 0x0000029cc904c800,
0x0000029cc904d800, 0x0000029cc904e000, 0x0000029cc7cf5000, 0x0000029cc7cf0000,
0x0000029cc7cf1800, 0x0000029cc7cef000, 0x0000029cc7cf6800, 0x0000029cc7cf4000,
0x0000029cc7cf1000, 0x0000029cc7cf3800, 0x0000029cc7cf6000, 0x0000029cc7cf7800,
0x0000029cc7cf8000, 0x0000029cc7cf2800, 0x0000029cc7cf9000, 0x0000029cc7cfa000,
0x0000029cc7cfa800, 0x0000029cc7cfb800, 0x0000029cc7cfd000, 0x0000029cc7cfe000,
0x0000029cc7cfc800, 0x0000029ccaa73800, 0x0000029ccaa72800, 0x0000029ccaa71000,
0x0000029ccaa6f800, 0x0000029ccaa6d800, 0x0000029ccaa6e800, 0x0000029ccaa74000,
0x0000029ccaa72000, 0x0000029ccaa75000, 0x0000029ccaa76000, 0x0000029ccaa70000,
0x0000029ccaa7a000, 0x0000029ccaa77800, 0x0000029ccaa7c800, 0x0000029ccaa7b800,
0x0000029ccaa76800, 0x0000029ccaa78800, 0x0000029ccaa7a800, 0x0000029ccaa79000,
0x0000029cc7ec8800, 0x0000029cc7ec9000, 0x0000029cc7eca000, 0x0000029cc7ec4800,
0x0000029cc7ecb000, 0x0000029cc7ec6800, 0x0000029cc7ec7800, 0x0000029cc7ec5000,
0x0000029cc7ecb800, 0x0000029cc7ec6000, 0x0000029cc7ecd000, 0x0000029cc7ece000,
0x0000029cc7ecf800, 0x0000029cc7ed1800, 0x0000029cc7ecc800, 0x0000029cc7ed0800,
0x0000029cc7ecf000, 0x0000029cc7ed3000, 0x0000029cc7ed2000, 0x0000029cc95fe800,
0x0000029cc95ff800, 0x0000029cc95fa000, 0x0000029cc95fe000, 0x0000029cc95fb800,
0x0000029cc9600800, 0x0000029cc95fa800, 0x0000029cc9601000, 0x0000029cc9602000,
0x0000029cc95fc000, 0x0000029cc9602800, 0x0000029cc95fd000, 0x0000029cc9604800,
0x0000029cc9603800, 0x0000029cc9608800, 0x0000029cc9605000, 0x0000029cc9606000,
0x0000029cc9607800, 0x0000029cc65c6800, 0x0000029cc65c7000, 0x0000029cc65c8000,
0x0000029cc65c4800, 0x0000029cc65c2000, 0x0000029cc65c5800, 0x0000029cc65c4000,
0x0000029cc65c8800, 0x0000029cc65c3000, 0x0000029cc6158800, 0x0000029cc615a800,
0x0000029cc615b800, 0x0000029cc615c800, 0x0000029cc615d000, 0x0000029cc6157800,
0x0000029cc615e000
}

Java Threads: ( => current thread )
  0x0000029ca6e5b800 JavaThread "main" [_thread_blocked, id=15548, stack(0x000000bd9f800000,0x000000bd9f900000)]
  0x0000029cc3dab000 JavaThread "Reference Handler" daemon [_thread_blocked, id=4084, stack(0x000000bd9ff00000,0x000000bda0000000)]
  0x0000029cc3db6000 JavaThread "Finalizer" daemon [_thread_blocked, id=416, stack(0x000000bda0000000,0x000000bda0100000)]
  0x0000029cc3dcb800 JavaThread "Signal Dispatcher" daemon [_thread_blocked, id=7924, stack(0x000000bda0100000,0x000000bda0200000)]
  0x0000029cc3dcc800 JavaThread "Attach Listener" daemon [_thread_blocked, id=1532, stack(0x000000bda0200000,0x000000bda0300000)]
  0x0000029cc3dcf800 JavaThread "C2 CompilerThread0" daemon [_thread_in_native, id=2396, stack(0x000000bda0300000,0x000000bda0400000)]
  0x0000029cc3e24800 JavaThread "C1 CompilerThread0" daemon [_thread_in_vm, id=1448, stack(0x000000bda0400000,0x000000bda0500000)]
  0x0000029cc3e25800 JavaThread "Sweeper thread" daemon [_thread_blocked, id=11284, stack(0x000000bda0500000,0x000000bda0600000)]
  0x0000029cc3f90000 JavaThread "Common-Cleaner" daemon [_thread_blocked, id=6980, stack(0x000000bda0600000,0x000000bda0700000)]
  0x0000029cc3fbd000 JavaThread "Service Thread" daemon [_thread_blocked, id=8600, stack(0x000000bda0700000,0x000000bda0800000)]
  0x0000029cc6499800 JavaThread "Daemon health stats" [_thread_blocked, id=11488, stack(0x000000bda1000000,0x000000bda1100000)]
  0x0000029cc7808800 JavaThread "Incoming local TCP Connector on port 11647" [_thread_in_native, id=8680, stack(0x000000bda1300000,0x000000bda1400000)]
  0x0000029cc5c7b800 JavaThread "Daemon periodic checks" [_thread_blocked, id=4732, stack(0x000000bda1400000,0x000000bda1500000)]
  0x0000029cc4d2c800 JavaThread "Daemon" [_thread_blocked, id=16228, stack(0x000000bda1500000,0x000000bda1600000)]
  0x0000029cc51c5800 JavaThread "Handler for socket connection from /127.0.0.1:11647 to /127.0.0.1:11648" [_thread_in_native, id=14956, stack(0x000000bda1600000,0x000000bda1700000)]
  0x0000029cc572e800 JavaThread "Cancel handler" [_thread_blocked, id=3320, stack(0x000000bda1700000,0x000000bda1800000)]
  0x0000029cc5733800 JavaThread "Daemon worker" [_thread_blocked, id=9616, stack(0x000000bda1800000,0x000000bda1900000)]
  0x0000029cc663f800 JavaThread "Asynchronous log dispatcher for DefaultDaemonConnection: socket connection from /127.0.0.1:11647 to /127.0.0.1:11648" [_thread_blocked, id=11280, stack(0x000000bda1900000,0x000000bda1a00000)]
  0x0000029cc6ada800 JavaThread "Stdin handler" [_thread_blocked, id=14372, stack(0x000000bda1a00000,0x000000bda1b00000)]
  0x0000029cc6adb800 JavaThread "Thread-8" [_thread_blocked, id=3108, stack(0x000000bda1b00000,0x000000bda1c00000)]
  0x0000029cc4af4000 JavaThread "Cache worker for file hash cache (C:\Users\khang\.gradle\caches\6.7.1\fileHashes)" [_thread_blocked, id=16364, stack(0x000000bda1c00000,0x000000bda1d00000)]
  0x0000029cc4af8000 JavaThread "File lock request listener" [_thread_in_native, id=13624, stack(0x000000bda1d00000,0x000000bda1e00000)]
  0x0000029cc4af3800 JavaThread "Cache worker for journal cache (C:\Users\khang\.gradle\caches\journal-1)" [_thread_blocked, id=12952, stack(0x000000bda2400000,0x000000bda2500000)]
  0x0000029cc4af7800 JavaThread "Cache worker for file hash cache (D:\hg\SportsCalendar_android_0620_5_save\SportsCalendar_android_0620_5_save\.gradle\6.7.1\fileHashes)" [_thread_blocked, id=14380, stack(0x000000bda2500000,0x000000bda2600000)]
  0x0000029cc4af9000 JavaThread "Cache worker for checksums cache (D:\hg\SportsCalendar_android_0620_5_save\SportsCalendar_android_0620_5_save\.gradle\checksums)" [_thread_blocked, id=1608, stack(0x000000bda2600000,0x000000bda2700000)]
  0x0000029cc4af5000 JavaThread "Cache worker for cache directory md-supplier (C:\Users\khang\.gradle\caches\6.7.1\md-supplier)" [_thread_blocked, id=2508, stack(0x000000bda2700000,0x000000bda2800000)]
  0x0000029cc4af5800 JavaThread "Cache worker for cache directory md-rule (C:\Users\khang\.gradle\caches\6.7.1\md-rule)" [_thread_blocked, id=9356, stack(0x000000bda2800000,0x000000bda2900000)]
  0x0000029cc4afa000 JavaThread "Cache worker for execution history cache (C:\Users\khang\.gradle\caches\6.7.1\executionHistory)" [_thread_blocked, id=11004, stack(0x000000bda2900000,0x000000bda2a00000)]
  0x0000029cc4af6800 JavaThread "jar transforms" [_thread_blocked, id=15452, stack(0x000000bda2a00000,0x000000bda2b00000)]
  0x0000029cc82af000 JavaThread "Cache worker for file content cache (C:\Users\khang\.gradle\caches\6.7.1\fileContent)" [_thread_blocked, id=2908, stack(0x000000bda2b00000,0x000000bda2c00000)]
  0x0000029cc82b1800 JavaThread "Cache worker for Build Output Cleanup Cache (D:\hg\SportsCalendar_android_0620_5_save\SportsCalendar_android_0620_5_save\.gradle\buildOutputCleanup)" [_thread_blocked, id=2588, stack(0x000000bda2c00000,0x000000bda2d00000)]
  0x0000029cc82b0800 JavaThread "Build operations" [_thread_blocked, id=14272, stack(0x000000bda2d00000,0x000000bda2e00000)]
  0x0000029cc82b3000 JavaThread "Build operations Thread 2" [_thread_in_native, id=15408, stack(0x000000bda2e00000,0x000000bda2f00000)]
  0x0000029cc82b4000 JavaThread "Build operations Thread 3" [_thread_in_native, id=13508, stack(0x000000bda2f00000,0x000000bda3000000)]
  0x0000029cc82b5000 JavaThread "Build operations Thread 4" [_thread_in_native, id=8776, stack(0x000000bda3000000,0x000000bda3100000)]
  0x0000029cc82b6800 JavaThread "Build operations Thread 5" [_thread_blocked, id=3024, stack(0x000000bda3100000,0x000000bda3200000)]
  0x0000029cc82b5800 JavaThread "Build operations Thread 6" [_thread_blocked, id=13440, stack(0x000000bda3200000,0x000000bda3300000)]
  0x0000029cc82b8000 JavaThread "Build operations Thread 7" [_thread_in_Java, id=11300, stack(0x000000bda3300000,0x000000bda3400000)]
  0x0000029cc82b7800 JavaThread "Build operations Thread 8" [_thread_blocked, id=14880, stack(0x000000bda3400000,0x000000bda3500000)]
  0x0000029cc82b2800 JavaThread "Build operations Thread 9" [_thread_in_native, id=9872, stack(0x000000bda3500000,0x000000bda3600000)]
  0x0000029cc82b9000 JavaThread "Build operations Thread 10" [_thread_blocked, id=15908, stack(0x000000bda3600000,0x000000bda3700000)]
  0x0000029cc82b9800 JavaThread "Build operations Thread 11" [_thread_blocked, id=8684, stack(0x000000bda3700000,0x000000bda3800000)]
  0x0000029cc82bd000 JavaThread "Build operations Thread 12" [_thread_in_Java, id=2276, stack(0x000000bda3800000,0x000000bda3900000)]
  0x0000029cc82ba800 JavaThread "jar transforms Thread 2" [_thread_blocked, id=8620, stack(0x000000bda3900000,0x000000bda3a00000)]
  0x0000029cc82be000 JavaThread "jar transforms Thread 3" [_thread_blocked, id=7676, stack(0x000000bda3a00000,0x000000bda3b00000)]
  0x0000029cc82bb800 JavaThread "jar transforms Thread 4" [_thread_blocked, id=3416, stack(0x000000bda3b00000,0x000000bda3c00000)]
  0x0000029cc82bc000 JavaThread "jar transforms Thread 5" [_thread_blocked, id=7604, stack(0x000000bda3c00000,0x000000bda3d00000)]
  0x0000029cc9043800 JavaThread "jar transforms Thread 6" [_thread_blocked, id=11232, stack(0x000000bda3d00000,0x000000bda3e00000)]
  0x0000029cc9042000 JavaThread "jar transforms Thread 7" [_thread_blocked, id=8088, stack(0x000000bda3e00000,0x000000bda3f00000)]
  0x0000029cc9040800 JavaThread "jar transforms Thread 8" [_thread_blocked, id=12880, stack(0x000000bda3f00000,0x000000bda4000000)]
  0x0000029cc9044800 JavaThread "jar transforms Thread 9" [_thread_blocked, id=4008, stack(0x000000bda4000000,0x000000bda4100000)]
  0x0000029cc9047000 JavaThread "jar transforms Thread 10" [_thread_blocked, id=168, stack(0x000000bda4100000,0x000000bda4200000)]
  0x0000029cc9045000 JavaThread "jar transforms Thread 11" [_thread_blocked, id=7160, stack(0x000000bda4200000,0x000000bda4300000)]
  0x0000029cc9046000 JavaThread "jar transforms Thread 12" [_thread_blocked, id=9488, stack(0x000000bda4300000,0x000000bda4400000)]
  0x0000029cc9041000 JavaThread "jar transforms Thread 13" [_thread_blocked, id=9720, stack(0x000000bda4400000,0x000000bda4500000)]
  0x0000029cc9047800 JavaThread "jar transforms Thread 14" [_thread_blocked, id=9392, stack(0x000000bda4500000,0x000000bda4600000)]
  0x0000029cc9048800 JavaThread "jar transforms Thread 15" [_thread_blocked, id=13676, stack(0x000000bda4600000,0x000000bda4700000)]
  0x0000029cc9042800 JavaThread "jar transforms Thread 16" [_thread_blocked, id=13056, stack(0x000000bda4700000,0x000000bda4800000)]
  0x0000029cc904b000 JavaThread "jar transforms Thread 17" [_thread_blocked, id=8996, stack(0x000000bda4800000,0x000000bda4900000)]
  0x0000029cc9049800 JavaThread "jar transforms Thread 18" [_thread_blocked, id=7728, stack(0x000000bda4900000,0x000000bda4a00000)]
  0x0000029cc904f000 JavaThread "jar transforms Thread 19" [_thread_blocked, id=4916, stack(0x000000bda4a00000,0x000000bda4b00000)]
  0x0000029cc904a000 JavaThread "jar transforms Thread 20" [_thread_blocked, id=11476, stack(0x000000bda4b00000,0x000000bda4c00000)]
  0x0000029cc904b800 JavaThread "jar transforms Thread 21" [_thread_blocked, id=5196, stack(0x000000bda4c00000,0x000000bda4d00000)]
  0x0000029cc904c800 JavaThread "jar transforms Thread 22" [_thread_blocked, id=13864, stack(0x000000bda4d00000,0x000000bda4e00000)]
  0x0000029cc904d800 JavaThread "jar transforms Thread 23" [_thread_blocked, id=3512, stack(0x000000bda4e00000,0x000000bda4f00000)]
  0x0000029cc904e000 JavaThread "jar transforms Thread 24" [_thread_blocked, id=14400, stack(0x000000bda4f00000,0x000000bda5000000)]
  0x0000029cc7cf5000 JavaThread "jar transforms Thread 25" [_thread_blocked, id=284, stack(0x000000bda5000000,0x000000bda5100000)]
  0x0000029cc7cf0000 JavaThread "jar transforms Thread 26" [_thread_blocked, id=5832, stack(0x000000bda5100000,0x000000bda5200000)]
  0x0000029cc7cf1800 JavaThread "jar transforms Thread 27" [_thread_blocked, id=15312, stack(0x000000bda5200000,0x000000bda5300000)]
  0x0000029cc7cef000 JavaThread "jar transforms Thread 28" [_thread_blocked, id=15660, stack(0x000000bda5300000,0x000000bda5400000)]
  0x0000029cc7cf6800 JavaThread "jar transforms Thread 29" [_thread_blocked, id=9696, stack(0x000000bda5400000,0x000000bda5500000)]
  0x0000029cc7cf4000 JavaThread "jar transforms Thread 30" [_thread_blocked, id=7380, stack(0x000000bda5500000,0x000000bda5600000)]
  0x0000029cc7cf1000 JavaThread "jar transforms Thread 31" [_thread_blocked, id=8956, stack(0x000000bda5600000,0x000000bda5700000)]
  0x0000029cc7cf3800 JavaThread "jar transforms Thread 32" [_thread_blocked, id=12512, stack(0x000000bda5700000,0x000000bda5800000)]
  0x0000029cc7cf6000 JavaThread "jar transforms Thread 33" [_thread_blocked, id=7608, stack(0x000000bda5800000,0x000000bda5900000)]
  0x0000029cc7cf7800 JavaThread "jar transforms Thread 34" [_thread_blocked, id=13564, stack(0x000000bda5900000,0x000000bda5a00000)]
  0x0000029cc7cf8000 JavaThread "jar transforms Thread 35" [_thread_blocked, id=15244, stack(0x000000bda5a00000,0x000000bda5b00000)]
  0x0000029cc7cf2800 JavaThread "jar transforms Thread 36" [_thread_blocked, id=14328, stack(0x000000bda5b00000,0x000000bda5c00000)]
  0x0000029cc7cf9000 JavaThread "jar transforms Thread 37" [_thread_blocked, id=14476, stack(0x000000bda5c00000,0x000000bda5d00000)]
  0x0000029cc7cfa000 JavaThread "jar transforms Thread 38" [_thread_blocked, id=4452, stack(0x000000bda5d00000,0x000000bda5e00000)]
  0x0000029cc7cfa800 JavaThread "jar transforms Thread 39" [_thread_blocked, id=11136, stack(0x000000bda5e00000,0x000000bda5f00000)]
  0x0000029cc7cfb800 JavaThread "jar transforms Thread 40" [_thread_blocked, id=2236, stack(0x000000bda5f00000,0x000000bda6000000)]
  0x0000029cc7cfd000 JavaThread "jar transforms Thread 41" [_thread_blocked, id=11424, stack(0x000000bda6000000,0x000000bda6100000)]
  0x0000029cc7cfe000 JavaThread "jar transforms Thread 42" [_thread_blocked, id=864, stack(0x000000bda6100000,0x000000bda6200000)]
  0x0000029cc7cfc800 JavaThread "jar transforms Thread 43" [_thread_blocked, id=13792, stack(0x000000bda6200000,0x000000bda6300000)]
  0x0000029ccaa73800 JavaThread "jar transforms Thread 44" [_thread_blocked, id=8696, stack(0x000000bda6300000,0x000000bda6400000)]
  0x0000029ccaa72800 JavaThread "jar transforms Thread 45" [_thread_blocked, id=4780, stack(0x000000bda6400000,0x000000bda6500000)]
  0x0000029ccaa71000 JavaThread "jar transforms Thread 46" [_thread_blocked, id=8980, stack(0x000000bda6500000,0x000000bda6600000)]
  0x0000029ccaa6f800 JavaThread "jar transforms Thread 47" [_thread_blocked, id=6084, stack(0x000000bda6600000,0x000000bda6700000)]
  0x0000029ccaa6d800 JavaThread "jar transforms Thread 48" [_thread_blocked, id=4192, stack(0x000000bda6700000,0x000000bda6800000)]
  0x0000029ccaa6e800 JavaThread "jar transforms Thread 49" [_thread_blocked, id=2156, stack(0x000000bda6800000,0x000000bda6900000)]
  0x0000029ccaa74000 JavaThread "jar transforms Thread 50" [_thread_blocked, id=1280, stack(0x000000bda6900000,0x000000bda6a00000)]
  0x0000029ccaa72000 JavaThread "jar transforms Thread 51" [_thread_blocked, id=8908, stack(0x000000bda6a00000,0x000000bda6b00000)]
  0x0000029ccaa75000 JavaThread "jar transforms Thread 52" [_thread_blocked, id=15588, stack(0x000000bda6b00000,0x000000bda6c00000)]
  0x0000029ccaa76000 JavaThread "jar transforms Thread 53" [_thread_blocked, id=4000, stack(0x000000bda6c00000,0x000000bda6d00000)]
  0x0000029ccaa70000 JavaThread "jar transforms Thread 54" [_thread_blocked, id=10256, stack(0x000000bda6d00000,0x000000bda6e00000)]
  0x0000029ccaa7a000 JavaThread "jar transforms Thread 55" [_thread_blocked, id=11156, stack(0x000000bda6e00000,0x000000bda6f00000)]
  0x0000029ccaa77800 JavaThread "jar transforms Thread 56" [_thread_blocked, id=3080, stack(0x000000bda6f00000,0x000000bda7000000)]
  0x0000029ccaa7c800 JavaThread "jar transforms Thread 57" [_thread_blocked, id=7868, stack(0x000000bda7000000,0x000000bda7100000)]
  0x0000029ccaa7b800 JavaThread "jar transforms Thread 58" [_thread_blocked, id=8796, stack(0x000000bda7100000,0x000000bda7200000)]
  0x0000029ccaa76800 JavaThread "jar transforms Thread 59" [_thread_blocked, id=8852, stack(0x000000bda7200000,0x000000bda7300000)]
  0x0000029ccaa78800 JavaThread "jar transforms Thread 60" [_thread_blocked, id=1820, stack(0x000000bda7300000,0x000000bda7400000)]
  0x0000029ccaa7a800 JavaThread "jar transforms Thread 61" [_thread_blocked, id=10188, stack(0x000000bda7400000,0x000000bda7500000)]
  0x0000029ccaa79000 JavaThread "jar transforms Thread 62" [_thread_blocked, id=14716, stack(0x000000bda7500000,0x000000bda7600000)]
  0x0000029cc7ec8800 JavaThread "jar transforms Thread 63" [_thread_blocked, id=5216, stack(0x000000bda7600000,0x000000bda7700000)]
  0x0000029cc7ec9000 JavaThread "jar transforms Thread 64" [_thread_blocked, id=11060, stack(0x000000bda7700000,0x000000bda7800000)]
  0x0000029cc7eca000 JavaThread "jar transforms Thread 65" [_thread_blocked, id=15804, stack(0x000000bda7800000,0x000000bda7900000)]
  0x0000029cc7ec4800 JavaThread "jar transforms Thread 66" [_thread_blocked, id=880, stack(0x000000bda7900000,0x000000bda7a00000)]
  0x0000029cc7ecb000 JavaThread "jar transforms Thread 67" [_thread_blocked, id=14992, stack(0x000000bda7a00000,0x000000bda7b00000)]
  0x0000029cc7ec6800 JavaThread "jar transforms Thread 68" [_thread_blocked, id=10688, stack(0x000000bda7b00000,0x000000bda7c00000)]
  0x0000029cc7ec7800 JavaThread "jar transforms Thread 69" [_thread_blocked, id=3012, stack(0x000000bda7c00000,0x000000bda7d00000)]
  0x0000029cc7ec5000 JavaThread "jar transforms Thread 70" [_thread_blocked, id=15048, stack(0x000000bda7d00000,0x000000bda7e00000)]
  0x0000029cc7ecb800 JavaThread "jar transforms Thread 71" [_thread_blocked, id=10508, stack(0x000000bda7e00000,0x000000bda7f00000)]
  0x0000029cc7ec6000 JavaThread "jar transforms Thread 72" [_thread_blocked, id=14808, stack(0x000000bda7f00000,0x000000bda8000000)]
  0x0000029cc7ecd000 JavaThread "jar transforms Thread 73" [_thread_blocked, id=11668, stack(0x000000bda8000000,0x000000bda8100000)]
  0x0000029cc7ece000 JavaThread "jar transforms Thread 74" [_thread_blocked, id=1460, stack(0x000000bda8100000,0x000000bda8200000)]
  0x0000029cc7ecf800 JavaThread "jar transforms Thread 75" [_thread_blocked, id=12184, stack(0x000000bda8200000,0x000000bda8300000)]
  0x0000029cc7ed1800 JavaThread "jar transforms Thread 76" [_thread_blocked, id=12188, stack(0x000000bda8300000,0x000000bda8400000)]
  0x0000029cc7ecc800 JavaThread "jar transforms Thread 77" [_thread_blocked, id=2920, stack(0x000000bda8400000,0x000000bda8500000)]
  0x0000029cc7ed0800 JavaThread "jar transforms Thread 78" [_thread_blocked, id=7484, stack(0x000000bda8500000,0x000000bda8600000)]
  0x0000029cc7ecf000 JavaThread "jar transforms Thread 79" [_thread_blocked, id=12960, stack(0x000000bda8600000,0x000000bda8700000)]
  0x0000029cc7ed3000 JavaThread "jar transforms Thread 80" [_thread_blocked, id=12672, stack(0x000000bda8700000,0x000000bda8800000)]
  0x0000029cc7ed2000 JavaThread "jar transforms Thread 81" [_thread_blocked, id=8120, stack(0x000000bda8800000,0x000000bda8900000)]
  0x0000029cc95fe800 JavaThread "jar transforms Thread 82" [_thread_blocked, id=14984, stack(0x000000bda8900000,0x000000bda8a00000)]
  0x0000029cc95ff800 JavaThread "jar transforms Thread 83" [_thread_blocked, id=5856, stack(0x000000bda8a00000,0x000000bda8b00000)]
  0x0000029cc95fa000 JavaThread "jar transforms Thread 84" [_thread_blocked, id=8056, stack(0x000000bda8b00000,0x000000bda8c00000)]
  0x0000029cc95fe000 JavaThread "jar transforms Thread 85" [_thread_blocked, id=7688, stack(0x000000bda8c00000,0x000000bda8d00000)]
  0x0000029cc95fb800 JavaThread "jar transforms Thread 86" [_thread_blocked, id=4736, stack(0x000000bda8d00000,0x000000bda8e00000)]
  0x0000029cc9600800 JavaThread "jar transforms Thread 87" [_thread_blocked, id=9752, stack(0x000000bda8e00000,0x000000bda8f00000)]
  0x0000029cc95fa800 JavaThread "jar transforms Thread 88" [_thread_blocked, id=16132, stack(0x000000bda8f00000,0x000000bda9000000)]
  0x0000029cc9601000 JavaThread "jar transforms Thread 89" [_thread_blocked, id=12572, stack(0x000000bda9000000,0x000000bda9100000)]
  0x0000029cc9602000 JavaThread "jar transforms Thread 90" [_thread_blocked, id=6988, stack(0x000000bda9100000,0x000000bda9200000)]
  0x0000029cc95fc000 JavaThread "jar transforms Thread 91" [_thread_blocked, id=13752, stack(0x000000bda9200000,0x000000bda9300000)]
  0x0000029cc9602800 JavaThread "jar transforms Thread 92" [_thread_blocked, id=15860, stack(0x000000bda9300000,0x000000bda9400000)]
  0x0000029cc95fd000 JavaThread "jar transforms Thread 93" [_thread_blocked, id=15692, stack(0x000000bda9400000,0x000000bda9500000)]
  0x0000029cc9604800 JavaThread "jar transforms Thread 94" [_thread_blocked, id=10156, stack(0x000000bda9500000,0x000000bda9600000)]
  0x0000029cc9603800 JavaThread "jar transforms Thread 95" [_thread_blocked, id=8652, stack(0x000000bda9600000,0x000000bda9700000)]
  0x0000029cc9608800 JavaThread "jar transforms Thread 96" [_thread_blocked, id=9000, stack(0x000000bda9700000,0x000000bda9800000)]
  0x0000029cc9605000 JavaThread "jar transforms Thread 97" [_thread_blocked, id=6280, stack(0x000000bda9800000,0x000000bda9900000)]
  0x0000029cc9606000 JavaThread "Memory manager" [_thread_blocked, id=15444, stack(0x000000bda9900000,0x000000bda9a00000)]
  0x0000029cc9607800 JavaThread "build event listener" [_thread_blocked, id=3180, stack(0x000000bda9d00000,0x000000bda9e00000)]
  0x0000029cc65c6800 JavaThread "build event listener" [_thread_blocked, id=8368, stack(0x000000bda9e00000,0x000000bda9f00000)]
  0x0000029cc65c7000 JavaThread "Execution worker for ':'" [_thread_blocked, id=9456, stack(0x000000bda9f00000,0x000000bdaa000000)]
  0x0000029cc65c8000 JavaThread "Execution worker for ':' Thread 2" [_thread_blocked, id=12904, stack(0x000000bdaa000000,0x000000bdaa100000)]
  0x0000029cc65c4800 JavaThread "Execution worker for ':' Thread 3" [_thread_blocked, id=14524, stack(0x000000bdaa100000,0x000000bdaa200000)]
  0x0000029cc65c2000 JavaThread "Execution worker for ':' Thread 4" [_thread_blocked, id=9300, stack(0x000000bdaa200000,0x000000bdaa300000)]
  0x0000029cc65c5800 JavaThread "Execution worker for ':' Thread 5" [_thread_blocked, id=11000, stack(0x000000bdaa300000,0x000000bdaa400000)]
  0x0000029cc65c4000 JavaThread "Execution worker for ':' Thread 6" [_thread_blocked, id=11328, stack(0x000000bdaa400000,0x000000bdaa500000)]
  0x0000029cc65c8800 JavaThread "Execution worker for ':' Thread 7" [_thread_blocked, id=3296, stack(0x000000bdaa500000,0x000000bdaa600000)]
  0x0000029cc65c3000 JavaThread "Execution worker for ':' Thread 8" [_thread_blocked, id=7996, stack(0x000000bdaa600000,0x000000bdaa700000)]
  0x0000029cc6158800 JavaThread "Execution worker for ':' Thread 9" [_thread_blocked, id=6596, stack(0x000000bdaa700000,0x000000bdaa800000)]
  0x0000029cc615a800 JavaThread "Execution worker for ':' Thread 10" [_thread_in_vm, id=13956, stack(0x000000bdaa800000,0x000000bdaa900000)]
  0x0000029cc615b800 JavaThread "Execution worker for ':' Thread 11" [_thread_blocked, id=9328, stack(0x000000bdaa900000,0x000000bdaaa00000)]
  0x0000029cc615c800 JavaThread "Cache worker for execution history cache (D:\hg\SportsCalendar_android_0620_5_save\SportsCalendar_android_0620_5_save\.gradle\6.7.1\executionHistory)" [_thread_blocked, id=11972, stack(0x000000bdaaa00000,0x000000bdaab00000)]
  0x0000029cc615d000 JavaThread "C2 CompilerThread1" daemon [_thread_in_native, id=5968, stack(0x000000bda0900000,0x000000bda0a00000)]
  0x0000029cc6157800 JavaThread "WorkerExecutor Queue" [_thread_blocked, id=7060, stack(0x000000bda0a00000,0x000000bda0b00000)]
=>0x0000029cc615e000 JavaThread "C2 CompilerThread2" daemon [_thread_in_native, id=12748, stack(0x000000bdaab00000,0x000000bdaac00000)]

Other Threads:
  0x0000029cc3da7000 VMThread "VM Thread" [stack: 0x000000bd9fe00000,0x000000bd9ff00000] [id=3696]
  0x0000029cc3fbe000 WatcherThread [stack: 0x000000bda0800000,0x000000bda0900000] [id=11248]
  0x0000029ca6e73000 GCTaskThread "GC Thread#0" [stack: 0x000000bd9f900000,0x000000bd9fa00000] [id=7372]
  0x0000029cc4f89000 GCTaskThread "GC Thread#1" [stack: 0x000000bda0b00000,0x000000bda0c00000] [id=14280]
  0x0000029cc4fe0800 GCTaskThread "GC Thread#2" [stack: 0x000000bda0c00000,0x000000bda0d00000] [id=8944]
  0x0000029cc4e1f800 GCTaskThread "GC Thread#3" [stack: 0x000000bda0d00000,0x000000bda0e00000] [id=13656]
  0x0000029cc4f2a000 GCTaskThread "GC Thread#4" [stack: 0x000000bda0e00000,0x000000bda0f00000] [id=14624]
  0x0000029cc4deb000 GCTaskThread "GC Thread#5" [stack: 0x000000bda0f00000,0x000000bda1000000] [id=12548]
  0x0000029cc547f800 GCTaskThread "GC Thread#6" [stack: 0x000000bda1e00000,0x000000bda1f00000] [id=2948]
  0x0000029cc63d0800 GCTaskThread "GC Thread#7" [stack: 0x000000bda1f00000,0x000000bda2000000] [id=5336]
  0x0000029cc7ca6000 GCTaskThread "GC Thread#8" [stack: 0x000000bda2000000,0x000000bda2100000] [id=10964]
  0x0000029cc5eac000 GCTaskThread "GC Thread#9" [stack: 0x000000bda2100000,0x000000bda2200000] [id=13636]
  0x0000029ca6ea3800 ConcurrentGCThread "G1 Main Marker" [stack: 0x000000bd9fa00000,0x000000bd9fb00000] [id=12272]
  0x0000029ca6ea6000 ConcurrentGCThread "G1 Conc#0" [stack: 0x000000bd9fb00000,0x000000bd9fc00000] [id=908]
  0x0000029cc6319800 ConcurrentGCThread "G1 Conc#1" [stack: 0x000000bda2200000,0x000000bda2300000] [id=12320]
  0x0000029cc52b1800 ConcurrentGCThread "G1 Conc#2" [stack: 0x000000bda2300000,0x000000bda2400000] [id=8012]
  0x0000029cc33ea800 ConcurrentGCThread "G1 Refine#0" [stack: 0x000000bd9fc00000,0x000000bd9fd00000] [id=14024]
  0x0000029ccb5dd000 ConcurrentGCThread "G1 Refine#1" [stack: 0x000000bda9a00000,0x000000bda9b00000] [id=15868]
  0x0000029ccb3cc800 ConcurrentGCThread "G1 Refine#2" [stack: 0x000000bda9b00000,0x000000bda9c00000] [id=11656]
  0x0000029ccc1be000 ConcurrentGCThread "G1 Refine#3" [stack: 0x000000bda9c00000,0x000000bda9d00000] [id=13004]
  0x0000029cc33eb000 ConcurrentGCThread "G1 Young RemSet Sampling" [stack: 0x000000bd9fd00000,0x000000bd9fe00000] [id=14032]

Threads with active compile tasks:
C2 CompilerThread0   7529 9029       4       org.gradle.internal.snapshot.SnapshotUtil::getSnapshotFromChild (41 bytes)
C1 CompilerThread0   7529 9338   !   2       sun.nio.ch.FileChannelImpl::read (266 bytes)
C2 CompilerThread1   7529 9026       4       org.gradle.internal.snapshot.AbstractIncompleteSnapshotWithChildren::getSnapshot (15 bytes)
C2 CompilerThread2   7529 9025       4       org.gradle.internal.snapshot.SnapshotUtil::getMetadataFromChildren (317 bytes)

VM state:not at safepoint (normal execution)

VM Mutex/Monitor currently owned by a thread: None

Heap address: 0x0000000080000000, size: 2048 MB, Compressed Oops mode: 32-bit
Narrow klass base: 0x0000000000000000, Narrow klass shift: 3
Compressed class space size: 1073741824 Address: 0x0000000100000000

Heap:
 garbage-first heap   total 262144K, used 148841K [0x0000000080000000, 0x0000000100000000)
  region size 1024K, 107 young (109568K), 18 survivors (18432K)
 Metaspace       used 81806K, capacity 84117K, committed 84172K, reserved 1122304K
  class space    used 10695K, capacity 11509K, committed 11520K, reserved 1048576K
Heap Regions: E=young(eden), S=young(survivor), O=old, HS=humongous(starts), HC=humongous(continues), CS=collection set, F=free, A=archive, TAMS=top-at-mark-start (previous, next)
|   0|0x0000000080000000, 0x0000000080100000, 0x0000000080100000|100%| O|  |TAMS 0x0000000080100000, 0x0000000080000000| Untracked 
|   1|0x0000000080100000, 0x0000000080200000, 0x0000000080200000|100%| O|  |TAMS 0x0000000080200000, 0x0000000080100000| Untracked 
|   2|0x0000000080200000, 0x0000000080300000, 0x0000000080300000|100%| O|  |TAMS 0x0000000080300000, 0x0000000080200000| Untracked 
|   3|0x0000000080300000, 0x0000000080400000, 0x0000000080400000|100%|HS|  |TAMS 0x0000000080400000, 0x0000000080300000| Complete 
|   4|0x0000000080400000, 0x0000000080500000, 0x0000000080500000|100%|HC|  |TAMS 0x0000000080500000, 0x0000000080400000| Complete 
|   5|0x0000000080500000, 0x0000000080600000, 0x0000000080600000|100%|HC|  |TAMS 0x0000000080600000, 0x0000000080500000| Complete 
|   6|0x0000000080600000, 0x0000000080700000, 0x0000000080700000|100%| O|  |TAMS 0x0000000080700000, 0x0000000080600000| Untracked 
|   7|0x0000000080700000, 0x0000000080800000, 0x0000000080800000|100%| O|  |TAMS 0x0000000080800000, 0x0000000080700000| Untracked 
|   8|0x0000000080800000, 0x0000000080900000, 0x0000000080900000|100%| O|  |TAMS 0x0000000080900000, 0x0000000080800000| Untracked 
|   9|0x0000000080900000, 0x0000000080a00000, 0x0000000080a00000|100%| O|  |TAMS 0x0000000080a00000, 0x0000000080900000| Untracked 
|  10|0x0000000080a00000, 0x0000000080b00000, 0x0000000080b00000|100%| O|  |TAMS 0x0000000080b00000, 0x0000000080a00000| Untracked 
|  11|0x0000000080b00000, 0x0000000080c00000, 0x0000000080c00000|100%| O|  |TAMS 0x0000000080c00000, 0x0000000080b00000| Untracked 
|  12|0x0000000080c00000, 0x0000000080d00000, 0x0000000080d00000|100%| O|  |TAMS 0x0000000080d00000, 0x0000000080c00000| Untracked 
|  13|0x0000000080d00000, 0x0000000080e00000, 0x0000000080e00000|100%| O|  |TAMS 0x0000000080e00000, 0x0000000080d00000| Untracked 
|  14|0x0000000080e00000, 0x0000000080f00000, 0x0000000080f00000|100%| O|  |TAMS 0x0000000080f00000, 0x0000000080e00000| Untracked 
|  15|0x0000000080f00000, 0x0000000081000000, 0x0000000081000000|100%| O|  |TAMS 0x0000000081000000, 0x0000000080f00000| Untracked 
|  16|0x0000000081000000, 0x0000000081100000, 0x0000000081100000|100%|HS|  |TAMS 0x0000000081100000, 0x0000000081000000| Complete 
|  17|0x0000000081100000, 0x0000000081200000, 0x0000000081200000|100%|HS|  |TAMS 0x0000000081200000, 0x0000000081100000| Complete 
|  18|0x0000000081200000, 0x0000000081300000, 0x0000000081300000|100%|HC|  |TAMS 0x0000000081300000, 0x0000000081200000| Complete 
|  19|0x0000000081300000, 0x0000000081400000, 0x0000000081400000|100%| O|  |TAMS 0x0000000081300000, 0x0000000081300000| Untracked 
|  20|0x0000000081400000, 0x0000000081500000, 0x0000000081500000|100%| O|  |TAMS 0x0000000081500000, 0x0000000081400000| Untracked 
|  21|0x0000000081500000, 0x0000000081600000, 0x0000000081600000|100%| O|  |TAMS 0x0000000081600000, 0x0000000081500000| Untracked 
|  22|0x0000000081600000, 0x0000000081700000, 0x0000000081700000|100%| O|  |TAMS 0x00000000816bb000, 0x0000000081600000| Untracked 
|  23|0x0000000081700000, 0x0000000081800000, 0x0000000081800000|100%| O|  |TAMS 0x0000000081700000, 0x0000000081700000| Untracked 
|  24|0x0000000081800000, 0x0000000081900000, 0x0000000081900000|100%| O|  |TAMS 0x0000000081800000, 0x0000000081800000| Untracked 
|  25|0x0000000081900000, 0x0000000081a00000, 0x0000000081a00000|100%| O|  |TAMS 0x0000000081900000, 0x0000000081900000| Untracked 
|  26|0x0000000081a00000, 0x0000000081b00000, 0x0000000081b00000|100%| O|  |TAMS 0x0000000081a00000, 0x0000000081a00000| Untracked 
|  27|0x0000000081b00000, 0x0000000081c00000, 0x0000000081c00000|100%| O|  |TAMS 0x0000000081b00000, 0x0000000081b00000| Untracked 
|  28|0x0000000081c00000, 0x0000000081d00000, 0x0000000081d00000|100%| O|  |TAMS 0x0000000081c00000, 0x0000000081c00000| Untracked 
|  29|0x0000000081d00000, 0x0000000081e00000, 0x0000000081e00000|100%| O|  |TAMS 0x0000000081d00000, 0x0000000081d00000| Untracked 
|  30|0x0000000081e00000, 0x0000000081f00000, 0x0000000081f00000|100%| O|  |TAMS 0x0000000081e00000, 0x0000000081e00000| Untracked 
|  31|0x0000000081f00000, 0x0000000082000000, 0x0000000082000000|100%| O|  |TAMS 0x0000000081f00000, 0x0000000081f00000| Untracked 
|  32|0x0000000082000000, 0x0000000082100000, 0x0000000082100000|100%| O|  |TAMS 0x0000000082000000, 0x0000000082000000| Untracked 
|  33|0x0000000082100000, 0x0000000082200000, 0x0000000082200000|100%| O|  |TAMS 0x0000000082100000, 0x0000000082100000| Untracked 
|  34|0x0000000082200000, 0x0000000082300000, 0x0000000082300000|100%| O|  |TAMS 0x0000000082200000, 0x0000000082200000| Untracked 
|  35|0x0000000082300000, 0x0000000082400000, 0x0000000082400000|100%| O|  |TAMS 0x0000000082300000, 0x0000000082300000| Untracked 
|  36|0x0000000082400000, 0x0000000082500000, 0x0000000082500000|100%| O|  |TAMS 0x0000000082400000, 0x0000000082400000| Untracked 
|  37|0x0000000082500000, 0x0000000082600000, 0x0000000082600000|100%| O|  |TAMS 0x0000000082500000, 0x0000000082500000| Untracked 
|  38|0x0000000082600000, 0x0000000082700000, 0x0000000082700000|100%| O|  |TAMS 0x0000000082600000, 0x0000000082600000| Untracked 
|  39|0x0000000082700000, 0x0000000082800000, 0x0000000082800000|100%| O|  |TAMS 0x0000000082700000, 0x0000000082700000| Untracked 
|  40|0x0000000082800000, 0x000000008285ac00, 0x0000000082900000| 35%| O|  |TAMS 0x0000000082800000, 0x0000000082800000| Untracked 
|  41|0x0000000082900000, 0x0000000082900000, 0x0000000082a00000|  0%| F|  |TAMS 0x0000000082900000, 0x0000000082900000| Untracked 
|  42|0x0000000082a00000, 0x0000000082a00000, 0x0000000082b00000|  0%| F|  |TAMS 0x0000000082a00000, 0x0000000082a00000| Untracked 
|  43|0x0000000082b00000, 0x0000000082b00000, 0x0000000082c00000|  0%| F|  |TAMS 0x0000000082b00000, 0x0000000082b00000| Untracked 
|  44|0x0000000082c00000, 0x0000000082c00000, 0x0000000082d00000|  0%| F|  |TAMS 0x0000000082c00000, 0x0000000082c00000| Untracked 
|  45|0x0000000082d00000, 0x0000000082d00000, 0x0000000082e00000|  0%| F|  |TAMS 0x0000000082d00000, 0x0000000082d00000| Untracked 
|  46|0x0000000082e00000, 0x0000000082e00000, 0x0000000082f00000|  0%| F|  |TAMS 0x0000000082e00000, 0x0000000082e00000| Untracked 
|  47|0x0000000082f00000, 0x0000000082f00000, 0x0000000083000000|  0%| F|  |TAMS 0x0000000082f00000, 0x0000000082f00000| Untracked 
|  48|0x0000000083000000, 0x0000000083000000, 0x0000000083100000|  0%| F|  |TAMS 0x0000000083000000, 0x0000000083000000| Untracked 
|  49|0x0000000083100000, 0x0000000083100000, 0x0000000083200000|  0%| F|  |TAMS 0x0000000083100000, 0x0000000083100000| Untracked 
|  50|0x0000000083200000, 0x0000000083200000, 0x0000000083300000|  0%| F|  |TAMS 0x0000000083200000, 0x0000000083200000| Untracked 
|  51|0x0000000083300000, 0x0000000083300000, 0x0000000083400000|  0%| F|  |TAMS 0x0000000083300000, 0x0000000083300000| Untracked 
|  52|0x0000000083400000, 0x0000000083400000, 0x0000000083500000|  0%| F|  |TAMS 0x0000000083400000, 0x0000000083400000| Untracked 
|  53|0x0000000083500000, 0x0000000083500000, 0x0000000083600000|  0%| F|  |TAMS 0x0000000083500000, 0x0000000083500000| Untracked 
|  54|0x0000000083600000, 0x0000000083600000, 0x0000000083700000|  0%| F|  |TAMS 0x0000000083600000, 0x0000000083600000| Untracked 
|  55|0x0000000083700000, 0x0000000083700000, 0x0000000083800000|  0%| F|  |TAMS 0x0000000083700000, 0x0000000083700000| Untracked 
|  56|0x0000000083800000, 0x0000000083800000, 0x0000000083900000|  0%| F|  |TAMS 0x0000000083800000, 0x0000000083800000| Untracked 
|  57|0x0000000083900000, 0x0000000083900000, 0x0000000083a00000|  0%| F|  |TAMS 0x0000000083900000, 0x0000000083900000| Untracked 
|  58|0x0000000083a00000, 0x0000000083a00000, 0x0000000083b00000|  0%| F|  |TAMS 0x0000000083a00000, 0x0000000083a00000| Untracked 
|  59|0x0000000083b00000, 0x0000000083b00000, 0x0000000083c00000|  0%| F|  |TAMS 0x0000000083b00000, 0x0000000083b00000| Untracked 
|  60|0x0000000083c00000, 0x0000000083c00000, 0x0000000083d00000|  0%| F|  |TAMS 0x0000000083c00000, 0x0000000083c00000| Untracked 
|  61|0x0000000083d00000, 0x0000000083d00000, 0x0000000083e00000|  0%| F|  |TAMS 0x0000000083d00000, 0x0000000083d00000| Untracked 
|  62|0x0000000083e00000, 0x0000000083e00000, 0x0000000083f00000|  0%| F|  |TAMS 0x0000000083e00000, 0x0000000083e00000| Untracked 
|  63|0x0000000083f00000, 0x0000000083f00000, 0x0000000084000000|  0%| F|  |TAMS 0x0000000083f00000, 0x0000000083f00000| Untracked 
|  64|0x0000000084000000, 0x0000000084000000, 0x0000000084100000|  0%| F|  |TAMS 0x0000000084000000, 0x0000000084000000| Untracked 
|  65|0x0000000084100000, 0x0000000084100000, 0x0000000084200000|  0%| F|  |TAMS 0x0000000084100000, 0x0000000084100000| Untracked 
|  66|0x0000000084200000, 0x0000000084200000, 0x0000000084300000|  0%| F|  |TAMS 0x0000000084200000, 0x0000000084200000| Untracked 
|  67|0x0000000084300000, 0x0000000084300000, 0x0000000084400000|  0%| F|  |TAMS 0x0000000084300000, 0x0000000084300000| Untracked 
|  68|0x0000000084400000, 0x0000000084400000, 0x0000000084500000|  0%| F|  |TAMS 0x0000000084400000, 0x0000000084400000| Untracked 
|  69|0x0000000084500000, 0x0000000084500000, 0x0000000084600000|  0%| F|  |TAMS 0x0000000084500000, 0x0000000084500000| Untracked 
|  70|0x0000000084600000, 0x0000000084600000, 0x0000000084700000|  0%| F|  |TAMS 0x0000000084600000, 0x0000000084600000| Untracked 
|  71|0x0000000084700000, 0x0000000084700000, 0x0000000084800000|  0%| F|  |TAMS 0x0000000084700000, 0x0000000084700000| Untracked 
|  72|0x0000000084800000, 0x0000000084800000, 0x0000000084900000|  0%| F|  |TAMS 0x0000000084800000, 0x0000000084800000| Untracked 
|  73|0x0000000084900000, 0x0000000084900000, 0x0000000084a00000|  0%| F|  |TAMS 0x0000000084900000, 0x0000000084900000| Untracked 
|  74|0x0000000084a00000, 0x0000000084a00000, 0x0000000084b00000|  0%| F|  |TAMS 0x0000000084a00000, 0x0000000084a00000| Untracked 
|  75|0x0000000084b00000, 0x0000000084b00000, 0x0000000084c00000|  0%| F|  |TAMS 0x0000000084b00000, 0x0000000084b00000| Untracked 
|  76|0x0000000084c00000, 0x0000000084c00000, 0x0000000084d00000|  0%| F|  |TAMS 0x0000000084c00000, 0x0000000084c00000| Untracked 
|  77|0x0000000084d00000, 0x0000000084d00000, 0x0000000084e00000|  0%| F|  |TAMS 0x0000000084d00000, 0x0000000084d00000| Untracked 
|  78|0x0000000084e00000, 0x0000000084e00000, 0x0000000084f00000|  0%| F|  |TAMS 0x0000000084e00000, 0x0000000084e00000| Untracked 
|  79|0x0000000084f00000, 0x0000000084f00000, 0x0000000085000000|  0%| F|  |TAMS 0x0000000084f00000, 0x0000000084f00000| Untracked 
|  80|0x0000000085000000, 0x0000000085000000, 0x0000000085100000|  0%| F|  |TAMS 0x0000000085000000, 0x0000000085000000| Untracked 
|  81|0x0000000085100000, 0x0000000085100000, 0x0000000085200000|  0%| F|  |TAMS 0x0000000085100000, 0x0000000085100000| Untracked 
|  82|0x0000000085200000, 0x0000000085200000, 0x0000000085300000|  0%| F|  |TAMS 0x0000000085200000, 0x0000000085200000| Untracked 
|  83|0x0000000085300000, 0x0000000085300000, 0x0000000085400000|  0%| F|  |TAMS 0x0000000085300000, 0x0000000085300000| Untracked 
|  84|0x0000000085400000, 0x0000000085400000, 0x0000000085500000|  0%| F|  |TAMS 0x0000000085400000, 0x0000000085400000| Untracked 
|  85|0x0000000085500000, 0x0000000085500000, 0x0000000085600000|  0%| F|  |TAMS 0x0000000085500000, 0x0000000085500000| Untracked 
|  86|0x0000000085600000, 0x0000000085600000, 0x0000000085700000|  0%| F|  |TAMS 0x0000000085600000, 0x0000000085600000| Untracked 
|  87|0x0000000085700000, 0x0000000085700000, 0x0000000085800000|  0%| F|  |TAMS 0x0000000085700000, 0x0000000085700000| Untracked 
|  88|0x0000000085800000, 0x0000000085800000, 0x0000000085900000|  0%| F|  |TAMS 0x0000000085800000, 0x0000000085800000| Untracked 
|  89|0x0000000085900000, 0x0000000085900000, 0x0000000085a00000|  0%| F|  |TAMS 0x0000000085900000, 0x0000000085900000| Untracked 
|  90|0x0000000085a00000, 0x0000000085a00000, 0x0000000085b00000|  0%| F|  |TAMS 0x0000000085a00000, 0x0000000085a00000| Untracked 
|  91|0x0000000085b00000, 0x0000000085b00000, 0x0000000085c00000|  0%| F|  |TAMS 0x0000000085b00000, 0x0000000085b00000| Untracked 
|  92|0x0000000085c00000, 0x0000000085c00000, 0x0000000085d00000|  0%| F|  |TAMS 0x0000000085c00000, 0x0000000085c00000| Untracked 
|  93|0x0000000085d00000, 0x0000000085d00000, 0x0000000085e00000|  0%| F|  |TAMS 0x0000000085d00000, 0x0000000085d00000| Untracked 
|  94|0x0000000085e00000, 0x0000000085e00000, 0x0000000085f00000|  0%| F|  |TAMS 0x0000000085e00000, 0x0000000085e00000| Untracked 
|  95|0x0000000085f00000, 0x0000000085fffaa0, 0x0000000086000000| 99%| S|CS|TAMS 0x0000000085f00000, 0x0000000085f00000| Complete 
|  96|0x0000000086000000, 0x0000000086100000, 0x0000000086100000|100%| S|CS|TAMS 0x0000000086000000, 0x0000000086000000| Complete 
|  97|0x0000000086100000, 0x0000000086200000, 0x0000000086200000|100%| S|CS|TAMS 0x0000000086100000, 0x0000000086100000| Complete 
|  98|0x0000000086200000, 0x0000000086300000, 0x0000000086300000|100%| S|CS|TAMS 0x0000000086200000, 0x0000000086200000| Complete 
|  99|0x0000000086300000, 0x0000000086400000, 0x0000000086400000|100%| S|CS|TAMS 0x0000000086300000, 0x0000000086300000| Complete 
| 100|0x0000000086400000, 0x0000000086500000, 0x0000000086500000|100%| S|CS|TAMS 0x0000000086400000, 0x0000000086400000| Complete 
| 101|0x0000000086500000, 0x0000000086600000, 0x0000000086600000|100%| S|CS|TAMS 0x0000000086500000, 0x0000000086500000| Complete 
| 102|0x0000000086600000, 0x0000000086700000, 0x0000000086700000|100%| S|CS|TAMS 0x0000000086600000, 0x0000000086600000| Complete 
| 103|0x0000000086700000, 0x0000000086800000, 0x0000000086800000|100%| S|CS|TAMS 0x0000000086700000, 0x0000000086700000| Complete 
| 104|0x0000000086800000, 0x0000000086900000, 0x0000000086900000|100%| S|CS|TAMS 0x0000000086800000, 0x0000000086800000| Complete 
| 105|0x0000000086900000, 0x0000000086a00000, 0x0000000086a00000|100%| S|CS|TAMS 0x0000000086900000, 0x0000000086900000| Complete 
| 106|0x0000000086a00000, 0x0000000086b00000, 0x0000000086b00000|100%| S|CS|TAMS 0x0000000086a00000, 0x0000000086a00000| Complete 
| 107|0x0000000086b00000, 0x0000000086c00000, 0x0000000086c00000|100%| S|CS|TAMS 0x0000000086b00000, 0x0000000086b00000| Complete 
| 108|0x0000000086c00000, 0x0000000086d00000, 0x0000000086d00000|100%| S|CS|TAMS 0x0000000086c00000, 0x0000000086c00000| Complete 
| 109|0x0000000086d00000, 0x0000000086e00000, 0x0000000086e00000|100%| S|CS|TAMS 0x0000000086d00000, 0x0000000086d00000| Complete 
| 110|0x0000000086e00000, 0x0000000086f00000, 0x0000000086f00000|100%| S|CS|TAMS 0x0000000086e00000, 0x0000000086e00000| Complete 
| 111|0x0000000086f00000, 0x0000000087000000, 0x0000000087000000|100%| S|CS|TAMS 0x0000000086f00000, 0x0000000086f00000| Complete 
| 112|0x0000000087000000, 0x0000000087100000, 0x0000000087100000|100%| S|CS|TAMS 0x0000000087000000, 0x0000000087000000| Complete 
| 113|0x0000000087100000, 0x0000000087100000, 0x0000000087200000|  0%| F|  |TAMS 0x0000000087100000, 0x0000000087100000| Untracked 
| 114|0x0000000087200000, 0x0000000087200000, 0x0000000087300000|  0%| F|  |TAMS 0x0000000087200000, 0x0000000087200000| Untracked 
| 115|0x0000000087300000, 0x0000000087300000, 0x0000000087400000|  0%| F|  |TAMS 0x0000000087300000, 0x0000000087300000| Untracked 
| 116|0x0000000087400000, 0x0000000087400000, 0x0000000087500000|  0%| F|  |TAMS 0x0000000087400000, 0x0000000087400000| Untracked 
| 117|0x0000000087500000, 0x0000000087500000, 0x0000000087600000|  0%| F|  |TAMS 0x0000000087500000, 0x0000000087500000| Untracked 
| 118|0x0000000087600000, 0x0000000087600000, 0x0000000087700000|  0%| F|  |TAMS 0x0000000087600000, 0x0000000087600000| Untracked 
| 119|0x0000000087700000, 0x0000000087700000, 0x0000000087800000|  0%| F|  |TAMS 0x0000000087700000, 0x0000000087700000| Untracked 
| 120|0x0000000087800000, 0x0000000087800000, 0x0000000087900000|  0%| F|  |TAMS 0x0000000087800000, 0x0000000087800000| Untracked 
| 121|0x0000000087900000, 0x0000000087900000, 0x0000000087a00000|  0%| F|  |TAMS 0x0000000087900000, 0x0000000087900000| Untracked 
| 122|0x0000000087a00000, 0x0000000087a00000, 0x0000000087b00000|  0%| F|  |TAMS 0x0000000087a00000, 0x0000000087a00000| Untracked 
| 123|0x0000000087b00000, 0x0000000087b00000, 0x0000000087c00000|  0%| F|  |TAMS 0x0000000087b00000, 0x0000000087b00000| Untracked 
| 124|0x0000000087c00000, 0x0000000087c00000, 0x0000000087d00000|  0%| F|  |TAMS 0x0000000087c00000, 0x0000000087c00000| Untracked 
| 125|0x0000000087d00000, 0x0000000087d00000, 0x0000000087e00000|  0%| F|  |TAMS 0x0000000087d00000, 0x0000000087d00000| Untracked 
| 126|0x0000000087e00000, 0x0000000087e00000, 0x0000000087f00000|  0%| F|  |TAMS 0x0000000087e00000, 0x0000000087e00000| Untracked 
| 127|0x0000000087f00000, 0x0000000087f00000, 0x0000000088000000|  0%| F|  |TAMS 0x0000000087f00000, 0x0000000087f00000| Untracked 
| 128|0x0000000088000000, 0x0000000088000000, 0x0000000088100000|  0%| F|  |TAMS 0x0000000088000000, 0x0000000088000000| Untracked 
| 129|0x0000000088100000, 0x0000000088100000, 0x0000000088200000|  0%| F|  |TAMS 0x0000000088100000, 0x0000000088100000| Untracked 
| 130|0x0000000088200000, 0x0000000088200000, 0x0000000088300000|  0%| F|  |TAMS 0x0000000088200000, 0x0000000088200000| Untracked 
| 131|0x0000000088300000, 0x0000000088300000, 0x0000000088400000|  0%| F|  |TAMS 0x0000000088300000, 0x0000000088300000| Untracked 
| 132|0x0000000088400000, 0x0000000088400000, 0x0000000088500000|  0%| F|  |TAMS 0x0000000088400000, 0x0000000088400000| Untracked 
| 133|0x0000000088500000, 0x0000000088500000, 0x0000000088600000|  0%| F|  |TAMS 0x0000000088500000, 0x0000000088500000| Untracked 
| 134|0x0000000088600000, 0x0000000088600000, 0x0000000088700000|  0%| F|  |TAMS 0x0000000088600000, 0x0000000088600000| Untracked 
| 135|0x0000000088700000, 0x0000000088700000, 0x0000000088800000|  0%| F|  |TAMS 0x0000000088700000, 0x0000000088700000| Untracked 
| 136|0x0000000088800000, 0x0000000088800000, 0x0000000088900000|  0%| F|  |TAMS 0x0000000088800000, 0x0000000088800000| Untracked 
| 137|0x0000000088900000, 0x0000000088900000, 0x0000000088a00000|  0%| F|  |TAMS 0x0000000088900000, 0x0000000088900000| Untracked 
| 138|0x0000000088a00000, 0x0000000088a00000, 0x0000000088b00000|  0%| F|  |TAMS 0x0000000088a00000, 0x0000000088a00000| Untracked 
| 139|0x0000000088b00000, 0x0000000088b00000, 0x0000000088c00000|  0%| F|  |TAMS 0x0000000088b00000, 0x0000000088b00000| Untracked 
| 140|0x0000000088c00000, 0x0000000088c00000, 0x0000000088d00000|  0%| F|  |TAMS 0x0000000088c00000, 0x0000000088c00000| Untracked 
| 141|0x0000000088d00000, 0x0000000088d00000, 0x0000000088e00000|  0%| F|  |TAMS 0x0000000088d00000, 0x0000000088d00000| Untracked 
| 142|0x0000000088e00000, 0x0000000088e00000, 0x0000000088f00000|  0%| F|  |TAMS 0x0000000088e00000, 0x0000000088e00000| Untracked 
| 143|0x0000000088f00000, 0x0000000088f00000, 0x0000000089000000|  0%| F|  |TAMS 0x0000000088f00000, 0x0000000088f00000| Untracked 
| 144|0x0000000089000000, 0x0000000089000000, 0x0000000089100000|  0%| F|  |TAMS 0x0000000089000000, 0x0000000089000000| Untracked 
| 145|0x0000000089100000, 0x0000000089100000, 0x0000000089200000|  0%| F|  |TAMS 0x0000000089100000, 0x0000000089100000| Untracked 
| 146|0x0000000089200000, 0x0000000089200000, 0x0000000089300000|  0%| F|  |TAMS 0x0000000089200000, 0x0000000089200000| Untracked 
| 147|0x0000000089300000, 0x0000000089300000, 0x0000000089400000|  0%| F|  |TAMS 0x0000000089300000, 0x0000000089300000| Untracked 
| 148|0x0000000089400000, 0x0000000089400000, 0x0000000089500000|  0%| F|  |TAMS 0x0000000089400000, 0x0000000089400000| Untracked 
| 149|0x0000000089500000, 0x0000000089500000, 0x0000000089600000|  0%| F|  |TAMS 0x0000000089500000, 0x0000000089500000| Untracked 
| 150|0x0000000089600000, 0x0000000089600000, 0x0000000089700000|  0%| F|  |TAMS 0x0000000089600000, 0x0000000089600000| Untracked 
| 151|0x0000000089700000, 0x0000000089700000, 0x0000000089800000|  0%| F|  |TAMS 0x0000000089700000, 0x0000000089700000| Untracked 
| 152|0x0000000089800000, 0x0000000089800000, 0x0000000089900000|  0%| F|  |TAMS 0x0000000089800000, 0x0000000089800000| Untracked 
| 153|0x0000000089900000, 0x0000000089900000, 0x0000000089a00000|  0%| F|  |TAMS 0x0000000089900000, 0x0000000089900000| Untracked 
| 154|0x0000000089a00000, 0x0000000089a00000, 0x0000000089b00000|  0%| F|  |TAMS 0x0000000089a00000, 0x0000000089a00000| Untracked 
| 155|0x0000000089b00000, 0x0000000089b00000, 0x0000000089c00000|  0%| F|  |TAMS 0x0000000089b00000, 0x0000000089b00000| Untracked 
| 156|0x0000000089c00000, 0x0000000089c00000, 0x0000000089d00000|  0%| F|  |TAMS 0x0000000089c00000, 0x0000000089c00000| Untracked 
| 157|0x0000000089d00000, 0x0000000089d00000, 0x0000000089e00000|  0%| F|  |TAMS 0x0000000089d00000, 0x0000000089d00000| Untracked 
| 158|0x0000000089e00000, 0x0000000089e00000, 0x0000000089f00000|  0%| F|  |TAMS 0x0000000089e00000, 0x0000000089e00000| Untracked 
| 159|0x0000000089f00000, 0x0000000089f00000, 0x000000008a000000|  0%| F|  |TAMS 0x0000000089f00000, 0x0000000089f00000| Untracked 
| 160|0x000000008a000000, 0x000000008a000000, 0x000000008a100000|  0%| F|  |TAMS 0x000000008a000000, 0x000000008a000000| Untracked 
| 161|0x000000008a100000, 0x000000008a100000, 0x000000008a200000|  0%| F|  |TAMS 0x000000008a100000, 0x000000008a100000| Untracked 
| 162|0x000000008a200000, 0x000000008a200000, 0x000000008a300000|  0%| F|  |TAMS 0x000000008a200000, 0x000000008a200000| Untracked 
| 163|0x000000008a300000, 0x000000008a300000, 0x000000008a400000|  0%| F|  |TAMS 0x000000008a300000, 0x000000008a300000| Untracked 
| 164|0x000000008a400000, 0x000000008a400000, 0x000000008a500000|  0%| F|  |TAMS 0x000000008a400000, 0x000000008a400000| Untracked 
| 165|0x000000008a500000, 0x000000008a500000, 0x000000008a600000|  0%| F|  |TAMS 0x000000008a500000, 0x000000008a500000| Untracked 
| 166|0x000000008a600000, 0x000000008a600000, 0x000000008a700000|  0%| F|  |TAMS 0x000000008a600000, 0x000000008a600000| Untracked 
| 167|0x000000008a700000, 0x000000008a7c9110, 0x000000008a800000| 78%| E|  |TAMS 0x000000008a700000, 0x000000008a700000| Complete 
| 168|0x000000008a800000, 0x000000008a900000, 0x000000008a900000|100%| E|CS|TAMS 0x000000008a800000, 0x000000008a800000| Complete 
| 169|0x000000008a900000, 0x000000008aa00000, 0x000000008aa00000|100%| E|CS|TAMS 0x000000008a900000, 0x000000008a900000| Complete 
| 170|0x000000008aa00000, 0x000000008ab00000, 0x000000008ab00000|100%| E|CS|TAMS 0x000000008aa00000, 0x000000008aa00000| Complete 
| 171|0x000000008ab00000, 0x000000008ac00000, 0x000000008ac00000|100%| E|CS|TAMS 0x000000008ab00000, 0x000000008ab00000| Complete 
| 172|0x000000008ac00000, 0x000000008ad00000, 0x000000008ad00000|100%| E|CS|TAMS 0x000000008ac00000, 0x000000008ac00000| Complete 
| 173|0x000000008ad00000, 0x000000008ae00000, 0x000000008ae00000|100%| E|CS|TAMS 0x000000008ad00000, 0x000000008ad00000| Complete 
| 174|0x000000008ae00000, 0x000000008af00000, 0x000000008af00000|100%| E|CS|TAMS 0x000000008ae00000, 0x000000008ae00000| Complete 
| 175|0x000000008af00000, 0x000000008b000000, 0x000000008b000000|100%| E|CS|TAMS 0x000000008af00000, 0x000000008af00000| Complete 
| 176|0x000000008b000000, 0x000000008b100000, 0x000000008b100000|100%| E|CS|TAMS 0x000000008b000000, 0x000000008b000000| Complete 
| 177|0x000000008b100000, 0x000000008b200000, 0x000000008b200000|100%| E|CS|TAMS 0x000000008b100000, 0x000000008b100000| Complete 
| 178|0x000000008b200000, 0x000000008b300000, 0x000000008b300000|100%| E|CS|TAMS 0x000000008b200000, 0x000000008b200000| Complete 
| 179|0x000000008b300000, 0x000000008b400000, 0x000000008b400000|100%| E|CS|TAMS 0x000000008b300000, 0x000000008b300000| Complete 
| 180|0x000000008b400000, 0x000000008b500000, 0x000000008b500000|100%| E|CS|TAMS 0x000000008b400000, 0x000000008b400000| Complete 
| 181|0x000000008b500000, 0x000000008b600000, 0x000000008b600000|100%| E|CS|TAMS 0x000000008b500000, 0x000000008b500000| Complete 
| 182|0x000000008b600000, 0x000000008b700000, 0x000000008b700000|100%| E|CS|TAMS 0x000000008b600000, 0x000000008b600000| Complete 
| 183|0x000000008b700000, 0x000000008b800000, 0x000000008b800000|100%| E|CS|TAMS 0x000000008b700000, 0x000000008b700000| Complete 
| 184|0x000000008b800000, 0x000000008b900000, 0x000000008b900000|100%| E|  |TAMS 0x000000008b800000, 0x000000008b800000| Complete 
| 185|0x000000008b900000, 0x000000008ba00000, 0x000000008ba00000|100%| E|CS|TAMS 0x000000008b900000, 0x000000008b900000| Complete 
| 186|0x000000008ba00000, 0x000000008bb00000, 0x000000008bb00000|100%| E|CS|TAMS 0x000000008ba00000, 0x000000008ba00000| Complete 
| 187|0x000000008bb00000, 0x000000008bc00000, 0x000000008bc00000|100%| E|CS|TAMS 0x000000008bb00000, 0x000000008bb00000| Complete 
| 188|0x000000008bc00000, 0x000000008bd00000, 0x000000008bd00000|100%| E|CS|TAMS 0x000000008bc00000, 0x000000008bc00000| Complete 
| 189|0x000000008bd00000, 0x000000008be00000, 0x000000008be00000|100%| E|CS|TAMS 0x000000008bd00000, 0x000000008bd00000| Complete 
| 190|0x000000008be00000, 0x000000008bf00000, 0x000000008bf00000|100%| E|CS|TAMS 0x000000008be00000, 0x000000008be00000| Complete 
| 191|0x000000008bf00000, 0x000000008c000000, 0x000000008c000000|100%| E|CS|TAMS 0x000000008bf00000, 0x000000008bf00000| Complete 
| 192|0x000000008c000000, 0x000000008c100000, 0x000000008c100000|100%| E|CS|TAMS 0x000000008c000000, 0x000000008c000000| Complete 
| 193|0x000000008c100000, 0x000000008c200000, 0x000000008c200000|100%| E|CS|TAMS 0x000000008c100000, 0x000000008c100000| Complete 
| 194|0x000000008c200000, 0x000000008c300000, 0x000000008c300000|100%| E|CS|TAMS 0x000000008c200000, 0x000000008c200000| Complete 
| 195|0x000000008c300000, 0x000000008c400000, 0x000000008c400000|100%| E|CS|TAMS 0x000000008c300000, 0x000000008c300000| Complete 
| 196|0x000000008c400000, 0x000000008c500000, 0x000000008c500000|100%| E|CS|TAMS 0x000000008c400000, 0x000000008c400000| Complete 
| 197|0x000000008c500000, 0x000000008c600000, 0x000000008c600000|100%| E|CS|TAMS 0x000000008c500000, 0x000000008c500000| Complete 
| 198|0x000000008c600000, 0x000000008c700000, 0x000000008c700000|100%| E|CS|TAMS 0x000000008c600000, 0x000000008c600000| Complete 
| 199|0x000000008c700000, 0x000000008c800000, 0x000000008c800000|100%| E|CS|TAMS 0x000000008c700000, 0x000000008c700000| Complete 
| 200|0x000000008c800000, 0x000000008c900000, 0x000000008c900000|100%| E|CS|TAMS 0x000000008c800000, 0x000000008c800000| Complete 
| 201|0x000000008c900000, 0x000000008ca00000, 0x000000008ca00000|100%| E|CS|TAMS 0x000000008c900000, 0x000000008c900000| Complete 
| 202|0x000000008ca00000, 0x000000008cb00000, 0x000000008cb00000|100%| E|CS|TAMS 0x000000008ca00000, 0x000000008ca00000| Complete 
| 203|0x000000008cb00000, 0x000000008cc00000, 0x000000008cc00000|100%| E|CS|TAMS 0x000000008cb00000, 0x000000008cb00000| Complete 
| 204|0x000000008cc00000, 0x000000008cd00000, 0x000000008cd00000|100%| E|CS|TAMS 0x000000008cc00000, 0x000000008cc00000| Complete 
| 205|0x000000008cd00000, 0x000000008ce00000, 0x000000008ce00000|100%| E|CS|TAMS 0x000000008cd00000, 0x000000008cd00000| Complete 
| 206|0x000000008ce00000, 0x000000008cf00000, 0x000000008cf00000|100%| E|CS|TAMS 0x000000008ce00000, 0x000000008ce00000| Complete 
| 207|0x000000008cf00000, 0x000000008d000000, 0x000000008d000000|100%| E|CS|TAMS 0x000000008cf00000, 0x000000008cf00000| Complete 
| 208|0x000000008d000000, 0x000000008d100000, 0x000000008d100000|100%| E|CS|TAMS 0x000000008d000000, 0x000000008d000000| Complete 
| 209|0x000000008d100000, 0x000000008d200000, 0x000000008d200000|100%| E|CS|TAMS 0x000000008d100000, 0x000000008d100000| Complete 
| 210|0x000000008d200000, 0x000000008d300000, 0x000000008d300000|100%| E|CS|TAMS 0x000000008d200000, 0x000000008d200000| Complete 
| 211|0x000000008d300000, 0x000000008d400000, 0x000000008d400000|100%| E|CS|TAMS 0x000000008d300000, 0x000000008d300000| Complete 
| 212|0x000000008d400000, 0x000000008d500000, 0x000000008d500000|100%| E|CS|TAMS 0x000000008d400000, 0x000000008d400000| Complete 
| 213|0x000000008d500000, 0x000000008d600000, 0x000000008d600000|100%| E|CS|TAMS 0x000000008d500000, 0x000000008d500000| Complete 
| 214|0x000000008d600000, 0x000000008d700000, 0x000000008d700000|100%| E|CS|TAMS 0x000000008d600000, 0x000000008d600000| Complete 
| 215|0x000000008d700000, 0x000000008d800000, 0x000000008d800000|100%| E|CS|TAMS 0x000000008d700000, 0x000000008d700000| Complete 
| 216|0x000000008d800000, 0x000000008d900000, 0x000000008d900000|100%| E|CS|TAMS 0x000000008d800000, 0x000000008d800000| Complete 
| 217|0x000000008d900000, 0x000000008da00000, 0x000000008da00000|100%| E|CS|TAMS 0x000000008d900000, 0x000000008d900000| Complete 
| 218|0x000000008da00000, 0x000000008db00000, 0x000000008db00000|100%| E|CS|TAMS 0x000000008da00000, 0x000000008da00000| Complete 
| 219|0x000000008db00000, 0x000000008dc00000, 0x000000008dc00000|100%| E|CS|TAMS 0x000000008db00000, 0x000000008db00000| Complete 
| 220|0x000000008dc00000, 0x000000008dd00000, 0x000000008dd00000|100%| E|CS|TAMS 0x000000008dc00000, 0x000000008dc00000| Complete 
| 221|0x000000008dd00000, 0x000000008de00000, 0x000000008de00000|100%| E|CS|TAMS 0x000000008dd00000, 0x000000008dd00000| Complete 
| 222|0x000000008de00000, 0x000000008df00000, 0x000000008df00000|100%| E|CS|TAMS 0x000000008de00000, 0x000000008de00000| Complete 
| 223|0x000000008df00000, 0x000000008e000000, 0x000000008e000000|100%| E|CS|TAMS 0x000000008df00000, 0x000000008df00000| Complete 
| 224|0x000000008e000000, 0x000000008e100000, 0x000000008e100000|100%| E|CS|TAMS 0x000000008e000000, 0x000000008e000000| Complete 
| 225|0x000000008e100000, 0x000000008e200000, 0x000000008e200000|100%| E|CS|TAMS 0x000000008e100000, 0x000000008e100000| Complete 
| 226|0x000000008e200000, 0x000000008e300000, 0x000000008e300000|100%| E|CS|TAMS 0x000000008e200000, 0x000000008e200000| Complete 
| 227|0x000000008e300000, 0x000000008e400000, 0x000000008e400000|100%| E|CS|TAMS 0x000000008e300000, 0x000000008e300000| Complete 
| 228|0x000000008e400000, 0x000000008e500000, 0x000000008e500000|100%| E|CS|TAMS 0x000000008e400000, 0x000000008e400000| Complete 
| 229|0x000000008e500000, 0x000000008e600000, 0x000000008e600000|100%| E|CS|TAMS 0x000000008e500000, 0x000000008e500000| Complete 
| 230|0x000000008e600000, 0x000000008e700000, 0x000000008e700000|100%| E|CS|TAMS 0x000000008e600000, 0x000000008e600000| Complete 
| 231|0x000000008e700000, 0x000000008e800000, 0x000000008e800000|100%| E|CS|TAMS 0x000000008e700000, 0x000000008e700000| Complete 
| 232|0x000000008e800000, 0x000000008e900000, 0x000000008e900000|100%| E|CS|TAMS 0x000000008e800000, 0x000000008e800000| Complete 
| 233|0x000000008e900000, 0x000000008ea00000, 0x000000008ea00000|100%| E|CS|TAMS 0x000000008e900000, 0x000000008e900000| Complete 
| 234|0x000000008ea00000, 0x000000008eb00000, 0x000000008eb00000|100%| E|CS|TAMS 0x000000008ea00000, 0x000000008ea00000| Complete 
| 235|0x000000008eb00000, 0x000000008ec00000, 0x000000008ec00000|100%| E|CS|TAMS 0x000000008eb00000, 0x000000008eb00000| Complete 
| 236|0x000000008ec00000, 0x000000008ed00000, 0x000000008ed00000|100%| E|CS|TAMS 0x000000008ec00000, 0x000000008ec00000| Complete 
| 237|0x000000008ed00000, 0x000000008ee00000, 0x000000008ee00000|100%| E|CS|TAMS 0x000000008ed00000, 0x000000008ed00000| Complete 
| 238|0x000000008ee00000, 0x000000008ef00000, 0x000000008ef00000|100%| E|CS|TAMS 0x000000008ee00000, 0x000000008ee00000| Complete 
| 239|0x000000008ef00000, 0x000000008f000000, 0x000000008f000000|100%| E|CS|TAMS 0x000000008ef00000, 0x000000008ef00000| Complete 
| 240|0x000000008f000000, 0x000000008f100000, 0x000000008f100000|100%| E|CS|TAMS 0x000000008f000000, 0x000000008f000000| Complete 
| 241|0x000000008f100000, 0x000000008f200000, 0x000000008f200000|100%| E|CS|TAMS 0x000000008f100000, 0x000000008f100000| Complete 
| 242|0x000000008f200000, 0x000000008f300000, 0x000000008f300000|100%| E|CS|TAMS 0x000000008f200000, 0x000000008f200000| Complete 
| 243|0x000000008f300000, 0x000000008f400000, 0x000000008f400000|100%| E|CS|TAMS 0x000000008f300000, 0x000000008f300000| Complete 
| 244|0x000000008f400000, 0x000000008f500000, 0x000000008f500000|100%| E|CS|TAMS 0x000000008f400000, 0x000000008f400000| Complete 
| 245|0x000000008f500000, 0x000000008f600000, 0x000000008f600000|100%| E|CS|TAMS 0x000000008f500000, 0x000000008f500000| Complete 
| 246|0x000000008f600000, 0x000000008f700000, 0x000000008f700000|100%| E|CS|TAMS 0x000000008f600000, 0x000000008f600000| Complete 
| 247|0x000000008f700000, 0x000000008f800000, 0x000000008f800000|100%| E|CS|TAMS 0x000000008f700000, 0x000000008f700000| Complete 
| 248|0x000000008f800000, 0x000000008f900000, 0x000000008f900000|100%| E|CS|TAMS 0x000000008f800000, 0x000000008f800000| Complete 
| 249|0x000000008f900000, 0x000000008fa00000, 0x000000008fa00000|100%| E|CS|TAMS 0x000000008f900000, 0x000000008f900000| Complete 
| 250|0x000000008fa00000, 0x000000008fb00000, 0x000000008fb00000|100%| E|CS|TAMS 0x000000008fa00000, 0x000000008fa00000| Complete 
| 251|0x000000008fb00000, 0x000000008fc00000, 0x000000008fc00000|100%| E|CS|TAMS 0x000000008fb00000, 0x000000008fb00000| Complete 
| 252|0x000000008fc00000, 0x000000008fd00000, 0x000000008fd00000|100%| E|CS|TAMS 0x000000008fc00000, 0x000000008fc00000| Complete 
| 253|0x000000008fd00000, 0x000000008fe00000, 0x000000008fe00000|100%| E|CS|TAMS 0x000000008fd00000, 0x000000008fd00000| Complete 
| 254|0x000000008fe00000, 0x000000008ff00000, 0x000000008ff00000|100%| E|CS|TAMS 0x000000008fe00000, 0x000000008fe00000| Complete 
| 255|0x000000008ff00000, 0x0000000090000000, 0x0000000090000000|100%| E|CS|TAMS 0x000000008ff00000, 0x000000008ff00000| Complete 

Card table byte_map: [0x0000029cbc040000,0x0000029cbc440000] _byte_map_base: 0x0000029cbbc40000

Marking Bits (Prev, Next): (CMBitMap*) 0x0000029ca6e9abb0, (CMBitMap*) 0x0000029ca6e9ab78
 Prev Bits: [0x0000029cbe840000, 0x0000029cc0840000)
 Next Bits: [0x0000029cbc840000, 0x0000029cbe840000)

Polling page: 0x0000029ca6f40000

Metaspace:

Usage:
  Non-class:     70.91 MB capacity,    69.46 MB ( 98%) used,     1.22 MB (  2%) free+waste,   238.13 KB ( <1%) overhead. 
      Class:     11.24 MB capacity,    10.44 MB ( 93%) used,   704.34 KB (  6%) free+waste,   109.31 KB ( <1%) overhead. 
       Both:     82.15 MB capacity,    79.90 MB ( 97%) used,     1.91 MB (  2%) free+waste,   347.44 KB ( <1%) overhead. 

Virtual space:
  Non-class space:       72.00 MB reserved,      70.95 MB ( 99%) committed 
      Class space:        1.00 GB reserved,      11.25 MB (  1%) committed 
             Both:        1.07 GB reserved,      82.20 MB (  7%) committed 

Chunk freelists:
   Non-Class:  40.00 KB
       Class:  11.00 KB
        Both:  51.00 KB

MaxMetaspaceSize: 17179869184.00 GB
CompressedClassSpaceSize: 1.00 GB

CodeHeap 'non-profiled nmethods': size=120000Kb used=5233Kb max_used=5233Kb free=114766Kb
 bounds [0x0000029cb3a90000, 0x0000029cb3fb0000, 0x0000029cbafc0000]
CodeHeap 'profiled nmethods': size=120000Kb used=19181Kb max_used=19181Kb free=100818Kb
 bounds [0x0000029cac560000, 0x0000029cad820000, 0x0000029cb3a90000]
CodeHeap 'non-nmethods': size=5760Kb used=2258Kb max_used=2304Kb free=3502Kb
 bounds [0x0000029cabfc0000, 0x0000029cac230000, 0x0000029cac560000]
 total_blobs=9934 nmethods=9085 adapters=760
 compilation: enabled
              stopped_count=0, restarted_count=0
 full_count=0

Compilation events (20 events):
Event: 7.490 Thread 0x0000029cc3e24800 9207       2       org.gradle.api.internal.tasks.properties.bean.RuntimeBeanNode::<init> (20 bytes)
Event: 7.491 Thread 0x0000029cc3e24800 nmethod 9207 0x0000029cad7e4b10 code [0x0000029cad7e4d00, 0x0000029cad7e51b8]
Event: 7.491 Thread 0x0000029cc3e24800 9208       2       org.gradle.api.internal.tasks.properties.AbstractPropertyNode::<init> (20 bytes)
Event: 7.491 Thread 0x0000029cc3e24800 nmethod 9208 0x0000029cad7e5390 code [0x0000029cad7e5540, 0x0000029cad7e5758]
Event: 7.491 Thread 0x0000029cc3e24800 9209       2       com.google.common.collect.Iterators::emptyIterator (4 bytes)
Event: 7.491 Thread 0x0000029cc3e24800 nmethod 9209 0x0000029cad7e5810 code [0x0000029cad7e59c0, 0x0000029cad7e5a98]
Event: 7.491 Thread 0x0000029cc3e24800 9210       2       java.util.stream.ReduceOps$3ReducingSink::accept (15 bytes)
Event: 7.491 Thread 0x0000029cc3e24800 nmethod 9210 0x0000029cad7e5b10 code [0x0000029cad7e5cc0, 0x0000029cad7e5de8]
Event: 7.493 Thread 0x0000029cc3e24800 9211       2       org.gradle.api.internal.attributes.DefaultImmutableAttributesFactory$$Lambda$247/0x0000000100534040::apply (8 bytes)
Event: 7.494 Thread 0x0000029cc3e24800 nmethod 9211 0x0000029cad7e5e90 code [0x0000029cad7e6040, 0x0000029cad7e6258]
Event: 7.494 Thread 0x0000029cc3e24800 9212       2       org.gradle.api.internal.attributes.DefaultImmutableAttributesFactory::lambda$doConcatIsolatable$0 (4 bytes)
Event: 7.494 Thread 0x0000029cc3e24800 nmethod 9212 0x0000029cad7e6390 code [0x0000029cad7e6540, 0x0000029cad7e66d8]
Event: 7.494 Thread 0x0000029cc3e24800 9213       2       org.gradle.internal.component.model.DefaultIvyArtifactName::equals (91 bytes)
Event: 7.495 Thread 0x0000029cc3e24800 nmethod 9213 0x0000029cad7e6790 code [0x0000029cad7e6980, 0x0000029cad7e6d18]
Event: 7.495 Thread 0x0000029cc3e24800 9214       2       com.android.build.gradle.internal.dependency.VariantDependencies$Companion$getComponentFilter$1::isSatisfiedBy (9 bytes)
Event: 7.495 Thread 0x0000029cc3e24800 nmethod 9214 0x0000029cad7e6f10 code [0x0000029cad7e70c0, 0x0000029cad7e7278]
Event: 7.496 Thread 0x0000029cc3e24800 9215       2       org.gradle.internal.operations.DefaultBuildOperationQueue$WorkerRunnable::run (22 bytes)
Event: 7.497 Thread 0x0000029cc3e24800 nmethod 9215 0x0000029cad7e7310 code [0x0000029cad7e74e0, 0x0000029cad7e7688]
Event: 7.497 Thread 0x0000029cc3e24800 9216       2       java.lang.String::regionMatches (150 bytes)
Event: 7.497 Thread 0x0000029cc3e24800 nmethod 9216 0x0000029cad7e7790 code [0x0000029cad7e7980, 0x0000029cad7e7c88]

GC Heap History (16 events):
Event: 0.610 GC heap before
{Heap before GC invocations=0 (full 0):
 garbage-first heap   total 262144K, used 29696K [0x0000000080000000, 0x0000000100000000)
  region size 1024K, 24 young (24576K), 0 survivors (0K)
 Metaspace       used 10419K, capacity 10695K, committed 11008K, reserved 1058816K
  class space    used 1092K, capacity 1161K, committed 1280K, reserved 1048576K
}
Event: 0.614 GC heap after
{Heap after GC invocations=1 (full 0):
 garbage-first heap   total 262144K, used 8831K [0x0000000080000000, 0x0000000100000000)
  region size 1024K, 3 young (3072K), 3 survivors (3072K)
 Metaspace       used 10419K, capacity 10695K, committed 11008K, reserved 1058816K
  class space    used 1092K, capacity 1161K, committed 1280K, reserved 1048576K
}
Event: 1.651 GC heap before
{Heap before GC invocations=1 (full 0):
 garbage-first heap   total 262144K, used 94847K [0x0000000080000000, 0x0000000100000000)
  region size 1024K, 88 young (90112K), 3 survivors (3072K)
 Metaspace       used 20577K, capacity 21103K, committed 21248K, reserved 1067008K
  class space    used 2525K, capacity 2712K, committed 2816K, reserved 1048576K
}
Event: 1.658 GC heap after
{Heap after GC invocations=2 (full 0):
 garbage-first heap   total 262144K, used 16169K [0x0000000080000000, 0x0000000100000000)
  region size 1024K, 11 young (11264K), 11 survivors (11264K)
 Metaspace       used 20577K, capacity 21103K, committed 21248K, reserved 1067008K
  class space    used 2525K, capacity 2712K, committed 2816K, reserved 1048576K
}
Event: 1.930 GC heap before
{Heap before GC invocations=3 (full 0):
 garbage-first heap   total 262144K, used 47913K [0x0000000080000000, 0x0000000100000000)
  region size 1024K, 43 young (44032K), 11 survivors (11264K)
 Metaspace       used 24278K, capacity 24930K, committed 25216K, reserved 1071104K
  class space    used 3114K, capacity 3331K, committed 3456K, reserved 1048576K
}
Event: 1.935 GC heap after
{Heap after GC invocations=4 (full 0):
 garbage-first heap   total 262144K, used 17665K [0x0000000080000000, 0x0000000100000000)
  region size 1024K, 2 young (2048K), 2 survivors (2048K)
 Metaspace       used 24278K, capacity 24930K, committed 25216K, reserved 1071104K
  class space    used 3114K, capacity 3331K, committed 3456K, reserved 1048576K
}
Event: 2.603 GC heap before
{Heap before GC invocations=4 (full 0):
 garbage-first heap   total 262144K, used 85249K [0x0000000080000000, 0x0000000100000000)
  region size 1024K, 69 young (70656K), 2 survivors (2048K)
 Metaspace       used 35055K, capacity 35753K, committed 35840K, reserved 1081344K
  class space    used 4562K, capacity 4856K, committed 4864K, reserved 1048576K
}
Event: 2.609 GC heap after
{Heap after GC invocations=5 (full 0):
 garbage-first heap   total 262144K, used 21292K [0x0000000080000000, 0x0000000100000000)
  region size 1024K, 6 young (6144K), 6 survivors (6144K)
 Metaspace       used 35055K, capacity 35753K, committed 35840K, reserved 1081344K
  class space    used 4562K, capacity 4856K, committed 4864K, reserved 1048576K
}
Event: 3.497 GC heap before
{Heap before GC invocations=6 (full 0):
 garbage-first heap   total 262144K, used 130860K [0x0000000080000000, 0x0000000100000000)
  region size 1024K, 110 young (112640K), 6 survivors (6144K)
 Metaspace       used 44108K, capacity 45202K, committed 45516K, reserved 1089536K
  class space    used 5680K, capacity 6041K, committed 6144K, reserved 1048576K
}
Event: 3.503 GC heap after
{Heap after GC invocations=7 (full 0):
 garbage-first heap   total 262144K, used 26514K [0x0000000080000000, 0x0000000100000000)
  region size 1024K, 11 young (11264K), 11 survivors (11264K)
 Metaspace       used 44108K, capacity 45202K, committed 45516K, reserved 1089536K
  class space    used 5680K, capacity 6041K, committed 6144K, reserved 1048576K
}
Event: 4.724 GC heap before
{Heap before GC invocations=7 (full 0):
 garbage-first heap   total 262144K, used 170898K [0x0000000080000000, 0x0000000100000000)
  region size 1024K, 150 young (153600K), 11 survivors (11264K)
 Metaspace       used 58600K, capacity 60072K, committed 60236K, reserved 1101824K
  class space    used 7439K, capacity 7939K, committed 8064K, reserved 1048576K
}
Event: 4.751 GC heap after
{Heap after GC invocations=8 (full 0):
 garbage-first heap   total 262144K, used 42732K [0x0000000080000000, 0x0000000100000000)
  region size 1024K, 20 young (20480K), 20 survivors (20480K)
 Metaspace       used 58600K, capacity 60072K, committed 60236K, reserved 1101824K
  class space    used 7439K, capacity 7939K, committed 8064K, reserved 1048576K
}
Event: 6.003 GC heap before
{Heap before GC invocations=9 (full 0):
 garbage-first heap   total 262144K, used 178924K [0x0000000080000000, 0x0000000100000000)
  region size 1024K, 153 young (156672K), 20 survivors (20480K)
 Metaspace       used 71608K, capacity 73266K, committed 73548K, reserved 1112064K
  class space    used 9420K, capacity 10003K, committed 10112K, reserved 1048576K
}
Event: 6.018 GC heap after
{Heap after GC invocations=10 (full 0):
 garbage-first heap   total 262144K, used 51117K [0x0000000080000000, 0x0000000100000000)
  region size 1024K, 10 young (10240K), 10 survivors (10240K)
 Metaspace       used 71608K, capacity 73266K, committed 73548K, reserved 1112064K
  class space    used 9420K, capacity 10003K, committed 10112K, reserved 1048576K
}
Event: 6.983 GC heap before
{Heap before GC invocations=10 (full 0):
 garbage-first heap   total 262144K, used 186285K [0x0000000080000000, 0x0000000100000000)
  region size 1024K, 143 young (146432K), 10 survivors (10240K)
 Metaspace       used 77318K, capacity 79531K, committed 79820K, reserved 1118208K
  class space    used 10134K, capacity 10950K, committed 11008K, reserved 1048576K
}
Event: 6.994 GC heap after
{Heap after GC invocations=11 (full 0):
 garbage-first heap   total 262144K, used 59753K [0x0000000080000000, 0x0000000100000000)
  region size 1024K, 18 young (18432K), 18 survivors (18432K)
 Metaspace       used 77318K, capacity 79531K, committed 79820K, reserved 1118208K
  class space    used 10134K, capacity 10950K, committed 11008K, reserved 1048576K
}

Deoptimization events (20 events):
Event: 7.345 Thread 0x0000029cc6158800 Uncommon trap: trap_request=0xffffff4d fr.pc=0x0000029cb3aa71dc relative=0x000000000000003c
Event: 7.345 Thread 0x0000029cc6158800 Uncommon trap: reason=unstable_if action=reinterpret pc=0x0000029cb3aa71dc method=sun.nio.fs.WindowsPathParser.isSlash(C)Z @ 9 c2
Event: 7.345 Thread 0x0000029cc6158800 DEOPT PACKING pc=0x0000029cb3aa71dc sp=0x000000bdaa7faed0
Event: 7.345 Thread 0x0000029cc6158800 DEOPT UNPACKING pc=0x0000029cabfe74af sp=0x000000bdaa7fae58 mode 2
Event: 7.369 Thread 0x0000029cc6158800 Uncommon trap: trap_request=0xffffff4d fr.pc=0x0000029cb3be5220 relative=0x0000000000000740
Event: 7.369 Thread 0x0000029cc6158800 Uncommon trap: reason=unstable_if action=reinterpret pc=0x0000029cb3be5220 method=java.lang.Integer.stringSize(I)I @ 3 c2
Event: 7.369 Thread 0x0000029cc6158800 DEOPT PACKING pc=0x0000029cb3be5220 sp=0x000000bdaa7fb520
Event: 7.369 Thread 0x0000029cc6158800 DEOPT UNPACKING pc=0x0000029cabfe74af sp=0x000000bdaa7fb480 mode 2
Event: 7.413 Thread 0x0000029cc82bd000 DEOPT PACKING pc=0x0000029cad753f9c sp=0x000000bda38fd630
Event: 7.413 Thread 0x0000029cc82bd000 DEOPT UNPACKING pc=0x0000029cabfe72ce sp=0x000000bda38fcbd0 mode 0
Event: 7.456 Thread 0x0000029cc82b2800 DEOPT PACKING pc=0x0000029cad753f9c sp=0x000000bda35fdac0
Event: 7.456 Thread 0x0000029cc82b2800 DEOPT UNPACKING pc=0x0000029cabfe72ce sp=0x000000bda35fd060 mode 0
Event: 7.468 Thread 0x0000029cc82b5000 DEOPT PACKING pc=0x0000029cad753f9c sp=0x000000bda30fd740
Event: 7.468 Thread 0x0000029cc82b5000 DEOPT UNPACKING pc=0x0000029cabfe72ce sp=0x000000bda30fcce0 mode 0
Event: 7.475 Thread 0x0000029cc82b6800 DEOPT PACKING pc=0x0000029cad753f9c sp=0x000000bda31fd490
Event: 7.475 Thread 0x0000029cc82b6800 DEOPT UNPACKING pc=0x0000029cabfe72ce sp=0x000000bda31fca30 mode 0
Event: 7.489 Thread 0x0000029cc615a800 Uncommon trap: trap_request=0xffffff4d fr.pc=0x0000029cb3ad8548 relative=0x00000000000004e8
Event: 7.489 Thread 0x0000029cc615a800 Uncommon trap: reason=unstable_if action=reinterpret pc=0x0000029cb3ad8548 method=java.lang.String.regionMatches(ZILjava/lang/String;II)Z @ 1 c2
Event: 7.489 Thread 0x0000029cc615a800 DEOPT PACKING pc=0x0000029cb3ad8548 sp=0x000000bdaa8fad00
Event: 7.489 Thread 0x0000029cc615a800 DEOPT UNPACKING pc=0x0000029cabfe74af sp=0x000000bdaa8facb0 mode 2

Classes redefined (0 events):
No events

Internal exceptions (20 events):
Event: 6.393 Thread 0x0000029cc6158800 Exception <a 'java/lang/NoSuchMethodError'{0x000000008e1aea08}: 'java.lang.Object java.lang.invoke.Invokers$Holder.linkToTargetMethod(java.lang.Object, java.lang.Object, java.lang.Object, java.lang.Object, java.lang.Object, java.lang.Object, java.lang.Object)'> (0x000000008e1aea08) thrown at [./src/hotspot/share/interpreter/linkResolver.cpp, line 773]
Event: 6.413 Thread 0x0000029cc82b0800 Exception <a 'java/lang/NoSuchMethodError'{0x000000008df7e2a8}: 'java.lang.Object java.lang.invoke.DirectMethodHandle$Holder.invokeSpecialIFC(java.lang.Object, java.lang.Object, java.lang.Object)'> (0x000000008df7e2a8) thrown at [./src/hotspot/share/interpreter/linkResolver.cpp, line 773]
Event: 6.413 Thread 0x0000029cc82bd000 Exception <a 'java/lang/NoSuchMethodError'{0x000000008dec06e0}: 'java.lang.Object java.lang.invoke.DirectMethodHandle$Holder.invokeSpecialIFC(java.lang.Object, java.lang.Object, java.lang.Object)'> (0x000000008dec06e0) thrown at [./src/hotspot/share/interpreter/linkResolver.cpp, line 773]
Event: 6.413 Thread 0x0000029cc82b4000 Exception <a 'java/lang/NoSuchMethodError'{0x000000008deec570}: 'java.lang.Object java.lang.invoke.DirectMethodHandle$Holder.invokeSpecialIFC(java.lang.Object, java.lang.Object, java.lang.Object)'> (0x000000008deec570) thrown at [./src/hotspot/share/interpreter/linkResolver.cpp, line 773]
Event: 6.413 Thread 0x0000029cc82b6800 Exception <a 'java/lang/NoSuchMethodError'{0x000000008dd80d78}: 'java.lang.Object java.lang.invoke.DirectMethodHandle$Holder.invokeSpecialIFC(java.lang.Object, java.lang.Object, java.lang.Object)'> (0x000000008dd80d78) thrown at [./src/hotspot/share/interpreter/linkResolver.cpp, line 773]
Event: 6.413 Thread 0x0000029cc82b5000 Exception <a 'java/lang/NoSuchMethodError'{0x000000008dd51cc8}: 'java.lang.Object java.lang.invoke.DirectMethodHandle$Holder.invokeSpecialIFC(java.lang.Object, java.lang.Object, java.lang.Object)'> (0x000000008dd51cc8) thrown at [./src/hotspot/share/interpreter/linkResolver.cpp, line 773]
Event: 6.413 Thread 0x0000029cc82b9800 Exception <a 'java/lang/NoSuchMethodError'{0x000000008de73f10}: 'java.lang.Object java.lang.invoke.DirectMethodHandle$Holder.invokeSpecialIFC(java.lang.Object, java.lang.Object, java.lang.Object)'> (0x000000008de73f10) thrown at [./src/hotspot/share/interpreter/linkResolver.cpp, line 773]
Event: 6.413 Thread 0x0000029cc82b3000 Exception <a 'java/lang/NoSuchMethodError'{0x000000008df48668}: 'java.lang.Object java.lang.invoke.DirectMethodHandle$Holder.invokeSpecialIFC(java.lang.Object, java.lang.Object, java.lang.Object)'> (0x000000008df48668) thrown at [./src/hotspot/share/interpreter/linkResolver.cpp, line 773]
Event: 6.413 Thread 0x0000029cc82b5800 Exception <a 'java/lang/NoSuchMethodError'{0x000000008dea3f50}: 'java.lang.Object java.lang.invoke.DirectMethodHandle$Holder.invokeSpecialIFC(java.lang.Object, java.lang.Object, java.lang.Object)'> (0x000000008dea3f50) thrown at [./src/hotspot/share/interpreter/linkResolver.cpp, line 773]
Event: 6.413 Thread 0x0000029cc82b7800 Exception <a 'java/lang/NoSuchMethodError'{0x000000008de42658}: 'java.lang.Object java.lang.invoke.DirectMethodHandle$Holder.invokeSpecialIFC(java.lang.Object, java.lang.Object, java.lang.Object)'> (0x000000008de42658) thrown at [./src/hotspot/share/interpreter/linkResolver.cpp, line 773]
Event: 6.413 Thread 0x0000029cc82b9000 Exception <a 'java/lang/NoSuchMethodError'{0x000000008dfd7230}: 'java.lang.Object java.lang.invoke.DirectMethodHandle$Holder.invokeSpecialIFC(java.lang.Object, java.lang.Object, java.lang.Object)'> (0x000000008dfd7230) thrown at [./src/hotspot/share/interpreter/linkResolver.cpp, line 773]
Event: 6.761 Thread 0x0000029cc6158800 Exception <a 'java/lang/NoSuchMethodError'{0x000000008923d558}: <clinit>> (0x000000008923d558) thrown at [./src/hotspot/share/prims/jni.cpp, line 1362]
Event: 6.808 Thread 0x0000029cc6158800 Exception <a 'java/lang/NoSuchMethodError'{0x00000000889c1708}: 'java.lang.Object java.lang.invoke.DirectMethodHandle$Holder.invokeSpecial(java.lang.Object, java.lang.Object, int, java.lang.Object, java.lang.Object)'> (0x00000000889c1708) thrown at [./src/hotspot/share/interpreter/linkResolver.cpp, line 773]
Event: 6.809 Thread 0x0000029cc6158800 Exception <a 'java/lang/NoSuchMethodError'{0x00000000889c9c98}: 'java.lang.Object java.lang.invoke.DirectMethodHandle$Holder.invokeStatic(java.lang.Object, java.lang.Object, int, java.lang.Object)'> (0x00000000889c9c98) thrown at [./src/hotspot/share/interpreter/linkResolver.cpp, line 773]
Event: 6.809 Thread 0x0000029cc6158800 Exception <a 'java/lang/NoSuchMethodError'{0x00000000889cd990}: 'java.lang.Object java.lang.invoke.Invokers$Holder.linkToTargetMethod(java.lang.Object, int, java.lang.Object, java.lang.Object)'> (0x00000000889cd990) thrown at [./src/hotspot/share/interpreter/linkResolver.cpp, line 773]
Event: 6.811 Thread 0x0000029cc6158800 Exception <a 'java/lang/NoSuchMethodError'{0x00000000889e4458}: 'void java.lang.invoke.DirectMethodHandle$Holder.invokeVirtual(java.lang.Object, java.lang.Object)'> (0x00000000889e4458) thrown at [./src/hotspot/share/interpreter/linkResolver.cpp, line 773]
Event: 7.095 Thread 0x0000029cc6adb800 Exception <a 'java/lang/NoSuchMethodError'{0x000000008f52cbc0}: <clinit>> (0x000000008f52cbc0) thrown at [./src/hotspot/share/prims/jni.cpp, line 1362]
Event: 7.427 Thread 0x0000029cc615a800 Exception <a 'java/lang/NoSuchMethodError'{0x000000008c77c060}: 'void java.lang.invoke.DirectMethodHandle$Holder.invokeStatic(java.lang.Object, java.lang.Object, java.lang.Object, java.lang.Object, int, java.lang.Object)'> (0x000000008c77c060) thrown at [./src/hotspot/share/interpreter/linkResolver.cpp, line 773]
Event: 7.488 Thread 0x0000029cc615a800 Exception <a 'sun/nio/fs/WindowsException'{0x000000008b864550}> (0x000000008b864550) thrown at [./src/hotspot/share/prims/jni.cpp, line 615]
Event: 7.488 Thread 0x0000029cc615a800 Exception <a 'sun/nio/fs/WindowsException'{0x000000008b8656e0}> (0x000000008b8656e0) thrown at [./src/hotspot/share/prims/jni.cpp, line 615]

Events (20 events):
Event: 7.487 loading class org/gradle/internal/snapshot/SnapshottingFilter
Event: 7.487 loading class org/gradle/internal/snapshot/SnapshottingFilter done
Event: 7.487 loading class org/gradle/internal/vfs/impl/DefaultFileSystemAccess
Event: 7.487 loading class org/gradle/internal/vfs/impl/DefaultFileSystemAccess done
Event: 7.487 loading class org/gradle/api/specs/Spec
Event: 7.487 loading class org/gradle/api/specs/Spec done
Event: 7.487 loading class org/gradle/internal/fingerprint/impl/PatternSetSnapshottingFilter
Event: 7.487 loading class org/gradle/internal/fingerprint/impl/PatternSetSnapshottingFilter done
Event: 7.488 loading class org/gradle/internal/snapshot/SnapshottingFilter$DirectoryWalkerPredicate
Event: 7.488 loading class org/gradle/internal/snapshot/SnapshottingFilter$DirectoryWalkerPredicate done
Event: 7.488 loading class java/nio/file/FileSystemLoopException
Event: 7.488 loading class java/nio/file/FileSystemLoopException done
Event: 7.488 loading class org/gradle/internal/fingerprint/impl/PatternSetSnapshottingFilter$PathBackedFileTreeElement
Event: 7.488 loading class org/gradle/internal/fingerprint/impl/PatternSetSnapshottingFilter$PathBackedFileTreeElement done
Event: 7.489 loading class org/gradle/api/tasks/util/internal/CachingPatternSpecFactory$CachingSpec$1
Event: 7.489 loading class org/gradle/api/tasks/util/internal/CachingPatternSpecFactory$CachingSpec$1 done
Event: 7.489 loading class org/gradle/internal/snapshot/CompleteFileSystemLocationSnapshot
Event: 7.489 loading class org/gradle/internal/snapshot/CompleteFileSystemLocationSnapshot done
Event: 7.489 loading class org/gradle/internal/snapshot/CompleteFileSystemLocationSnapshot
Event: 7.489 loading class org/gradle/internal/snapshot/CompleteFileSystemLocationSnapshot done


Dynamic libraries:
0x00007ff664fb0000 - 0x00007ff664fba000 	C:\Program Files\Android\Android Studio\jre\bin\java.exe
0x00007ffa2a370000 - 0x00007ffa2a565000 	C:\WINDOWS\SYSTEM32\ntdll.dll
0x00007ffa28910000 - 0x00007ffa289cd000 	C:\WINDOWS\System32\KERNEL32.DLL
0x00007ffa27ab0000 - 0x00007ffa27d78000 	C:\WINDOWS\System32\KERNELBASE.dll
0x00007ffa28080000 - 0x00007ffa28180000 	C:\WINDOWS\System32\ucrtbase.dll
0x00007ffa0ccf0000 - 0x00007ffa0cd09000 	C:\Program Files\Android\Android Studio\jre\bin\jli.dll
0x00007ffa0ccd0000 - 0x00007ffa0cce7000 	C:\Program Files\Android\Android Studio\jre\bin\VCRUNTIME140.dll
0x00007ffa2a0e0000 - 0x00007ffa2a280000 	C:\WINDOWS\System32\USER32.dll
0x00007ffa283b0000 - 0x00007ffa283d2000 	C:\WINDOWS\System32\win32u.dll
0x00007ffa18060000 - 0x00007ffa182fa000 	C:\WINDOWS\WinSxS\amd64_microsoft.windows.common-controls_6595b64144ccf1df_6.0.19041.1052_none_60b8f8fd71f5e8cb\COMCTL32.dll
0x00007ffa28b80000 - 0x00007ffa28baa000 	C:\WINDOWS\System32\GDI32.dll
0x00007ffa297f0000 - 0x00007ffa2988e000 	C:\WINDOWS\System32\msvcrt.dll
0x00007ffa27f70000 - 0x00007ffa2807b000 	C:\WINDOWS\System32\gdi32full.dll
0x00007ffa28180000 - 0x00007ffa2821d000 	C:\WINDOWS\System32\msvcp_win.dll
0x00007ffa2a0b0000 - 0x00007ffa2a0e0000 	C:\WINDOWS\System32\IMM32.DLL
0x00007ff9f5610000 - 0x00007ff9f56ad000 	C:\Program Files\Android\Android Studio\jre\bin\msvcp140.dll
0x00007ff9e8cf0000 - 0x00007ff9e97ac000 	C:\Program Files\Android\Android Studio\jre\bin\server\jvm.dll
0x00007ffa29660000 - 0x00007ffa2970c000 	C:\WINDOWS\System32\ADVAPI32.dll
0x00007ffa28870000 - 0x00007ffa2890b000 	C:\WINDOWS\System32\sechost.dll
0x00007ffa299d0000 - 0x00007ffa29afb000 	C:\WINDOWS\System32\RPCRT4.dll
0x00007ffa28440000 - 0x00007ffa28448000 	C:\WINDOWS\System32\PSAPI.DLL
0x00007ffa03200000 - 0x00007ffa03209000 	C:\WINDOWS\SYSTEM32\WSOCK32.dll
0x00007ffa215d0000 - 0x00007ffa215da000 	C:\WINDOWS\SYSTEM32\VERSION.dll
0x00007ffa184b0000 - 0x00007ffa184d7000 	C:\WINDOWS\SYSTEM32\WINMM.dll
0x00007ffa2a040000 - 0x00007ffa2a0ab000 	C:\WINDOWS\System32\WS2_32.dll
0x00007ffa25a20000 - 0x00007ffa25a32000 	C:\WINDOWS\SYSTEM32\kernel.appcore.dll
0x00007ffa1ea00000 - 0x00007ffa1ea11000 	C:\Program Files\Android\Android Studio\jre\bin\verify.dll
0x00007ffa131f0000 - 0x00007ffa133d4000 	C:\WINDOWS\SYSTEM32\DBGHELP.DLL
0x00007ffa12e40000 - 0x00007ffa12e6c000 	C:\WINDOWS\SYSTEM32\dbgcore.DLL
0x00007ffa27d80000 - 0x00007ffa27e03000 	C:\WINDOWS\System32\bcryptPrimitives.dll
0x00007ffa0b3a0000 - 0x00007ffa0b3c9000 	C:\Program Files\Android\Android Studio\jre\bin\java.dll
0x00007ffa204d0000 - 0x00007ffa204db000 	C:\Program Files\Android\Android Studio\jre\bin\jimage.dll
0x00007ffa15a20000 - 0x00007ffa15a38000 	C:\Program Files\Android\Android Studio\jre\bin\zip.dll
0x00007ffa28d80000 - 0x00007ffa294bf000 	C:\WINDOWS\System32\SHELL32.dll
0x00007ffa25c20000 - 0x00007ffa263b0000 	C:\WINDOWS\SYSTEM32\windows.storage.dll
0x00007ffa28510000 - 0x00007ffa28865000 	C:\WINDOWS\System32\combase.dll
0x00007ffa27450000 - 0x00007ffa2747c000 	C:\WINDOWS\SYSTEM32\Wldp.dll
0x00007ffa295b0000 - 0x00007ffa2965e000 	C:\WINDOWS\System32\SHCORE.dll
0x00007ffa284b0000 - 0x00007ffa28505000 	C:\WINDOWS\System32\shlwapi.dll
0x00007ffa279f0000 - 0x00007ffa27a0f000 	C:\WINDOWS\SYSTEM32\profapi.dll
0x00007ffa15620000 - 0x00007ffa1563a000 	C:\Program Files\Android\Android Studio\jre\bin\net.dll
0x00007ffa1f1a0000 - 0x00007ffa1f2ab000 	C:\WINDOWS\SYSTEM32\WINHTTP.dll
0x00007ffa271c0000 - 0x00007ffa2722a000 	C:\WINDOWS\system32\mswsock.dll
0x00007ffa0fce0000 - 0x00007ffa0fcf4000 	C:\Program Files\Android\Android Studio\jre\bin\nio.dll
0x00007ff9fa670000 - 0x00007ff9fa696000 	C:\Users\khang\.gradle\native\fdc75f09e3144964f2cf3f50f0aa648679c211496f362492102eb8c894070792\windows-amd64\native-platform.dll
0x00007ff9edcc0000 - 0x00007ff9ede51000 	C:\Users\khang\.gradle\native\12488b8bf47d2d4c9fbf2f6322a914ad602e24e48041cd04a747c6da556b65c4\windows-amd64\native-platform-file-events.dll
0x00007ffa1f860000 - 0x00007ffa1f86a000 	C:\Program Files\Android\Android Studio\jre\bin\management.dll
0x00007ffa1ed60000 - 0x00007ffa1ed6c000 	C:\Program Files\Android\Android Studio\jre\bin\management_ext.dll
0x00007ffa27390000 - 0x00007ffa273a8000 	C:\WINDOWS\SYSTEM32\CRYPTSP.dll
0x00007ffa26b60000 - 0x00007ffa26b94000 	C:\WINDOWS\system32\rsaenh.dll
0x00007ffa28220000 - 0x00007ffa28247000 	C:\WINDOWS\System32\bcrypt.dll
0x00007ffa27970000 - 0x00007ffa2799e000 	C:\WINDOWS\SYSTEM32\USERENV.dll
0x00007ffa273b0000 - 0x00007ffa273bc000 	C:\WINDOWS\SYSTEM32\CRYPTBASE.dll
0x00007ffa26eb0000 - 0x00007ffa26eeb000 	C:\WINDOWS\SYSTEM32\IPHLPAPI.DLL
0x00007ffa28bb0000 - 0x00007ffa28bb8000 	C:\WINDOWS\System32\NSI.dll
0x00007ffa21b30000 - 0x00007ffa21b47000 	C:\WINDOWS\SYSTEM32\dhcpcsvc6.DLL
0x00007ffa21ab0000 - 0x00007ffa21acd000 	C:\WINDOWS\SYSTEM32\dhcpcsvc.DLL
0x00007ffa26ef0000 - 0x00007ffa26fbc000 	C:\WINDOWS\SYSTEM32\DNSAPI.dll
0x00007ffa21950000 - 0x00007ffa2195b000 	C:\WINDOWS\SYSTEM32\WINNSI.DLL

dbghelp: loaded successfully - version: 4.0.5 - missing functions: none
symbol engine: initialized successfully - sym options: 0x614 - pdb path: .;C:\Program Files\Android\Android Studio\jre\bin;C:\WINDOWS\SYSTEM32;C:\WINDOWS\WinSxS\amd64_microsoft.windows.common-controls_6595b64144ccf1df_6.0.19041.1052_none_60b8f8fd71f5e8cb;C:\Program Files\Android\Android Studio\jre\bin\server;C:\Users\khang\.gradle\native\fdc75f09e3144964f2cf3f50f0aa648679c211496f362492102eb8c894070792\windows-amd64;C:\Users\khang\.gradle\native\12488b8bf47d2d4c9fbf2f6322a914ad602e24e48041cd04a747c6da556b65c4\windows-amd64

VM Arguments:
jvm_args: --add-opens=java.base/java.util=ALL-UNNAMED --add-opens=java.base/java.lang=ALL-UNNAMED --add-opens=java.base/java.lang.invoke=ALL-UNNAMED --add-opens=java.prefs/java.util.prefs=ALL-UNNAMED -Xmx2048m -Dfile.encoding=UTF-8 -Duser.country=KR -Duser.language=ko -Duser.variant 
java_command: org.gradle.launcher.daemon.bootstrap.GradleDaemon 6.7.1
java_class_path (initial): C:\Users\khang\.gradle\wrapper\dists\gradle-6.7.1-bin\bwlcbys1h7rz3272sye1xwiv6\gradle-6.7.1\lib\gradle-launcher-6.7.1.jar
Launcher Type: SUN_STANDARD

[Global flags]
     intx CICompilerCount                          = 4                                         {product} {ergonomic}
     uint ConcGCThreads                            = 3                                         {product} {ergonomic}
     uint G1ConcRefinementThreads                  = 10                                        {product} {ergonomic}
   size_t G1HeapRegionSize                         = 1048576                                   {product} {ergonomic}
    uintx GCDrainStackTargetSize                   = 64                                        {product} {ergonomic}
   size_t InitialHeapSize                          = 268435456                                 {product} {ergonomic}
   size_t MarkStackSize                            = 4194304                                   {product} {ergonomic}
   size_t MaxHeapSize                              = 2147483648                                {product} {command line}
   size_t MaxNewSize                               = 1287651328                                {product} {ergonomic}
   size_t MinHeapDeltaBytes                        = 1048576                                   {product} {ergonomic}
    uintx NonNMethodCodeHeapSize                   = 5836300                                {pd product} {ergonomic}
    uintx NonProfiledCodeHeapSize                  = 122910970                              {pd product} {ergonomic}
    uintx ProfiledCodeHeapSize                     = 122910970                              {pd product} {ergonomic}
    uintx ReservedCodeCacheSize                    = 251658240                              {pd product} {ergonomic}
     bool SegmentedCodeCache                       = true                                      {product} {ergonomic}
     bool UseCompressedClassPointers               = true                                 {lp64_product} {ergonomic}
     bool UseCompressedOops                        = true                                 {lp64_product} {ergonomic}
     bool UseG1GC                                  = true                                      {product} {ergonomic}
     bool UseLargePagesIndividualAllocation        = false                                  {pd product} {ergonomic}

Logging:
Log output configuration:
 #0: stdout all=warning uptime,level,tags
 #1: stderr all=off uptime,level,tags

Environment Variables:
PATH=C:\Python39\Scripts\;C:\Python39\;D:\app\khangyul\product\12.1.0\dbhome_2\bin;D:\app\khangyul\yul\product\12.1.0\dbhome_1\bin;D:\app\khangyul\product\12.1.0\dbhome_1\bin;D:\app\khangyul\product\12.2.0\dbhome_1\bin;C:\oraclexe\app\oracle\product\11.2.0\server\bin;;C:\WINDOWS\system32;C:\WINDOWS;C:\WINDOWS\System32\Wbem;C:\WINDOWS\System32\WindowsPowerShell\v1.0\;C:\WINDOWS\System32\OpenSSH\;C:\Program Files\NVIDIA Corporation\NVIDIA NvDLISR;D:\Git\cmd;D:\nodejs\;C:\ProgramData\chocolatey\bin;D:\Brackets\command;C:\Users\khang\anaconda3;C:\Users\khang\anaconda3\Library\mingw-w64\bin;C:\Users\khang\anaconda3\Library\usr\bin;C:\Users\khang\anaconda3\Library\bin;C:\Users\khang\anaconda3\Scripts;C:\Users\khang\AppData\Local\Programs\Python\Python39\Scripts\;C:\Users\khang\AppData\Local\Programs\Python\Python39\;C:\Users\khang\AppData\Local\Microsoft\WindowsApps;D:\Bandizip\;C:\Users\khang\AppData\Roaming\npm;C:\Program Files\JetBrains\PyCharm Community Edition 2020.3.4\bin;
USERNAME=khang
OS=Windows_NT
PROCESSOR_IDENTIFIER=AMD64 Family 23 Model 1 Stepping 1, AuthenticAMD



---------------  S Y S T E M  ---------------

OS: Windows 10 , 64 bit Build 19041 (10.0.19041.1023)
OS uptime: 8 days 6:48 hours

CPU:total 12 (initial active 12) (12 cores per cpu, 2 threads per core) family 23 model 1 stepping 1, cmov, cx8, fxsr, mmx, sse, sse2, sse3, ssse3, sse4.1, sse4.2, popcnt, avx, avx2, aes, clmul, mmxext, 3dnowpref, lzcnt, sse4a, ht, tsc, tscinvbit, tscinv, bmi1, bmi2, adx, sha, fma

Memory: 4k page, system-wide physical 16335M (5333M free)
TotalPageFile size 65487M (AvailPageFile size 5M)
current process WorkingSet (physical memory assigned to process): 467M, peak: 467M
current process commit charge ("private bytes"): 555M, peak: 556M

vm_info: OpenJDK 64-Bit Server VM (11.0.8+10-b944.6842174) for windows-amd64 JRE (11.0.8+10-b944.6842174), built on Sep 19 2020 01:11:42 by "builder" with MS VC++ 14.0 (VS2015)

END.
